2017-09-16 18:44:39,724 INFO o.a.j.u.JMeterUtils: Setting Locale to en
2017-09-16 18:44:39,770 INFO o.a.j.JMeter: Loading user properties from: C:\Program Files\Apache-JMeter\apache-jmeter-3.2\bin\user.properties
2017-09-16 18:44:39,789 INFO o.a.j.JMeter: Loading system properties from: C:\Program Files\Apache-JMeter\apache-jmeter-3.2\bin\system.properties
2017-09-16 18:44:39,810 INFO o.a.j.JMeter: Copyright (c) 1998-2017 The Apache Software Foundation
2017-09-16 18:44:39,810 INFO o.a.j.JMeter: Version 3.2 r1790748
2017-09-16 18:44:39,810 INFO o.a.j.JMeter: java.version=1.8.0_144
2017-09-16 18:44:39,810 INFO o.a.j.JMeter: java.vm.name=Java HotSpot(TM) 64-Bit Server VM
2017-09-16 18:44:39,810 INFO o.a.j.JMeter: os.name=Windows 10
2017-09-16 18:44:39,811 INFO o.a.j.JMeter: os.arch=amd64
2017-09-16 18:44:39,811 INFO o.a.j.JMeter: os.version=10.0
2017-09-16 18:44:39,811 INFO o.a.j.JMeter: file.encoding=UTF-8
2017-09-16 18:44:39,811 INFO o.a.j.JMeter: Max memory     =536870912
2017-09-16 18:44:39,811 INFO o.a.j.JMeter: Available Processors =8
2017-09-16 18:44:39,832 INFO o.a.j.JMeter: Default Locale=русский (Россия)
2017-09-16 18:44:39,832 INFO o.a.j.JMeter: JMeter  Locale=английский
2017-09-16 18:44:39,833 INFO o.a.j.JMeter: JMeterHome=C:\Program Files\Apache-JMeter\apache-jmeter-3.2
2017-09-16 18:44:39,833 INFO o.a.j.JMeter: user.dir  =F:\Work\Automation\Projects\qa-automation\Dmitry_Ryvkov\projects\fituportal\image_controller
2017-09-16 18:44:39,833 INFO o.a.j.JMeter: PWD       =F:\Work\Automation\Projects\qa-automation\Dmitry_Ryvkov\projects\fituportal\image_controller
2017-09-16 18:44:39,834 INFO o.a.j.JMeter: IP: 192.168.0.109 Name: DESKTOP-HJIGDH8 FullName: DESKTOP-HJIGDH8
2017-09-16 18:44:40,606 INFO o.a.j.g.a.LookAndFeelCommand: Using look and feel: javax.swing.plaf.metal.MetalLookAndFeel [Metal, CrossPlatform]
2017-09-16 18:44:40,618 INFO o.a.j.JMeter: Loaded icon properties from org/apache/jmeter/images/icon.properties
2017-09-16 18:44:41,843 INFO o.a.j.e.u.CompoundVariable: Note: Function class names must contain the string: '.functions.'
2017-09-16 18:44:41,843 INFO o.a.j.e.u.CompoundVariable: Note: Function class names must not contain the string: '.gui.'
2017-09-16 18:44:42,731 WARN o.j.r.PluginManagerMenuCreator: Was unable to install pmgr cmdline tool
java.nio.file.AccessDeniedException: C:\Program Files\Apache-JMeter\apache-jmeter-3.2\bin\PluginsManagerCMD.bat
	at sun.nio.fs.WindowsException.translateToIOException(Unknown Source) ~[?:1.8.0_144]
	at sun.nio.fs.WindowsException.rethrowAsIOException(Unknown Source) ~[?:1.8.0_144]
	at sun.nio.fs.WindowsException.rethrowAsIOException(Unknown Source) ~[?:1.8.0_144]
	at sun.nio.fs.WindowsFileSystemProvider.implDelete(Unknown Source) ~[?:1.8.0_144]
	at sun.nio.fs.AbstractFileSystemProvider.deleteIfExists(Unknown Source) ~[?:1.8.0_144]
	at java.nio.file.Files.deleteIfExists(Unknown Source) ~[?:1.8.0_144]
	at java.nio.file.Files.copy(Unknown Source) ~[?:1.8.0_144]
	at org.jmeterplugins.repository.PluginManagerCMDInstaller.writeOut(PluginManagerCMDInstaller.java:24) ~[jmeter-plugins-manager-0.13.jar:?]
	at org.jmeterplugins.repository.PluginManagerCMDInstaller.main(PluginManagerCMDInstaller.java:12) ~[jmeter-plugins-manager-0.13.jar:?]
	at org.jmeterplugins.repository.PluginManagerMenuCreator.getMenuItemsAtLocation(PluginManagerMenuCreator.java:16) [jmeter-plugins-manager-0.13.jar:?]
	at org.apache.jmeter.gui.util.JMeterMenuBar.addPluginsMenuItems(JMeterMenuBar.java:594) [ApacheJMeter_core.jar:3.2 r1790748]
	at org.apache.jmeter.gui.util.JMeterMenuBar.makeOptionsMenu(JMeterMenuBar.java:370) [ApacheJMeter_core.jar:3.2 r1790748]
	at org.apache.jmeter.gui.util.JMeterMenuBar.createMenuBar(JMeterMenuBar.java:268) [ApacheJMeter_core.jar:3.2 r1790748]
	at org.apache.jmeter.gui.util.JMeterMenuBar.<init>(JMeterMenuBar.java:164) [ApacheJMeter_core.jar:3.2 r1790748]
	at org.apache.jmeter.gui.MainFrame.init(MainFrame.java:510) [ApacheJMeter_core.jar:3.2 r1790748]
	at org.apache.jmeter.gui.MainFrame.<init>(MainFrame.java:240) [ApacheJMeter_core.jar:3.2 r1790748]
	at org.apache.jmeter.JMeter.startGui(JMeter.java:375) [ApacheJMeter_core.jar:3.2 r1790748]
	at org.apache.jmeter.JMeter.start(JMeter.java:519) [ApacheJMeter_core.jar:3.2 r1790748]
	at sun.reflect.NativeMethodAccessorImpl.invoke0(Native Method) ~[?:1.8.0_144]
	at sun.reflect.NativeMethodAccessorImpl.invoke(Unknown Source) ~[?:1.8.0_144]
	at sun.reflect.DelegatingMethodAccessorImpl.invoke(Unknown Source) ~[?:1.8.0_144]
	at java.lang.reflect.Method.invoke(Unknown Source) ~[?:1.8.0_144]
	at org.apache.jmeter.NewDriver.main(NewDriver.java:248) [ApacheJMeter.jar:3.2 r1790748]
2017-09-16 18:44:48,127 WARN o.j.r.Plugin: Unable to load class: com.atlantbh.jmeter.plugins.oauth.OAuthSampler
java.lang.NoClassDefFoundError: org/apache/jmeter/protocol/http/sampler/HTTPSampler2
	at java.lang.ClassLoader.defineClass1(Native Method) ~[?:1.8.0_144]
	at java.lang.ClassLoader.defineClass(Unknown Source) ~[?:1.8.0_144]
	at java.security.SecureClassLoader.defineClass(Unknown Source) ~[?:1.8.0_144]
	at java.net.URLClassLoader.defineClass(Unknown Source) ~[?:1.8.0_144]
	at java.net.URLClassLoader.access$100(Unknown Source) ~[?:1.8.0_144]
	at java.net.URLClassLoader$1.run(Unknown Source) ~[?:1.8.0_144]
	at java.net.URLClassLoader$1.run(Unknown Source) ~[?:1.8.0_144]
	at java.security.AccessController.doPrivileged(Native Method) ~[?:1.8.0_144]
	at java.net.URLClassLoader.findClass(Unknown Source) ~[?:1.8.0_144]
	at java.lang.ClassLoader.loadClass(Unknown Source) ~[?:1.8.0_144]
	at java.lang.ClassLoader.loadClass(Unknown Source) ~[?:1.8.0_144]
	at org.jmeterplugins.repository.Plugin.getJARPath(Plugin.java:181) [jmeter-plugins-manager-0.13.jar:?]
	at org.jmeterplugins.repository.Plugin.detectInstalledPlugin(Plugin.java:95) [jmeter-plugins-manager-0.13.jar:?]
	at org.jmeterplugins.repository.Plugin.detectInstalled(Plugin.java:84) [jmeter-plugins-manager-0.13.jar:?]
	at org.jmeterplugins.repository.PluginManager.load(PluginManager.java:61) [jmeter-plugins-manager-0.13.jar:?]
	at org.jmeterplugins.repository.PluginManagerMenuItem.<init>(PluginManagerMenuItem.java:28) [jmeter-plugins-manager-0.13.jar:?]
	at org.jmeterplugins.repository.PluginManagerMenuCreator.getMenuItemsAtLocation(PluginManagerMenuCreator.java:22) [jmeter-plugins-manager-0.13.jar:?]
	at org.apache.jmeter.gui.util.JMeterMenuBar.addPluginsMenuItems(JMeterMenuBar.java:594) [ApacheJMeter_core.jar:3.2 r1790748]
	at org.apache.jmeter.gui.util.JMeterMenuBar.makeOptionsMenu(JMeterMenuBar.java:370) [ApacheJMeter_core.jar:3.2 r1790748]
	at org.apache.jmeter.gui.util.JMeterMenuBar.createMenuBar(JMeterMenuBar.java:268) [ApacheJMeter_core.jar:3.2 r1790748]
	at org.apache.jmeter.gui.util.JMeterMenuBar.<init>(JMeterMenuBar.java:164) [ApacheJMeter_core.jar:3.2 r1790748]
	at org.apache.jmeter.gui.MainFrame.init(MainFrame.java:510) [ApacheJMeter_core.jar:3.2 r1790748]
	at org.apache.jmeter.gui.MainFrame.<init>(MainFrame.java:240) [ApacheJMeter_core.jar:3.2 r1790748]
	at org.apache.jmeter.JMeter.startGui(JMeter.java:375) [ApacheJMeter_core.jar:3.2 r1790748]
	at org.apache.jmeter.JMeter.start(JMeter.java:519) [ApacheJMeter_core.jar:3.2 r1790748]
	at sun.reflect.NativeMethodAccessorImpl.invoke0(Native Method) ~[?:1.8.0_144]
	at sun.reflect.NativeMethodAccessorImpl.invoke(Unknown Source) ~[?:1.8.0_144]
	at sun.reflect.DelegatingMethodAccessorImpl.invoke(Unknown Source) ~[?:1.8.0_144]
	at java.lang.reflect.Method.invoke(Unknown Source) ~[?:1.8.0_144]
	at org.apache.jmeter.NewDriver.main(NewDriver.java:248) [ApacheJMeter.jar:3.2 r1790748]
Caused by: java.lang.ClassNotFoundException: org.apache.jmeter.protocol.http.sampler.HTTPSampler2
	at java.net.URLClassLoader.findClass(Unknown Source) ~[?:1.8.0_144]
	at java.lang.ClassLoader.loadClass(Unknown Source) ~[?:1.8.0_144]
	at java.lang.ClassLoader.loadClass(Unknown Source) ~[?:1.8.0_144]
	... 30 more
2017-09-16 18:44:48,491 INFO o.j.r.PluginManager: Plugins Status: [jpgc-graphs-basic=2.0, jpgc-graphs-additional=2.0, jpgc-sense=3.0, jpgc-cmd=2.1, jpgc-graphs-composite=2.0, jpgc-csl=0.1, jpgc-functions=2.0, jpgc-casutg=2.1, jpgc-graphs-dist=2.0, jpgc-dummy=0.2, jpgc-filterresults=2.1, jpgc-ffw=2.0, jpgc-ggl=2.0, jpgc-sts=2.2, jpgc-fifo=0.2, jpgc-jms=0.2, jpgc-json=2.6, jpgc-graphs-vs=2.0, jpgc-mergeresults=2.1, jpgc-prmctl=0.3, jpgc-perfmon=2.1, jpgc-plugins-manager=0.13, jpgc-redis=0.2, jpgc-rotating-listener=0.1, jpgc-synthesis=2.1, jpgc-plancheck=2.2, jpgc-tst=2.1, jpgc-csvars=0.1, jpgc-wsc=0.2, jpgc-xml=0.1, jmeter-core=3.2, jmeter-ftp=3.2, jmeter-http=3.2, jmeter-jdbc=3.2, jmeter-jms=3.2, jmeter-junit=3.2, jmeter-java=3.2, jmeter-ldap=3.2, jmeter-mail=3.2, jmeter-mongodb=3.2, jmeter-native=3.2, jmeter-tcp=3.2, jmeter-components=3.2, jpgc-standard=2.0]
2017-09-16 18:44:50,639 WARN o.a.j.g.ObjectTableModel: Header count=13 but classes count=11
2017-09-16 18:44:50,640 WARN o.a.j.g.ObjectTableModel: Header count=13 but writeFunctor count=11
2017-09-16 18:44:51,055 INFO o.a.j.g.u.MenuFactory: Skipping org.apache.jmeter.assertions.BSFAssertion
2017-09-16 18:44:51,659 INFO o.a.j.g.u.MenuFactory: Skipping org.apache.jmeter.extractor.BSFPostProcessor
2017-09-16 18:44:51,703 INFO o.a.j.g.u.MenuFactory: Skipping org.apache.jmeter.modifiers.BSFPreProcessor
2017-09-16 18:44:51,750 INFO o.a.j.p.h.s.HTTPSamplerBase: Parser for text/html is org.apache.jmeter.protocol.http.parser.LagartoBasedHtmlParser
2017-09-16 18:44:51,750 INFO o.a.j.p.h.s.HTTPSamplerBase: Parser for application/xhtml+xml is org.apache.jmeter.protocol.http.parser.LagartoBasedHtmlParser
2017-09-16 18:44:51,751 INFO o.a.j.p.h.s.HTTPSamplerBase: Parser for application/xml is org.apache.jmeter.protocol.http.parser.LagartoBasedHtmlParser
2017-09-16 18:44:51,751 INFO o.a.j.p.h.s.HTTPSamplerBase: Parser for text/xml is org.apache.jmeter.protocol.http.parser.LagartoBasedHtmlParser
2017-09-16 18:44:51,751 INFO o.a.j.p.h.s.HTTPSamplerBase: Parser for text/vnd.wap.wml is org.apache.jmeter.protocol.http.parser.RegexpHTMLParser
2017-09-16 18:44:51,751 INFO o.a.j.p.h.s.HTTPSamplerBase: Parser for text/css is org.apache.jmeter.protocol.http.parser.CssParser
2017-09-16 18:44:58,107 INFO o.a.j.e.KeyToolUtils: keytool found at 'keytool'
2017-09-16 18:44:58,109 INFO o.a.j.p.h.p.ProxyControl: HTTP(S) Test Script Recorder SSL Proxy will use keys that support embedded 3rd party resources in file C:\Program Files\Apache-JMeter\apache-jmeter-3.2\bin\proxyserver.jks
2017-09-16 18:44:59,008 INFO o.a.j.g.u.MenuFactory: Skipping org.apache.jmeter.protocol.java.sampler.BSFSampler
2017-09-16 18:45:00,271 INFO o.a.j.s.FileServer: Default base='F:\Work\Automation\Projects\qa-automation\Dmitry_Ryvkov\projects\fituportal\image_controller'
2017-09-16 18:45:06,046 INFO o.a.j.g.u.MenuFactory: Skipping org.apache.jmeter.protocol.mongodb.config.MongoSourceElement
2017-09-16 18:45:06,046 INFO o.a.j.g.u.MenuFactory: Skipping org.apache.jmeter.protocol.mongodb.sampler.MongoScriptSampler
2017-09-16 18:45:08,316 INFO o.a.j.g.u.MenuFactory: Skipping org.apache.jmeter.timers.BSFTimer
2017-09-16 18:45:08,369 INFO o.a.j.g.u.MenuFactory: Skipping org.apache.jmeter.visualizers.BSFListener
2017-09-16 18:45:08,532 INFO o.a.j.s.SampleResult: Note: Sample TimeStamps are START times
2017-09-16 18:45:08,532 INFO o.a.j.s.SampleResult: sampleresult.default.encoding is set to UTF-8
2017-09-16 18:45:08,532 INFO o.a.j.s.SampleResult: sampleresult.useNanoTime=true
2017-09-16 18:45:08,533 INFO o.a.j.s.SampleResult: sampleresult.nanoThreadSleep=5000
2017-09-16 18:46:37,495 WARN o.a.j.t.g.GenericTestBeanCustomizer: kg.apc.jmeter.listener.GraphsGeneratorListener#graphWidth(int) has a DEFAULT of class java.lang.String
2017-09-16 18:46:37,496 WARN o.a.j.t.g.GenericTestBeanCustomizer: kg.apc.jmeter.listener.GraphsGeneratorListener#graphHeight(int) has a DEFAULT of class java.lang.String
2017-09-16 19:08:05,306 INFO o.a.j.s.FileServer: Set new base='F:\Work\Automation\Projects\qa-automation\Dmitry_Ryvkov\projects\fituportal\image_controller'
2017-09-16 19:08:05,616 INFO o.a.j.s.SaveService: Testplan (JMX) version: 2.2. Testlog (JTL) version: 2.2
2017-09-16 19:08:05,672 INFO o.a.j.s.SaveService: Using SaveService properties file encoding UTF-8
2017-09-16 19:08:05,673 INFO o.a.j.s.SaveService: Using SaveService properties version 3.2
2017-09-16 19:08:05,911 INFO o.a.j.e.StandardJMeterEngine: Running the test!
2017-09-16 19:08:05,912 INFO o.a.j.s.SampleEvent: List of sample_variables: []
2017-09-16 19:08:05,912 INFO o.a.j.s.SampleEvent: List of sample_variables: []
2017-09-16 19:08:05,919 INFO o.a.j.g.u.JMeterMenuBar: setRunning(true, *local*)
2017-09-16 19:08:06,151 INFO o.a.j.e.StandardJMeterEngine: Starting ThreadGroup: 1 : Thread Group
2017-09-16 19:08:06,151 INFO o.a.j.e.StandardJMeterEngine: Starting 1 threads for group Thread Group.
2017-09-16 19:08:06,151 INFO o.a.j.e.StandardJMeterEngine: Thread will continue on error
2017-09-16 19:08:06,151 INFO o.a.j.t.ThreadGroup: Starting thread group... number=1 threads=1 ramp-up=1 perThread=1000.0 delayedStart=false
2017-09-16 19:08:06,155 INFO o.a.j.t.ThreadGroup: Started thread group number 1
2017-09-16 19:08:06,155 INFO o.a.j.e.StandardJMeterEngine: All thread groups have been started
2017-09-16 19:08:06,234 INFO o.a.j.t.JMeterThread: Thread started: Thread Group 1-1
2017-09-16 19:08:06,257 INFO o.a.j.p.h.s.HTTPHCAbstractImpl: Local host = DESKTOP-HJIGDH8
2017-09-16 19:08:06,272 INFO o.a.j.p.h.s.HTTPHC4Impl: HTTP request retry count = 0
2017-09-16 19:08:06,511 INFO o.a.j.t.JMeterThread: Thread is done: Thread Group 1-1
2017-09-16 19:08:06,511 INFO o.a.j.t.JMeterThread: Thread finished: Thread Group 1-1
2017-09-16 19:08:06,511 INFO o.a.j.e.StandardJMeterEngine: Notifying test listeners of end of test
2017-09-16 19:08:06,512 INFO k.a.j.PluginsCMDWorker: Using JMeterPluginsCMD v. N/A
2017-09-16 19:08:06,513 WARN k.a.j.JMeterPluginsUtils: JMeter env exists. No one should see this normally.
2017-09-16 19:08:06,543 WARN o.a.j.e.StandardJMeterEngine: Error encountered during shutdown of kg.apc.jmeter.listener.GraphsGeneratorListener@79720a6d
java.lang.IllegalArgumentException: Cannot find specified JTL file: 
	at kg.apc.jmeter.PluginsCMDWorker.checkParams(PluginsCMDWorker.java:90) ~[jmeter-plugins-cmd-2.1.jar:?]
	at kg.apc.jmeter.PluginsCMDWorker.doJob(PluginsCMDWorker.java:104) ~[jmeter-plugins-cmd-2.1.jar:?]
	at kg.apc.jmeter.listener.GraphsGeneratorListener.testEnded(GraphsGeneratorListener.java:222) ~[jmeter-plugins-graphs-ggl-2.0.jar:?]
	at kg.apc.jmeter.listener.GraphsGeneratorListener.testEnded(GraphsGeneratorListener.java:137) ~[jmeter-plugins-graphs-ggl-2.0.jar:?]
	at org.apache.jmeter.engine.StandardJMeterEngine.notifyTestListenersOfEnd(StandardJMeterEngine.java:230) [ApacheJMeter_core.jar:3.2 r1790748]
	at org.apache.jmeter.engine.StandardJMeterEngine.run(StandardJMeterEngine.java:498) [ApacheJMeter_core.jar:3.2 r1790748]
	at java.lang.Thread.run(Unknown Source) [?:1.8.0_144]
2017-09-16 19:08:06,544 INFO o.a.j.g.u.JMeterMenuBar: setRunning(false, *local*)
2017-09-16 19:18:16,402 ERROR o.a.j.g.a.Save: Failed to backup file : F:\Work\Automation\Projects\qa-automation\Dmitry_Ryvkov\projects\fituportal\image_controller\imageController.jmx
java.io.FileNotFoundException: C:\Program Files\Apache-JMeter\apache-jmeter-3.2\backups\imageController-000001.jmx (Отказано в доступе)
	at java.io.FileOutputStream.open0(Native Method) ~[?:1.8.0_144]
	at java.io.FileOutputStream.open(Unknown Source) ~[?:1.8.0_144]
	at java.io.FileOutputStream.<init>(Unknown Source) ~[?:1.8.0_144]
	at java.io.FileOutputStream.<init>(Unknown Source) ~[?:1.8.0_144]
	at org.apache.commons.io.FileUtils.doCopyFile(FileUtils.java:1142) ~[commons-io-2.5.jar:2.5]
	at org.apache.commons.io.FileUtils.copyFile(FileUtils.java:1088) ~[commons-io-2.5.jar:2.5]
	at org.apache.commons.io.FileUtils.copyFile(FileUtils.java:1040) ~[commons-io-2.5.jar:2.5]
	at org.apache.jmeter.gui.action.Save.createBackupFile(Save.java:378) ~[ApacheJMeter_core.jar:3.2 r1790748]
	at org.apache.jmeter.gui.action.Save.doAction(Save.java:209) ~[ApacheJMeter_core.jar:3.2 r1790748]
	at org.apache.jmeter.gui.action.ActionRouter.performAction(ActionRouter.java:74) ~[ApacheJMeter_core.jar:3.2 r1790748]
	at org.apache.jmeter.gui.action.ActionRouter.lambda$actionPerformed$0(ActionRouter.java:59) ~[ApacheJMeter_core.jar:3.2 r1790748]
	at java.awt.event.InvocationEvent.dispatch(Unknown Source) [?:1.8.0_144]
	at java.awt.EventQueue.dispatchEventImpl(Unknown Source) [?:1.8.0_144]
	at java.awt.EventQueue.access$500(Unknown Source) [?:1.8.0_144]
	at java.awt.EventQueue$3.run(Unknown Source) [?:1.8.0_144]
	at java.awt.EventQueue$3.run(Unknown Source) [?:1.8.0_144]
	at java.security.AccessController.doPrivileged(Native Method) ~[?:1.8.0_144]
	at java.security.ProtectionDomain$JavaSecurityAccessImpl.doIntersectionPrivilege(Unknown Source) [?:1.8.0_144]
	at java.awt.EventQueue.dispatchEvent(Unknown Source) [?:1.8.0_144]
	at java.awt.EventDispatchThread.pumpOneEventForFilters(Unknown Source) [?:1.8.0_144]
	at java.awt.EventDispatchThread.pumpEventsForFilter(Unknown Source) [?:1.8.0_144]
	at java.awt.EventDispatchThread.pumpEventsForHierarchy(Unknown Source) [?:1.8.0_144]
	at java.awt.EventDispatchThread.pumpEvents(Unknown Source) [?:1.8.0_144]
	at java.awt.EventDispatchThread.pumpEvents(Unknown Source) [?:1.8.0_144]
	at java.awt.EventDispatchThread.run(Unknown Source) [?:1.8.0_144]
2017-09-16 19:19:08,855 ERROR o.a.j.g.a.Save: Failed to backup file : F:\Work\Automation\Projects\qa-automation\Dmitry_Ryvkov\projects\fituportal\image_controller\imageController.jmx
java.io.FileNotFoundException: C:\Program Files\Apache-JMeter\apache-jmeter-3.2\backups\imageController-000001.jmx (Отказано в доступе)
	at java.io.FileOutputStream.open0(Native Method) ~[?:1.8.0_144]
	at java.io.FileOutputStream.open(Unknown Source) ~[?:1.8.0_144]
	at java.io.FileOutputStream.<init>(Unknown Source) ~[?:1.8.0_144]
	at java.io.FileOutputStream.<init>(Unknown Source) ~[?:1.8.0_144]
	at org.apache.commons.io.FileUtils.doCopyFile(FileUtils.java:1142) ~[commons-io-2.5.jar:2.5]
	at org.apache.commons.io.FileUtils.copyFile(FileUtils.java:1088) ~[commons-io-2.5.jar:2.5]
	at org.apache.commons.io.FileUtils.copyFile(FileUtils.java:1040) ~[commons-io-2.5.jar:2.5]
	at org.apache.jmeter.gui.action.Save.createBackupFile(Save.java:378) ~[ApacheJMeter_core.jar:3.2 r1790748]
	at org.apache.jmeter.gui.action.Save.doAction(Save.java:209) ~[ApacheJMeter_core.jar:3.2 r1790748]
	at org.apache.jmeter.gui.action.ActionRouter.performAction(ActionRouter.java:74) ~[ApacheJMeter_core.jar:3.2 r1790748]
	at org.apache.jmeter.gui.action.ActionRouter.lambda$actionPerformed$0(ActionRouter.java:59) ~[ApacheJMeter_core.jar:3.2 r1790748]
	at java.awt.event.InvocationEvent.dispatch(Unknown Source) [?:1.8.0_144]
	at java.awt.EventQueue.dispatchEventImpl(Unknown Source) [?:1.8.0_144]
	at java.awt.EventQueue.access$500(Unknown Source) [?:1.8.0_144]
	at java.awt.EventQueue$3.run(Unknown Source) [?:1.8.0_144]
	at java.awt.EventQueue$3.run(Unknown Source) [?:1.8.0_144]
	at java.security.AccessController.doPrivileged(Native Method) ~[?:1.8.0_144]
	at java.security.ProtectionDomain$JavaSecurityAccessImpl.doIntersectionPrivilege(Unknown Source) [?:1.8.0_144]
	at java.awt.EventQueue.dispatchEvent(Unknown Source) [?:1.8.0_144]
	at java.awt.EventDispatchThread.pumpOneEventForFilters(Unknown Source) [?:1.8.0_144]
	at java.awt.EventDispatchThread.pumpEventsForFilter(Unknown Source) [?:1.8.0_144]
	at java.awt.EventDispatchThread.pumpEventsForHierarchy(Unknown Source) [?:1.8.0_144]
	at java.awt.EventDispatchThread.pumpEvents(Unknown Source) [?:1.8.0_144]
	at java.awt.EventDispatchThread.pumpEvents(Unknown Source) [?:1.8.0_144]
	at java.awt.EventDispatchThread.run(Unknown Source) [?:1.8.0_144]
