2017-12-22 14:18:58,974 INFO o.a.j.u.JMeterUtils: Setting Locale to en
2017-12-22 14:18:58,984 INFO o.a.j.JMeter: Loading user properties from: C:\tools\jmeter\apache-jmeter-3.2\bin\user.properties
2017-12-22 14:18:58,985 INFO o.a.j.JMeter: Loading system properties from: C:\tools\jmeter\apache-jmeter-3.2\bin\system.properties
2017-12-22 14:18:58,990 INFO o.a.j.JMeter: Copyright (c) 1998-2017 The Apache Software Foundation
2017-12-22 14:18:58,990 INFO o.a.j.JMeter: Version 3.2 r1790748
2017-12-22 14:18:58,990 INFO o.a.j.JMeter: java.version=1.8.0_151
2017-12-22 14:18:58,990 INFO o.a.j.JMeter: java.vm.name=Java HotSpot(TM) 64-Bit Server VM
2017-12-22 14:18:58,990 INFO o.a.j.JMeter: os.name=Windows 10
2017-12-22 14:18:58,990 INFO o.a.j.JMeter: os.arch=amd64
2017-12-22 14:18:58,992 INFO o.a.j.JMeter: os.version=10.0
2017-12-22 14:18:58,992 INFO o.a.j.JMeter: file.encoding=UTF-8
2017-12-22 14:18:58,992 INFO o.a.j.JMeter: Max memory     =536870912
2017-12-22 14:18:58,992 INFO o.a.j.JMeter: Available Processors =4
2017-12-22 14:18:58,995 INFO o.a.j.JMeter: Default Locale=English (United States)
2017-12-22 14:18:58,995 INFO o.a.j.JMeter: JMeter  Locale=English
2017-12-22 14:18:58,995 INFO o.a.j.JMeter: JMeterHome=C:\tools\jmeter\apache-jmeter-3.2
2017-12-22 14:18:58,995 INFO o.a.j.JMeter: user.dir  =C:\automation\PORTAL\fituportal_API_testing\fituportal\API\lecturer_controller
2017-12-22 14:18:58,996 INFO o.a.j.JMeter: PWD       =C:\automation\PORTAL\fituportal_API_testing\fituportal\API\lecturer_controller
2017-12-22 14:18:58,997 INFO o.a.j.JMeter: IP: 192.168.1.132 Name: WKS-144 FullName: WKS-144.hiqo-solutions.com
2017-12-22 14:18:59,131 INFO o.a.j.g.a.LookAndFeelCommand: Using look and feel: javax.swing.plaf.metal.MetalLookAndFeel [Metal, CrossPlatform]
2017-12-22 14:18:59,135 INFO o.a.j.JMeter: Loaded icon properties from org/apache/jmeter/images/icon.properties
2017-12-22 14:18:59,725 INFO o.a.j.e.u.CompoundVariable: Note: Function class names must contain the string: '.functions.'
2017-12-22 14:18:59,725 INFO o.a.j.e.u.CompoundVariable: Note: Function class names must not contain the string: '.gui.'
2017-12-22 14:19:02,348 WARN o.j.r.Plugin: Unable to load class: com.atlantbh.jmeter.plugins.oauth.OAuthSampler
java.lang.NoClassDefFoundError: org/apache/jmeter/protocol/http/sampler/HTTPSampler2
	at java.lang.ClassLoader.defineClass1(Native Method) ~[?:1.8.0_151]
	at java.lang.ClassLoader.defineClass(Unknown Source) ~[?:1.8.0_151]
	at java.security.SecureClassLoader.defineClass(Unknown Source) ~[?:1.8.0_151]
	at java.net.URLClassLoader.defineClass(Unknown Source) ~[?:1.8.0_151]
	at java.net.URLClassLoader.access$100(Unknown Source) ~[?:1.8.0_151]
	at java.net.URLClassLoader$1.run(Unknown Source) ~[?:1.8.0_151]
	at java.net.URLClassLoader$1.run(Unknown Source) ~[?:1.8.0_151]
	at java.security.AccessController.doPrivileged(Native Method) ~[?:1.8.0_151]
	at java.net.URLClassLoader.findClass(Unknown Source) ~[?:1.8.0_151]
	at java.lang.ClassLoader.loadClass(Unknown Source) ~[?:1.8.0_151]
	at java.lang.ClassLoader.loadClass(Unknown Source) ~[?:1.8.0_151]
	at org.jmeterplugins.repository.Plugin.getJARPath(Plugin.java:181) [jmeter-plugins-manager-0.13.jar:?]
	at org.jmeterplugins.repository.Plugin.detectInstalledPlugin(Plugin.java:95) [jmeter-plugins-manager-0.13.jar:?]
	at org.jmeterplugins.repository.Plugin.detectInstalled(Plugin.java:84) [jmeter-plugins-manager-0.13.jar:?]
	at org.jmeterplugins.repository.PluginManager.load(PluginManager.java:61) [jmeter-plugins-manager-0.13.jar:?]
	at org.jmeterplugins.repository.PluginManagerMenuItem.<init>(PluginManagerMenuItem.java:28) [jmeter-plugins-manager-0.13.jar:?]
	at org.jmeterplugins.repository.PluginManagerMenuCreator.getMenuItemsAtLocation(PluginManagerMenuCreator.java:22) [jmeter-plugins-manager-0.13.jar:?]
	at org.apache.jmeter.gui.util.JMeterMenuBar.addPluginsMenuItems(JMeterMenuBar.java:594) [ApacheJMeter_core.jar:3.2 r1790748]
	at org.apache.jmeter.gui.util.JMeterMenuBar.makeOptionsMenu(JMeterMenuBar.java:370) [ApacheJMeter_core.jar:3.2 r1790748]
	at org.apache.jmeter.gui.util.JMeterMenuBar.createMenuBar(JMeterMenuBar.java:268) [ApacheJMeter_core.jar:3.2 r1790748]
	at org.apache.jmeter.gui.util.JMeterMenuBar.<init>(JMeterMenuBar.java:164) [ApacheJMeter_core.jar:3.2 r1790748]
	at org.apache.jmeter.gui.MainFrame.init(MainFrame.java:510) [ApacheJMeter_core.jar:3.2 r1790748]
	at org.apache.jmeter.gui.MainFrame.<init>(MainFrame.java:240) [ApacheJMeter_core.jar:3.2 r1790748]
	at org.apache.jmeter.JMeter.startGui(JMeter.java:375) [ApacheJMeter_core.jar:3.2 r1790748]
	at org.apache.jmeter.JMeter.start(JMeter.java:519) [ApacheJMeter_core.jar:3.2 r1790748]
	at sun.reflect.NativeMethodAccessorImpl.invoke0(Native Method) ~[?:1.8.0_151]
	at sun.reflect.NativeMethodAccessorImpl.invoke(Unknown Source) ~[?:1.8.0_151]
	at sun.reflect.DelegatingMethodAccessorImpl.invoke(Unknown Source) ~[?:1.8.0_151]
	at java.lang.reflect.Method.invoke(Unknown Source) ~[?:1.8.0_151]
	at org.apache.jmeter.NewDriver.main(NewDriver.java:248) [ApacheJMeter.jar:3.2 r1790748]
Caused by: java.lang.ClassNotFoundException: org.apache.jmeter.protocol.http.sampler.HTTPSampler2
	at java.net.URLClassLoader.findClass(Unknown Source) ~[?:1.8.0_151]
	at java.lang.ClassLoader.loadClass(Unknown Source) ~[?:1.8.0_151]
	at java.lang.ClassLoader.loadClass(Unknown Source) ~[?:1.8.0_151]
	... 30 more
2017-12-22 14:19:02,594 INFO o.j.r.PluginManager: Plugins Status: [jpgc-graphs-basic=2.0, jpgc-graphs-additional=2.0, jpgc-sense=3.0, jpgc-cmd=2.1, jpgc-graphs-composite=2.0, jpgc-csl=0.1, jpgc-functions=2.0, jpgc-casutg=2.1, jpgc-graphs-dist=2.0, jpgc-dummy=0.2, jpgc-filterresults=2.1, jpgc-ffw=2.0, jpgc-ggl=2.0, jpgc-sts=2.2, jpgc-fifo=0.2, jpgc-jms=0.2, jpgc-json=2.6, jpgc-graphs-vs=2.0, jpgc-mergeresults=2.1, jpgc-prmctl=0.3, jpgc-perfmon=2.1, jpgc-plugins-manager=0.13, jpgc-redis=0.2, jpgc-rotating-listener=0.1, jpgc-synthesis=2.1, jpgc-plancheck=2.2, jpgc-tst=2.1, jpgc-csvars=0.1, jpgc-wsc=0.2, jpgc-xml=0.1, jmeter-core=3.2, jmeter-ftp=3.2, jmeter-http=3.2, jmeter-jdbc=3.2, jmeter-jms=3.2, jmeter-junit=3.2, jmeter-java=3.2, jmeter-ldap=3.2, jmeter-mail=3.2, jmeter-mongodb=3.2, jmeter-native=3.2, jmeter-tcp=3.2, jmeter-components=3.2, jpgc-standard=2.0]
2017-12-22 14:19:03,152 WARN o.a.j.g.ObjectTableModel: Header count=13 but classes count=11
2017-12-22 14:19:03,153 WARN o.a.j.g.ObjectTableModel: Header count=13 but writeFunctor count=11
2017-12-22 14:19:03,407 INFO o.a.j.g.u.MenuFactory: Skipping org.apache.jmeter.assertions.BSFAssertion
2017-12-22 14:19:03,653 INFO o.a.j.g.u.MenuFactory: Skipping org.apache.jmeter.extractor.BSFPostProcessor
2017-12-22 14:19:03,676 INFO o.a.j.g.u.MenuFactory: Skipping org.apache.jmeter.modifiers.BSFPreProcessor
2017-12-22 14:19:03,695 INFO o.a.j.p.h.s.HTTPSamplerBase: Parser for text/html is org.apache.jmeter.protocol.http.parser.LagartoBasedHtmlParser
2017-12-22 14:19:03,695 INFO o.a.j.p.h.s.HTTPSamplerBase: Parser for application/xhtml+xml is org.apache.jmeter.protocol.http.parser.LagartoBasedHtmlParser
2017-12-22 14:19:03,696 INFO o.a.j.p.h.s.HTTPSamplerBase: Parser for application/xml is org.apache.jmeter.protocol.http.parser.LagartoBasedHtmlParser
2017-12-22 14:19:03,696 INFO o.a.j.p.h.s.HTTPSamplerBase: Parser for text/xml is org.apache.jmeter.protocol.http.parser.LagartoBasedHtmlParser
2017-12-22 14:19:03,696 INFO o.a.j.p.h.s.HTTPSamplerBase: Parser for text/vnd.wap.wml is org.apache.jmeter.protocol.http.parser.RegexpHTMLParser
2017-12-22 14:19:03,696 INFO o.a.j.p.h.s.HTTPSamplerBase: Parser for text/css is org.apache.jmeter.protocol.http.parser.CssParser
2017-12-22 14:19:03,960 INFO o.a.j.e.KeyToolUtils: keytool found at 'keytool'
2017-12-22 14:19:03,961 INFO o.a.j.p.h.p.ProxyControl: HTTP(S) Test Script Recorder SSL Proxy will use keys that support embedded 3rd party resources in file C:\tools\jmeter\apache-jmeter-3.2\bin\proxyserver.jks
2017-12-22 14:19:04,092 INFO o.a.j.g.u.MenuFactory: Skipping org.apache.jmeter.protocol.java.sampler.BSFSampler
2017-12-22 14:19:04,125 INFO o.a.j.s.FileServer: Default base='C:\automation\PORTAL\fituportal_API_testing\fituportal\API\lecturer_controller'
2017-12-22 14:19:04,177 INFO o.a.j.g.u.MenuFactory: Skipping org.apache.jmeter.protocol.mongodb.config.MongoSourceElement
2017-12-22 14:19:04,177 INFO o.a.j.g.u.MenuFactory: Skipping org.apache.jmeter.protocol.mongodb.sampler.MongoScriptSampler
2017-12-22 14:19:04,423 INFO o.a.j.g.u.MenuFactory: Skipping org.apache.jmeter.timers.BSFTimer
2017-12-22 14:19:04,444 INFO o.a.j.g.u.MenuFactory: Skipping org.apache.jmeter.visualizers.BSFListener
2017-12-22 14:19:04,536 INFO o.a.j.s.SampleResult: Note: Sample TimeStamps are START times
2017-12-22 14:19:04,537 INFO o.a.j.s.SampleResult: sampleresult.default.encoding is set to UTF-8
2017-12-22 14:19:04,537 INFO o.a.j.s.SampleResult: sampleresult.useNanoTime=true
2017-12-22 14:19:04,537 INFO o.a.j.s.SampleResult: sampleresult.nanoThreadSleep=5000
2017-12-22 14:24:29,739 WARN o.a.j.t.g.GenericTestBeanCustomizer: kg.apc.jmeter.listener.GraphsGeneratorListener#graphWidth(int) has a DEFAULT of class java.lang.String
2017-12-22 14:24:29,740 WARN o.a.j.t.g.GenericTestBeanCustomizer: kg.apc.jmeter.listener.GraphsGeneratorListener#graphHeight(int) has a DEFAULT of class java.lang.String
2017-12-22 14:30:26,717 INFO o.a.j.s.FileServer: Set new base='C:\automation\PORTAL\fituportal_API_testing\fituportal\API\lecturer_controller'
2017-12-22 14:30:26,861 INFO o.a.j.s.SaveService: Testplan (JMX) version: 2.2. Testlog (JTL) version: 2.2
2017-12-22 14:30:26,865 INFO o.a.j.s.SaveService: Using SaveService properties file encoding UTF-8
2017-12-22 14:30:26,866 INFO o.a.j.s.SaveService: Using SaveService properties version 3.2
2017-12-22 14:30:26,888 INFO o.a.j.e.StandardJMeterEngine: Running the test!
2017-12-22 14:30:26,889 INFO o.a.j.s.SampleEvent: List of sample_variables: []
2017-12-22 14:30:26,889 INFO o.a.j.s.SampleEvent: List of sample_variables: []
2017-12-22 14:30:26,902 INFO o.a.j.g.u.JMeterMenuBar: setRunning(true, *local*)
2017-12-22 14:30:27,017 INFO o.a.j.e.StandardJMeterEngine: Starting ThreadGroup: 1 : Documentation of lecturer_controller
2017-12-22 14:30:27,017 INFO o.a.j.e.StandardJMeterEngine: Starting 1 threads for group Documentation of lecturer_controller.
2017-12-22 14:30:27,017 INFO o.a.j.e.StandardJMeterEngine: Thread will continue on error
2017-12-22 14:30:27,017 INFO o.a.j.t.ThreadGroup: Starting thread group... number=1 threads=1 ramp-up=1 perThread=1000.0 delayedStart=false
2017-12-22 14:30:27,020 INFO o.a.j.t.ThreadGroup: Started thread group number 1
2017-12-22 14:30:27,020 INFO o.a.j.e.StandardJMeterEngine: All thread groups have been started
2017-12-22 14:30:27,022 INFO o.a.j.t.JMeterThread: Thread started: Documentation of lecturer_controller 1-1
2017-12-22 14:30:27,029 INFO o.a.j.p.h.s.HTTPHCAbstractImpl: Local host = WKS-144
2017-12-22 14:30:27,032 INFO o.a.j.p.h.s.HTTPHC4Impl: HTTP request retry count = 0
2017-12-22 14:30:27,039 INFO o.a.j.t.JMeterThread: Thread is done: Documentation of lecturer_controller 1-1
2017-12-22 14:30:27,039 INFO o.a.j.t.JMeterThread: Thread finished: Documentation of lecturer_controller 1-1
2017-12-22 14:30:27,040 INFO o.a.j.e.StandardJMeterEngine: Notifying test listeners of end of test
2017-12-22 14:30:27,042 INFO k.a.j.PluginsCMDWorker: Using JMeterPluginsCMD v. N/A
2017-12-22 14:30:27,051 WARN k.a.j.JMeterPluginsUtils: JMeter env exists. No one should see this normally.
2017-12-22 14:30:27,088 INFO k.a.j.v.SynthesisReportGui: Saving CSV to C:\automation\PORTAL\fituportal_API_testing\fituportal\API\lecturer_controller\graphs\SynthesisReportGui.csv
2017-12-22 14:30:27,091 INFO k.a.j.l.GraphsGeneratorListener: Successful generation of file graphs\SynthesisReportGui by plugin:SynthesisReportGui
2017-12-22 14:30:27,091 INFO k.a.j.PluginsCMDWorker: Using JMeterPluginsCMD v. N/A
2017-12-22 14:30:27,091 WARN k.a.j.JMeterPluginsUtils: JMeter env exists. No one should see this normally.
2017-12-22 14:30:27,104 WARN o.a.j.g.ObjectTableModel: Header count=13 but classes count=11
2017-12-22 14:30:27,104 WARN o.a.j.g.ObjectTableModel: Header count=13 but writeFunctor count=11
2017-12-22 14:30:27,108 INFO k.a.j.v.AggregateReportGui: Saving CSV to C:\automation\PORTAL\fituportal_API_testing\fituportal\API\lecturer_controller\graphs\AggregateReportGui.csv
2017-12-22 14:30:27,111 INFO k.a.j.l.GraphsGeneratorListener: Successful generation of file graphs\AggregateReportGui by plugin:AggregateReportGui
2017-12-22 14:30:27,112 INFO k.a.j.PluginsCMDWorker: Using JMeterPluginsCMD v. N/A
2017-12-22 14:30:27,112 WARN k.a.j.JMeterPluginsUtils: JMeter env exists. No one should see this normally.
2017-12-22 14:30:27,124 INFO k.a.c.GraphPanelChart: Saving PNG to C:\automation\PORTAL\fituportal_API_testing\fituportal\API\lecturer_controller\graphs\ResponseTimesOverTime.png
2017-12-22 14:30:27,227 INFO k.a.j.l.GraphsGeneratorListener: Successful generation of file graphs\ResponseTimesOverTime by plugin:ResponseTimesOverTime
2017-12-22 14:30:27,228 INFO k.a.j.PluginsCMDWorker: Using JMeterPluginsCMD v. N/A
2017-12-22 14:30:27,228 WARN k.a.j.JMeterPluginsUtils: JMeter env exists. No one should see this normally.
2017-12-22 14:30:27,242 INFO k.a.c.GraphPanelChart: Saving PNG to C:\automation\PORTAL\fituportal_API_testing\fituportal\API\lecturer_controller\graphs\HitsPerSecond.png
2017-12-22 14:30:27,316 INFO k.a.j.l.GraphsGeneratorListener: Successful generation of file graphs\HitsPerSecond by plugin:HitsPerSecond
2017-12-22 14:30:27,316 INFO k.a.j.PluginsCMDWorker: Using JMeterPluginsCMD v. N/A
2017-12-22 14:30:27,316 WARN k.a.j.JMeterPluginsUtils: JMeter env exists. No one should see this normally.
2017-12-22 14:30:27,330 INFO k.a.c.GraphPanelChart: Saving PNG to C:\automation\PORTAL\fituportal_API_testing\fituportal\API\lecturer_controller\graphs\BytesThroughputOverTime.png
2017-12-22 14:30:27,397 INFO k.a.j.l.GraphsGeneratorListener: Successful generation of file graphs\BytesThroughputOverTime by plugin:BytesThroughputOverTime
2017-12-22 14:30:27,397 INFO k.a.j.PluginsCMDWorker: Using JMeterPluginsCMD v. N/A
2017-12-22 14:30:27,397 WARN k.a.j.JMeterPluginsUtils: JMeter env exists. No one should see this normally.
2017-12-22 14:30:27,407 INFO k.a.c.GraphPanelChart: Saving PNG to C:\automation\PORTAL\fituportal_API_testing\fituportal\API\lecturer_controller\graphs\LatenciesOverTime.png
2017-12-22 14:30:27,457 INFO k.a.j.l.GraphsGeneratorListener: Successful generation of file graphs\LatenciesOverTime by plugin:LatenciesOverTime
2017-12-22 14:30:27,457 INFO k.a.j.PluginsCMDWorker: Using JMeterPluginsCMD v. N/A
2017-12-22 14:30:27,457 WARN k.a.j.JMeterPluginsUtils: JMeter env exists. No one should see this normally.
2017-12-22 14:30:27,469 INFO k.a.c.GraphPanelChart: Saving PNG to C:\automation\PORTAL\fituportal_API_testing\fituportal\API\lecturer_controller\graphs\ResponseCodesPerSecond.png
2017-12-22 14:30:27,521 INFO k.a.j.l.GraphsGeneratorListener: Successful generation of file graphs\ResponseCodesPerSecond by plugin:ResponseCodesPerSecond
2017-12-22 14:30:27,521 INFO k.a.j.PluginsCMDWorker: Using JMeterPluginsCMD v. N/A
2017-12-22 14:30:27,521 WARN k.a.j.JMeterPluginsUtils: JMeter env exists. No one should see this normally.
2017-12-22 14:30:27,535 INFO k.a.c.GraphPanelChart: Saving PNG to C:\automation\PORTAL\fituportal_API_testing\fituportal\API\lecturer_controller\graphs\TransactionsPerSecond.png
2017-12-22 14:30:27,584 INFO k.a.j.l.GraphsGeneratorListener: Successful generation of file graphs\TransactionsPerSecond by plugin:TransactionsPerSecond
2017-12-22 14:30:27,585 INFO k.a.j.PluginsCMDWorker: Using JMeterPluginsCMD v. N/A
2017-12-22 14:30:27,585 WARN k.a.j.JMeterPluginsUtils: JMeter env exists. No one should see this normally.
2017-12-22 14:30:27,599 INFO k.a.c.GraphPanelChart: Saving PNG to C:\automation\PORTAL\fituportal_API_testing\fituportal\API\lecturer_controller\graphs\ResponseTimesDistribution.png
2017-12-22 14:30:27,650 INFO k.a.j.l.GraphsGeneratorListener: Successful generation of file graphs\ResponseTimesDistribution by plugin:ResponseTimesDistribution
2017-12-22 14:30:27,650 INFO k.a.j.PluginsCMDWorker: Using JMeterPluginsCMD v. N/A
2017-12-22 14:30:27,650 WARN k.a.j.JMeterPluginsUtils: JMeter env exists. No one should see this normally.
2017-12-22 14:30:27,666 INFO k.a.c.GraphPanelChart: Saving PNG to C:\automation\PORTAL\fituportal_API_testing\fituportal\API\lecturer_controller\graphs\ResponseTimesPercentiles.png
2017-12-22 14:30:27,718 INFO k.a.j.l.GraphsGeneratorListener: Successful generation of file graphs\ResponseTimesPercentiles by plugin:ResponseTimesPercentiles
2017-12-22 14:30:27,718 INFO k.a.j.PluginsCMDWorker: Using JMeterPluginsCMD v. N/A
2017-12-22 14:30:27,718 WARN k.a.j.JMeterPluginsUtils: JMeter env exists. No one should see this normally.
2017-12-22 14:30:27,731 INFO k.a.c.GraphPanelChart: Saving PNG to C:\automation\PORTAL\fituportal_API_testing\fituportal\API\lecturer_controller\graphs\ThreadsStateOverTime.png
2017-12-22 14:30:27,783 INFO k.a.j.l.GraphsGeneratorListener: Successful generation of file graphs\ThreadsStateOverTime by plugin:ThreadsStateOverTime
2017-12-22 14:30:27,783 INFO k.a.j.PluginsCMDWorker: Using JMeterPluginsCMD v. N/A
2017-12-22 14:30:27,783 WARN k.a.j.JMeterPluginsUtils: JMeter env exists. No one should see this normally.
2017-12-22 14:30:27,794 INFO k.a.c.GraphPanelChart: Saving PNG to C:\automation\PORTAL\fituportal_API_testing\fituportal\API\lecturer_controller\graphs\TimesVsThreads.png
2017-12-22 14:30:27,847 INFO k.a.j.l.GraphsGeneratorListener: Successful generation of file graphs\TimesVsThreads by plugin:TimesVsThreads
2017-12-22 14:30:27,847 INFO k.a.j.PluginsCMDWorker: Using JMeterPluginsCMD v. N/A
2017-12-22 14:30:27,847 WARN k.a.j.JMeterPluginsUtils: JMeter env exists. No one should see this normally.
2017-12-22 14:30:27,860 INFO k.a.c.GraphPanelChart: Saving PNG to C:\automation\PORTAL\fituportal_API_testing\fituportal\API\lecturer_controller\graphs\ThroughputVsThreads.png
2017-12-22 14:30:27,896 INFO k.a.j.l.GraphsGeneratorListener: Successful generation of file graphs\ThroughputVsThreads by plugin:ThroughputVsThreads
2017-12-22 14:30:27,896 INFO o.a.j.g.u.JMeterMenuBar: setRunning(false, *local*)
2017-12-22 14:30:50,649 INFO o.a.j.e.StandardJMeterEngine: Running the test!
2017-12-22 14:30:50,650 INFO o.a.j.s.SampleEvent: List of sample_variables: []
2017-12-22 14:30:50,654 INFO o.a.j.g.u.JMeterMenuBar: setRunning(true, *local*)
2017-12-22 14:30:50,770 INFO o.a.j.e.StandardJMeterEngine: Starting ThreadGroup: 1 : Documentation of lecturer_controller
2017-12-22 14:30:50,770 INFO o.a.j.e.StandardJMeterEngine: Starting 1 threads for group Documentation of lecturer_controller.
2017-12-22 14:30:50,770 INFO o.a.j.e.StandardJMeterEngine: Thread will continue on error
2017-12-22 14:30:50,770 INFO o.a.j.t.ThreadGroup: Starting thread group... number=1 threads=1 ramp-up=1 perThread=1000.0 delayedStart=false
2017-12-22 14:30:50,770 INFO o.a.j.t.ThreadGroup: Started thread group number 1
2017-12-22 14:30:50,770 INFO o.a.j.e.StandardJMeterEngine: All thread groups have been started
2017-12-22 14:30:50,772 INFO o.a.j.t.JMeterThread: Thread started: Documentation of lecturer_controller 1-1
2017-12-22 14:30:50,833 INFO o.a.j.p.h.s.LazySchemeSocketFactory: Setting up HTTPS TrustAll Socket Factory
2017-12-22 14:30:50,834 INFO o.a.j.u.JsseSSLManager: Using default SSL protocol: TLS
2017-12-22 14:30:50,834 INFO o.a.j.u.JsseSSLManager: SSL session context: per-thread
2017-12-22 14:30:50,841 INFO o.a.j.u.SSLManager: JmeterKeyStore Location:  type JKS
2017-12-22 14:30:50,841 INFO o.a.j.u.SSLManager: KeyStore created OK
2017-12-22 14:30:50,842 WARN o.a.j.u.SSLManager: Keystore file not found, loading empty keystore
2017-12-22 14:30:53,167 INFO o.a.j.t.JMeterThread: Thread is done: Documentation of lecturer_controller 1-1
2017-12-22 14:30:53,168 INFO o.a.j.t.JMeterThread: Thread finished: Documentation of lecturer_controller 1-1
2017-12-22 14:30:53,169 INFO o.a.j.e.StandardJMeterEngine: Notifying test listeners of end of test
2017-12-22 14:30:53,172 INFO k.a.j.PluginsCMDWorker: Using JMeterPluginsCMD v. N/A
2017-12-22 14:30:53,172 WARN k.a.j.JMeterPluginsUtils: JMeter env exists. No one should see this normally.
2017-12-22 14:30:53,208 INFO k.a.j.v.SynthesisReportGui: Saving CSV to C:\automation\PORTAL\fituportal_API_testing\fituportal\API\lecturer_controller\graphs\SynthesisReportGui.csv
2017-12-22 14:30:53,211 INFO k.a.j.l.GraphsGeneratorListener: Successful generation of file graphs\SynthesisReportGui by plugin:SynthesisReportGui
2017-12-22 14:30:53,211 INFO k.a.j.PluginsCMDWorker: Using JMeterPluginsCMD v. N/A
2017-12-22 14:30:53,211 WARN k.a.j.JMeterPluginsUtils: JMeter env exists. No one should see this normally.
2017-12-22 14:30:53,226 WARN o.a.j.g.ObjectTableModel: Header count=13 but classes count=11
2017-12-22 14:30:53,226 WARN o.a.j.g.ObjectTableModel: Header count=13 but writeFunctor count=11
2017-12-22 14:30:53,230 INFO k.a.j.v.AggregateReportGui: Saving CSV to C:\automation\PORTAL\fituportal_API_testing\fituportal\API\lecturer_controller\graphs\AggregateReportGui.csv
2017-12-22 14:30:53,232 INFO k.a.j.l.GraphsGeneratorListener: Successful generation of file graphs\AggregateReportGui by plugin:AggregateReportGui
2017-12-22 14:30:53,232 INFO k.a.j.PluginsCMDWorker: Using JMeterPluginsCMD v. N/A
2017-12-22 14:30:53,232 WARN k.a.j.JMeterPluginsUtils: JMeter env exists. No one should see this normally.
2017-12-22 14:30:53,245 INFO k.a.c.GraphPanelChart: Saving PNG to C:\automation\PORTAL\fituportal_API_testing\fituportal\API\lecturer_controller\graphs\ResponseTimesOverTime.png
2017-12-22 14:30:53,295 INFO k.a.j.l.GraphsGeneratorListener: Successful generation of file graphs\ResponseTimesOverTime by plugin:ResponseTimesOverTime
2017-12-22 14:30:53,296 INFO k.a.j.PluginsCMDWorker: Using JMeterPluginsCMD v. N/A
2017-12-22 14:30:53,296 WARN k.a.j.JMeterPluginsUtils: JMeter env exists. No one should see this normally.
2017-12-22 14:30:53,307 INFO k.a.c.GraphPanelChart: Saving PNG to C:\automation\PORTAL\fituportal_API_testing\fituportal\API\lecturer_controller\graphs\HitsPerSecond.png
2017-12-22 14:30:53,353 INFO k.a.j.l.GraphsGeneratorListener: Successful generation of file graphs\HitsPerSecond by plugin:HitsPerSecond
2017-12-22 14:30:53,353 INFO k.a.j.PluginsCMDWorker: Using JMeterPluginsCMD v. N/A
2017-12-22 14:30:53,353 WARN k.a.j.JMeterPluginsUtils: JMeter env exists. No one should see this normally.
2017-12-22 14:30:53,364 INFO k.a.c.GraphPanelChart: Saving PNG to C:\automation\PORTAL\fituportal_API_testing\fituportal\API\lecturer_controller\graphs\BytesThroughputOverTime.png
2017-12-22 14:30:53,416 INFO k.a.j.l.GraphsGeneratorListener: Successful generation of file graphs\BytesThroughputOverTime by plugin:BytesThroughputOverTime
2017-12-22 14:30:53,417 INFO k.a.j.PluginsCMDWorker: Using JMeterPluginsCMD v. N/A
2017-12-22 14:30:53,417 WARN k.a.j.JMeterPluginsUtils: JMeter env exists. No one should see this normally.
2017-12-22 14:30:53,427 INFO k.a.c.GraphPanelChart: Saving PNG to C:\automation\PORTAL\fituportal_API_testing\fituportal\API\lecturer_controller\graphs\LatenciesOverTime.png
2017-12-22 14:30:53,475 INFO k.a.j.l.GraphsGeneratorListener: Successful generation of file graphs\LatenciesOverTime by plugin:LatenciesOverTime
2017-12-22 14:30:53,476 INFO k.a.j.PluginsCMDWorker: Using JMeterPluginsCMD v. N/A
2017-12-22 14:30:53,476 WARN k.a.j.JMeterPluginsUtils: JMeter env exists. No one should see this normally.
2017-12-22 14:30:53,487 INFO k.a.c.GraphPanelChart: Saving PNG to C:\automation\PORTAL\fituportal_API_testing\fituportal\API\lecturer_controller\graphs\ResponseCodesPerSecond.png
2017-12-22 14:30:53,532 INFO k.a.j.l.GraphsGeneratorListener: Successful generation of file graphs\ResponseCodesPerSecond by plugin:ResponseCodesPerSecond
2017-12-22 14:30:53,532 INFO k.a.j.PluginsCMDWorker: Using JMeterPluginsCMD v. N/A
2017-12-22 14:30:53,532 WARN k.a.j.JMeterPluginsUtils: JMeter env exists. No one should see this normally.
2017-12-22 14:30:53,542 INFO k.a.c.GraphPanelChart: Saving PNG to C:\automation\PORTAL\fituportal_API_testing\fituportal\API\lecturer_controller\graphs\TransactionsPerSecond.png
2017-12-22 14:30:53,590 INFO k.a.j.l.GraphsGeneratorListener: Successful generation of file graphs\TransactionsPerSecond by plugin:TransactionsPerSecond
2017-12-22 14:30:53,590 INFO k.a.j.PluginsCMDWorker: Using JMeterPluginsCMD v. N/A
2017-12-22 14:30:53,590 WARN k.a.j.JMeterPluginsUtils: JMeter env exists. No one should see this normally.
2017-12-22 14:30:53,602 INFO k.a.c.GraphPanelChart: Saving PNG to C:\automation\PORTAL\fituportal_API_testing\fituportal\API\lecturer_controller\graphs\ResponseTimesDistribution.png
2017-12-22 14:30:53,648 INFO k.a.j.l.GraphsGeneratorListener: Successful generation of file graphs\ResponseTimesDistribution by plugin:ResponseTimesDistribution
2017-12-22 14:30:53,648 INFO k.a.j.PluginsCMDWorker: Using JMeterPluginsCMD v. N/A
2017-12-22 14:30:53,648 WARN k.a.j.JMeterPluginsUtils: JMeter env exists. No one should see this normally.
2017-12-22 14:30:53,661 INFO k.a.c.GraphPanelChart: Saving PNG to C:\automation\PORTAL\fituportal_API_testing\fituportal\API\lecturer_controller\graphs\ResponseTimesPercentiles.png
2017-12-22 14:30:53,719 INFO k.a.j.l.GraphsGeneratorListener: Successful generation of file graphs\ResponseTimesPercentiles by plugin:ResponseTimesPercentiles
2017-12-22 14:30:53,719 INFO k.a.j.PluginsCMDWorker: Using JMeterPluginsCMD v. N/A
2017-12-22 14:30:53,719 WARN k.a.j.JMeterPluginsUtils: JMeter env exists. No one should see this normally.
2017-12-22 14:30:53,729 INFO k.a.c.GraphPanelChart: Saving PNG to C:\automation\PORTAL\fituportal_API_testing\fituportal\API\lecturer_controller\graphs\ThreadsStateOverTime.png
2017-12-22 14:30:53,775 INFO k.a.j.l.GraphsGeneratorListener: Successful generation of file graphs\ThreadsStateOverTime by plugin:ThreadsStateOverTime
2017-12-22 14:30:53,775 INFO k.a.j.PluginsCMDWorker: Using JMeterPluginsCMD v. N/A
2017-12-22 14:30:53,775 WARN k.a.j.JMeterPluginsUtils: JMeter env exists. No one should see this normally.
2017-12-22 14:30:53,784 INFO k.a.c.GraphPanelChart: Saving PNG to C:\automation\PORTAL\fituportal_API_testing\fituportal\API\lecturer_controller\graphs\TimesVsThreads.png
2017-12-22 14:30:53,833 INFO k.a.j.l.GraphsGeneratorListener: Successful generation of file graphs\TimesVsThreads by plugin:TimesVsThreads
2017-12-22 14:30:53,833 INFO k.a.j.PluginsCMDWorker: Using JMeterPluginsCMD v. N/A
2017-12-22 14:30:53,833 WARN k.a.j.JMeterPluginsUtils: JMeter env exists. No one should see this normally.
2017-12-22 14:30:53,844 INFO k.a.c.GraphPanelChart: Saving PNG to C:\automation\PORTAL\fituportal_API_testing\fituportal\API\lecturer_controller\graphs\ThroughputVsThreads.png
2017-12-22 14:30:53,897 INFO k.a.j.l.GraphsGeneratorListener: Successful generation of file graphs\ThroughputVsThreads by plugin:ThroughputVsThreads
2017-12-22 14:30:53,897 INFO o.a.j.g.u.JMeterMenuBar: setRunning(false, *local*)
2017-12-22 14:31:09,386 INFO o.a.j.e.StandardJMeterEngine: Running the test!
2017-12-22 14:31:09,387 INFO o.a.j.s.SampleEvent: List of sample_variables: []
2017-12-22 14:31:09,389 INFO o.a.j.g.u.JMeterMenuBar: setRunning(true, *local*)
2017-12-22 14:31:09,394 INFO o.a.j.e.StandardJMeterEngine: Starting ThreadGroup: 1 : Documentation of lecturer_controller
2017-12-22 14:31:09,394 INFO o.a.j.e.StandardJMeterEngine: Starting 1 threads for group Documentation of lecturer_controller.
2017-12-22 14:31:09,395 INFO o.a.j.e.StandardJMeterEngine: Thread will continue on error
2017-12-22 14:31:09,395 INFO o.a.j.t.ThreadGroup: Starting thread group... number=1 threads=1 ramp-up=1 perThread=1000.0 delayedStart=false
2017-12-22 14:31:09,396 INFO o.a.j.t.ThreadGroup: Started thread group number 1
2017-12-22 14:31:09,396 INFO o.a.j.e.StandardJMeterEngine: All thread groups have been started
2017-12-22 14:31:09,396 INFO o.a.j.t.JMeterThread: Thread started: Documentation of lecturer_controller 1-1
2017-12-22 14:31:11,407 INFO o.a.j.t.JMeterThread: Thread is done: Documentation of lecturer_controller 1-1
2017-12-22 14:31:11,407 INFO o.a.j.t.JMeterThread: Thread finished: Documentation of lecturer_controller 1-1
2017-12-22 14:31:11,408 INFO o.a.j.e.StandardJMeterEngine: Notifying test listeners of end of test
2017-12-22 14:31:11,411 INFO k.a.j.PluginsCMDWorker: Using JMeterPluginsCMD v. N/A
2017-12-22 14:31:11,411 WARN k.a.j.JMeterPluginsUtils: JMeter env exists. No one should see this normally.
2017-12-22 14:31:11,445 INFO k.a.j.v.SynthesisReportGui: Saving CSV to C:\automation\PORTAL\fituportal_API_testing\fituportal\API\lecturer_controller\graphs\SynthesisReportGui.csv
2017-12-22 14:31:11,448 INFO k.a.j.l.GraphsGeneratorListener: Successful generation of file graphs\SynthesisReportGui by plugin:SynthesisReportGui
2017-12-22 14:31:11,448 INFO k.a.j.PluginsCMDWorker: Using JMeterPluginsCMD v. N/A
2017-12-22 14:31:11,448 WARN k.a.j.JMeterPluginsUtils: JMeter env exists. No one should see this normally.
2017-12-22 14:31:11,462 WARN o.a.j.g.ObjectTableModel: Header count=13 but classes count=11
2017-12-22 14:31:11,462 WARN o.a.j.g.ObjectTableModel: Header count=13 but writeFunctor count=11
2017-12-22 14:31:11,467 INFO k.a.j.v.AggregateReportGui: Saving CSV to C:\automation\PORTAL\fituportal_API_testing\fituportal\API\lecturer_controller\graphs\AggregateReportGui.csv
2017-12-22 14:31:11,469 INFO k.a.j.l.GraphsGeneratorListener: Successful generation of file graphs\AggregateReportGui by plugin:AggregateReportGui
2017-12-22 14:31:11,469 INFO k.a.j.PluginsCMDWorker: Using JMeterPluginsCMD v. N/A
2017-12-22 14:31:11,469 WARN k.a.j.JMeterPluginsUtils: JMeter env exists. No one should see this normally.
2017-12-22 14:31:11,480 INFO k.a.c.GraphPanelChart: Saving PNG to C:\automation\PORTAL\fituportal_API_testing\fituportal\API\lecturer_controller\graphs\ResponseTimesOverTime.png
2017-12-22 14:31:11,532 INFO k.a.j.l.GraphsGeneratorListener: Successful generation of file graphs\ResponseTimesOverTime by plugin:ResponseTimesOverTime
2017-12-22 14:31:11,532 INFO k.a.j.PluginsCMDWorker: Using JMeterPluginsCMD v. N/A
2017-12-22 14:31:11,532 WARN k.a.j.JMeterPluginsUtils: JMeter env exists. No one should see this normally.
2017-12-22 14:31:11,543 INFO k.a.c.GraphPanelChart: Saving PNG to C:\automation\PORTAL\fituportal_API_testing\fituportal\API\lecturer_controller\graphs\HitsPerSecond.png
2017-12-22 14:31:11,588 INFO k.a.j.l.GraphsGeneratorListener: Successful generation of file graphs\HitsPerSecond by plugin:HitsPerSecond
2017-12-22 14:31:11,588 INFO k.a.j.PluginsCMDWorker: Using JMeterPluginsCMD v. N/A
2017-12-22 14:31:11,588 WARN k.a.j.JMeterPluginsUtils: JMeter env exists. No one should see this normally.
2017-12-22 14:31:11,598 INFO k.a.c.GraphPanelChart: Saving PNG to C:\automation\PORTAL\fituportal_API_testing\fituportal\API\lecturer_controller\graphs\BytesThroughputOverTime.png
2017-12-22 14:31:11,648 INFO k.a.j.l.GraphsGeneratorListener: Successful generation of file graphs\BytesThroughputOverTime by plugin:BytesThroughputOverTime
2017-12-22 14:31:11,648 INFO k.a.j.PluginsCMDWorker: Using JMeterPluginsCMD v. N/A
2017-12-22 14:31:11,648 WARN k.a.j.JMeterPluginsUtils: JMeter env exists. No one should see this normally.
2017-12-22 14:31:11,658 INFO k.a.c.GraphPanelChart: Saving PNG to C:\automation\PORTAL\fituportal_API_testing\fituportal\API\lecturer_controller\graphs\LatenciesOverTime.png
2017-12-22 14:31:11,708 INFO k.a.j.l.GraphsGeneratorListener: Successful generation of file graphs\LatenciesOverTime by plugin:LatenciesOverTime
2017-12-22 14:31:11,708 INFO k.a.j.PluginsCMDWorker: Using JMeterPluginsCMD v. N/A
2017-12-22 14:31:11,708 WARN k.a.j.JMeterPluginsUtils: JMeter env exists. No one should see this normally.
2017-12-22 14:31:11,720 INFO k.a.c.GraphPanelChart: Saving PNG to C:\automation\PORTAL\fituportal_API_testing\fituportal\API\lecturer_controller\graphs\ResponseCodesPerSecond.png
2017-12-22 14:31:11,764 INFO k.a.j.l.GraphsGeneratorListener: Successful generation of file graphs\ResponseCodesPerSecond by plugin:ResponseCodesPerSecond
2017-12-22 14:31:11,764 INFO k.a.j.PluginsCMDWorker: Using JMeterPluginsCMD v. N/A
2017-12-22 14:31:11,764 WARN k.a.j.JMeterPluginsUtils: JMeter env exists. No one should see this normally.
2017-12-22 14:31:11,775 INFO k.a.c.GraphPanelChart: Saving PNG to C:\automation\PORTAL\fituportal_API_testing\fituportal\API\lecturer_controller\graphs\TransactionsPerSecond.png
2017-12-22 14:31:11,820 INFO k.a.j.l.GraphsGeneratorListener: Successful generation of file graphs\TransactionsPerSecond by plugin:TransactionsPerSecond
2017-12-22 14:31:11,820 INFO k.a.j.PluginsCMDWorker: Using JMeterPluginsCMD v. N/A
2017-12-22 14:31:11,820 WARN k.a.j.JMeterPluginsUtils: JMeter env exists. No one should see this normally.
2017-12-22 14:31:11,829 INFO k.a.c.GraphPanelChart: Saving PNG to C:\automation\PORTAL\fituportal_API_testing\fituportal\API\lecturer_controller\graphs\ResponseTimesDistribution.png
2017-12-22 14:31:11,874 INFO k.a.j.l.GraphsGeneratorListener: Successful generation of file graphs\ResponseTimesDistribution by plugin:ResponseTimesDistribution
2017-12-22 14:31:11,874 INFO k.a.j.PluginsCMDWorker: Using JMeterPluginsCMD v. N/A
2017-12-22 14:31:11,874 WARN k.a.j.JMeterPluginsUtils: JMeter env exists. No one should see this normally.
2017-12-22 14:31:11,883 INFO k.a.c.GraphPanelChart: Saving PNG to C:\automation\PORTAL\fituportal_API_testing\fituportal\API\lecturer_controller\graphs\ResponseTimesPercentiles.png
2017-12-22 14:31:11,949 INFO k.a.j.l.GraphsGeneratorListener: Successful generation of file graphs\ResponseTimesPercentiles by plugin:ResponseTimesPercentiles
2017-12-22 14:31:11,949 INFO k.a.j.PluginsCMDWorker: Using JMeterPluginsCMD v. N/A
2017-12-22 14:31:11,949 WARN k.a.j.JMeterPluginsUtils: JMeter env exists. No one should see this normally.
2017-12-22 14:31:11,958 INFO k.a.c.GraphPanelChart: Saving PNG to C:\automation\PORTAL\fituportal_API_testing\fituportal\API\lecturer_controller\graphs\ThreadsStateOverTime.png
2017-12-22 14:31:12,005 INFO k.a.j.l.GraphsGeneratorListener: Successful generation of file graphs\ThreadsStateOverTime by plugin:ThreadsStateOverTime
2017-12-22 14:31:12,005 INFO k.a.j.PluginsCMDWorker: Using JMeterPluginsCMD v. N/A
2017-12-22 14:31:12,005 WARN k.a.j.JMeterPluginsUtils: JMeter env exists. No one should see this normally.
2017-12-22 14:31:12,014 INFO k.a.c.GraphPanelChart: Saving PNG to C:\automation\PORTAL\fituportal_API_testing\fituportal\API\lecturer_controller\graphs\TimesVsThreads.png
2017-12-22 14:31:12,062 INFO k.a.j.l.GraphsGeneratorListener: Successful generation of file graphs\TimesVsThreads by plugin:TimesVsThreads
2017-12-22 14:31:12,062 INFO k.a.j.PluginsCMDWorker: Using JMeterPluginsCMD v. N/A
2017-12-22 14:31:12,062 WARN k.a.j.JMeterPluginsUtils: JMeter env exists. No one should see this normally.
2017-12-22 14:31:12,072 INFO k.a.c.GraphPanelChart: Saving PNG to C:\automation\PORTAL\fituportal_API_testing\fituportal\API\lecturer_controller\graphs\ThroughputVsThreads.png
2017-12-22 14:31:12,127 INFO k.a.j.l.GraphsGeneratorListener: Successful generation of file graphs\ThroughputVsThreads by plugin:ThroughputVsThreads
2017-12-22 14:31:12,127 INFO o.a.j.g.u.JMeterMenuBar: setRunning(false, *local*)
2017-12-22 14:35:18,989 INFO o.a.j.e.StandardJMeterEngine: Running the test!
2017-12-22 14:35:18,989 INFO o.a.j.s.SampleEvent: List of sample_variables: []
2017-12-22 14:35:18,992 INFO o.a.j.g.u.JMeterMenuBar: setRunning(true, *local*)
2017-12-22 14:35:19,010 INFO o.a.j.e.StandardJMeterEngine: Starting ThreadGroup: 1 : Documentation of lecturer_controller
2017-12-22 14:35:19,011 INFO o.a.j.e.StandardJMeterEngine: Starting 1 threads for group Documentation of lecturer_controller.
2017-12-22 14:35:19,011 INFO o.a.j.e.StandardJMeterEngine: Thread will continue on error
2017-12-22 14:35:19,011 INFO o.a.j.t.ThreadGroup: Starting thread group... number=1 threads=1 ramp-up=1 perThread=1000.0 delayedStart=false
2017-12-22 14:35:19,012 INFO o.a.j.t.ThreadGroup: Started thread group number 1
2017-12-22 14:35:19,012 INFO o.a.j.e.StandardJMeterEngine: All thread groups have been started
2017-12-22 14:35:19,014 INFO o.a.j.t.JMeterThread: Thread started: Documentation of lecturer_controller 1-1
2017-12-22 14:35:20,920 INFO o.a.j.t.JMeterThread: Thread is done: Documentation of lecturer_controller 1-1
2017-12-22 14:35:20,920 INFO o.a.j.t.JMeterThread: Thread finished: Documentation of lecturer_controller 1-1
2017-12-22 14:35:20,921 INFO o.a.j.e.StandardJMeterEngine: Notifying test listeners of end of test
2017-12-22 14:35:20,923 INFO k.a.j.PluginsCMDWorker: Using JMeterPluginsCMD v. N/A
2017-12-22 14:35:20,923 WARN k.a.j.JMeterPluginsUtils: JMeter env exists. No one should see this normally.
2017-12-22 14:35:20,955 INFO k.a.j.v.SynthesisReportGui: Saving CSV to C:\automation\PORTAL\fituportal_API_testing\fituportal\API\lecturer_controller\graphs\SynthesisReportGui.csv
2017-12-22 14:35:20,959 INFO k.a.j.l.GraphsGeneratorListener: Successful generation of file graphs\SynthesisReportGui by plugin:SynthesisReportGui
2017-12-22 14:35:20,959 INFO k.a.j.PluginsCMDWorker: Using JMeterPluginsCMD v. N/A
2017-12-22 14:35:20,959 WARN k.a.j.JMeterPluginsUtils: JMeter env exists. No one should see this normally.
2017-12-22 14:35:20,974 WARN o.a.j.g.ObjectTableModel: Header count=13 but classes count=11
2017-12-22 14:35:20,975 WARN o.a.j.g.ObjectTableModel: Header count=13 but writeFunctor count=11
2017-12-22 14:35:20,978 INFO k.a.j.v.AggregateReportGui: Saving CSV to C:\automation\PORTAL\fituportal_API_testing\fituportal\API\lecturer_controller\graphs\AggregateReportGui.csv
2017-12-22 14:35:20,982 INFO k.a.j.l.GraphsGeneratorListener: Successful generation of file graphs\AggregateReportGui by plugin:AggregateReportGui
2017-12-22 14:35:20,982 INFO k.a.j.PluginsCMDWorker: Using JMeterPluginsCMD v. N/A
2017-12-22 14:35:20,982 WARN k.a.j.JMeterPluginsUtils: JMeter env exists. No one should see this normally.
2017-12-22 14:35:20,994 INFO k.a.c.GraphPanelChart: Saving PNG to C:\automation\PORTAL\fituportal_API_testing\fituportal\API\lecturer_controller\graphs\ResponseTimesOverTime.png
2017-12-22 14:35:21,044 INFO k.a.j.l.GraphsGeneratorListener: Successful generation of file graphs\ResponseTimesOverTime by plugin:ResponseTimesOverTime
2017-12-22 14:35:21,044 INFO k.a.j.PluginsCMDWorker: Using JMeterPluginsCMD v. N/A
2017-12-22 14:35:21,044 WARN k.a.j.JMeterPluginsUtils: JMeter env exists. No one should see this normally.
2017-12-22 14:35:21,053 INFO k.a.c.GraphPanelChart: Saving PNG to C:\automation\PORTAL\fituportal_API_testing\fituportal\API\lecturer_controller\graphs\HitsPerSecond.png
2017-12-22 14:35:21,098 INFO k.a.j.l.GraphsGeneratorListener: Successful generation of file graphs\HitsPerSecond by plugin:HitsPerSecond
2017-12-22 14:35:21,098 INFO k.a.j.PluginsCMDWorker: Using JMeterPluginsCMD v. N/A
2017-12-22 14:35:21,098 WARN k.a.j.JMeterPluginsUtils: JMeter env exists. No one should see this normally.
2017-12-22 14:35:21,108 INFO k.a.c.GraphPanelChart: Saving PNG to C:\automation\PORTAL\fituportal_API_testing\fituportal\API\lecturer_controller\graphs\BytesThroughputOverTime.png
2017-12-22 14:35:21,156 INFO k.a.j.l.GraphsGeneratorListener: Successful generation of file graphs\BytesThroughputOverTime by plugin:BytesThroughputOverTime
2017-12-22 14:35:21,156 INFO k.a.j.PluginsCMDWorker: Using JMeterPluginsCMD v. N/A
2017-12-22 14:35:21,156 WARN k.a.j.JMeterPluginsUtils: JMeter env exists. No one should see this normally.
2017-12-22 14:35:21,165 INFO k.a.c.GraphPanelChart: Saving PNG to C:\automation\PORTAL\fituportal_API_testing\fituportal\API\lecturer_controller\graphs\LatenciesOverTime.png
2017-12-22 14:35:21,216 INFO k.a.j.l.GraphsGeneratorListener: Successful generation of file graphs\LatenciesOverTime by plugin:LatenciesOverTime
2017-12-22 14:35:21,216 INFO k.a.j.PluginsCMDWorker: Using JMeterPluginsCMD v. N/A
2017-12-22 14:35:21,216 WARN k.a.j.JMeterPluginsUtils: JMeter env exists. No one should see this normally.
2017-12-22 14:35:21,225 INFO k.a.c.GraphPanelChart: Saving PNG to C:\automation\PORTAL\fituportal_API_testing\fituportal\API\lecturer_controller\graphs\ResponseCodesPerSecond.png
2017-12-22 14:35:21,270 INFO k.a.j.l.GraphsGeneratorListener: Successful generation of file graphs\ResponseCodesPerSecond by plugin:ResponseCodesPerSecond
2017-12-22 14:35:21,270 INFO k.a.j.PluginsCMDWorker: Using JMeterPluginsCMD v. N/A
2017-12-22 14:35:21,270 WARN k.a.j.JMeterPluginsUtils: JMeter env exists. No one should see this normally.
2017-12-22 14:35:21,279 INFO k.a.c.GraphPanelChart: Saving PNG to C:\automation\PORTAL\fituportal_API_testing\fituportal\API\lecturer_controller\graphs\TransactionsPerSecond.png
2017-12-22 14:35:21,324 INFO k.a.j.l.GraphsGeneratorListener: Successful generation of file graphs\TransactionsPerSecond by plugin:TransactionsPerSecond
2017-12-22 14:35:21,324 INFO k.a.j.PluginsCMDWorker: Using JMeterPluginsCMD v. N/A
2017-12-22 14:35:21,324 WARN k.a.j.JMeterPluginsUtils: JMeter env exists. No one should see this normally.
2017-12-22 14:35:21,333 INFO k.a.c.GraphPanelChart: Saving PNG to C:\automation\PORTAL\fituportal_API_testing\fituportal\API\lecturer_controller\graphs\ResponseTimesDistribution.png
2017-12-22 14:35:21,378 INFO k.a.j.l.GraphsGeneratorListener: Successful generation of file graphs\ResponseTimesDistribution by plugin:ResponseTimesDistribution
2017-12-22 14:35:21,378 INFO k.a.j.PluginsCMDWorker: Using JMeterPluginsCMD v. N/A
2017-12-22 14:35:21,378 WARN k.a.j.JMeterPluginsUtils: JMeter env exists. No one should see this normally.
2017-12-22 14:35:21,388 INFO k.a.c.GraphPanelChart: Saving PNG to C:\automation\PORTAL\fituportal_API_testing\fituportal\API\lecturer_controller\graphs\ResponseTimesPercentiles.png
2017-12-22 14:35:21,451 INFO k.a.j.l.GraphsGeneratorListener: Successful generation of file graphs\ResponseTimesPercentiles by plugin:ResponseTimesPercentiles
2017-12-22 14:35:21,452 INFO k.a.j.PluginsCMDWorker: Using JMeterPluginsCMD v. N/A
2017-12-22 14:35:21,452 WARN k.a.j.JMeterPluginsUtils: JMeter env exists. No one should see this normally.
2017-12-22 14:35:21,461 INFO k.a.c.GraphPanelChart: Saving PNG to C:\automation\PORTAL\fituportal_API_testing\fituportal\API\lecturer_controller\graphs\ThreadsStateOverTime.png
2017-12-22 14:35:21,506 INFO k.a.j.l.GraphsGeneratorListener: Successful generation of file graphs\ThreadsStateOverTime by plugin:ThreadsStateOverTime
2017-12-22 14:35:21,506 INFO k.a.j.PluginsCMDWorker: Using JMeterPluginsCMD v. N/A
2017-12-22 14:35:21,506 WARN k.a.j.JMeterPluginsUtils: JMeter env exists. No one should see this normally.
2017-12-22 14:35:21,515 INFO k.a.c.GraphPanelChart: Saving PNG to C:\automation\PORTAL\fituportal_API_testing\fituportal\API\lecturer_controller\graphs\TimesVsThreads.png
2017-12-22 14:35:21,564 INFO k.a.j.l.GraphsGeneratorListener: Successful generation of file graphs\TimesVsThreads by plugin:TimesVsThreads
2017-12-22 14:35:21,564 INFO k.a.j.PluginsCMDWorker: Using JMeterPluginsCMD v. N/A
2017-12-22 14:35:21,564 WARN k.a.j.JMeterPluginsUtils: JMeter env exists. No one should see this normally.
2017-12-22 14:35:21,573 INFO k.a.c.GraphPanelChart: Saving PNG to C:\automation\PORTAL\fituportal_API_testing\fituportal\API\lecturer_controller\graphs\ThroughputVsThreads.png
2017-12-22 14:35:21,630 INFO k.a.j.l.GraphsGeneratorListener: Successful generation of file graphs\ThroughputVsThreads by plugin:ThroughputVsThreads
2017-12-22 14:35:21,630 INFO o.a.j.g.u.JMeterMenuBar: setRunning(false, *local*)
2017-12-22 14:37:16,570 INFO o.a.j.e.StandardJMeterEngine: Running the test!
2017-12-22 14:37:16,571 INFO o.a.j.s.SampleEvent: List of sample_variables: []
2017-12-22 14:37:16,573 INFO o.a.j.g.u.JMeterMenuBar: setRunning(true, *local*)
2017-12-22 14:37:16,581 INFO o.a.j.e.StandardJMeterEngine: Starting ThreadGroup: 1 : Documentation of lecturer_controller
2017-12-22 14:37:16,581 INFO o.a.j.e.StandardJMeterEngine: Starting 1 threads for group Documentation of lecturer_controller.
2017-12-22 14:37:16,581 INFO o.a.j.e.StandardJMeterEngine: Thread will continue on error
2017-12-22 14:37:16,581 INFO o.a.j.t.ThreadGroup: Starting thread group... number=1 threads=1 ramp-up=1 perThread=1000.0 delayedStart=false
2017-12-22 14:37:16,582 INFO o.a.j.t.ThreadGroup: Started thread group number 1
2017-12-22 14:37:16,582 INFO o.a.j.e.StandardJMeterEngine: All thread groups have been started
2017-12-22 14:37:16,582 INFO o.a.j.t.JMeterThread: Thread started: Documentation of lecturer_controller 1-1
2017-12-22 14:37:19,221 INFO o.a.j.t.JMeterThread: Thread is done: Documentation of lecturer_controller 1-1
2017-12-22 14:37:19,221 INFO o.a.j.t.JMeterThread: Thread finished: Documentation of lecturer_controller 1-1
2017-12-22 14:37:19,222 INFO o.a.j.e.StandardJMeterEngine: Notifying test listeners of end of test
2017-12-22 14:37:19,224 INFO k.a.j.PluginsCMDWorker: Using JMeterPluginsCMD v. N/A
2017-12-22 14:37:19,225 WARN k.a.j.JMeterPluginsUtils: JMeter env exists. No one should see this normally.
2017-12-22 14:37:19,258 INFO k.a.j.v.SynthesisReportGui: Saving CSV to C:\automation\PORTAL\fituportal_API_testing\fituportal\API\lecturer_controller\graphs\SynthesisReportGui.csv
2017-12-22 14:37:19,261 INFO k.a.j.l.GraphsGeneratorListener: Successful generation of file graphs\SynthesisReportGui by plugin:SynthesisReportGui
2017-12-22 14:37:19,261 INFO k.a.j.PluginsCMDWorker: Using JMeterPluginsCMD v. N/A
2017-12-22 14:37:19,261 WARN k.a.j.JMeterPluginsUtils: JMeter env exists. No one should see this normally.
2017-12-22 14:37:19,274 WARN o.a.j.g.ObjectTableModel: Header count=13 but classes count=11
2017-12-22 14:37:19,274 WARN o.a.j.g.ObjectTableModel: Header count=13 but writeFunctor count=11
2017-12-22 14:37:19,278 INFO k.a.j.v.AggregateReportGui: Saving CSV to C:\automation\PORTAL\fituportal_API_testing\fituportal\API\lecturer_controller\graphs\AggregateReportGui.csv
2017-12-22 14:37:19,281 INFO k.a.j.l.GraphsGeneratorListener: Successful generation of file graphs\AggregateReportGui by plugin:AggregateReportGui
2017-12-22 14:37:19,281 INFO k.a.j.PluginsCMDWorker: Using JMeterPluginsCMD v. N/A
2017-12-22 14:37:19,281 WARN k.a.j.JMeterPluginsUtils: JMeter env exists. No one should see this normally.
2017-12-22 14:37:19,294 INFO k.a.c.GraphPanelChart: Saving PNG to C:\automation\PORTAL\fituportal_API_testing\fituportal\API\lecturer_controller\graphs\ResponseTimesOverTime.png
2017-12-22 14:37:19,348 INFO k.a.j.l.GraphsGeneratorListener: Successful generation of file graphs\ResponseTimesOverTime by plugin:ResponseTimesOverTime
2017-12-22 14:37:19,348 INFO k.a.j.PluginsCMDWorker: Using JMeterPluginsCMD v. N/A
2017-12-22 14:37:19,348 WARN k.a.j.JMeterPluginsUtils: JMeter env exists. No one should see this normally.
2017-12-22 14:37:19,358 INFO k.a.c.GraphPanelChart: Saving PNG to C:\automation\PORTAL\fituportal_API_testing\fituportal\API\lecturer_controller\graphs\HitsPerSecond.png
2017-12-22 14:37:19,401 INFO k.a.j.l.GraphsGeneratorListener: Successful generation of file graphs\HitsPerSecond by plugin:HitsPerSecond
2017-12-22 14:37:19,401 INFO k.a.j.PluginsCMDWorker: Using JMeterPluginsCMD v. N/A
2017-12-22 14:37:19,401 WARN k.a.j.JMeterPluginsUtils: JMeter env exists. No one should see this normally.
2017-12-22 14:37:19,411 INFO k.a.c.GraphPanelChart: Saving PNG to C:\automation\PORTAL\fituportal_API_testing\fituportal\API\lecturer_controller\graphs\BytesThroughputOverTime.png
2017-12-22 14:37:19,460 INFO k.a.j.l.GraphsGeneratorListener: Successful generation of file graphs\BytesThroughputOverTime by plugin:BytesThroughputOverTime
2017-12-22 14:37:19,460 INFO k.a.j.PluginsCMDWorker: Using JMeterPluginsCMD v. N/A
2017-12-22 14:37:19,460 WARN k.a.j.JMeterPluginsUtils: JMeter env exists. No one should see this normally.
2017-12-22 14:37:19,470 INFO k.a.c.GraphPanelChart: Saving PNG to C:\automation\PORTAL\fituportal_API_testing\fituportal\API\lecturer_controller\graphs\LatenciesOverTime.png
2017-12-22 14:37:19,518 INFO k.a.j.l.GraphsGeneratorListener: Successful generation of file graphs\LatenciesOverTime by plugin:LatenciesOverTime
2017-12-22 14:37:19,518 INFO k.a.j.PluginsCMDWorker: Using JMeterPluginsCMD v. N/A
2017-12-22 14:37:19,518 WARN k.a.j.JMeterPluginsUtils: JMeter env exists. No one should see this normally.
2017-12-22 14:37:19,526 INFO k.a.c.GraphPanelChart: Saving PNG to C:\automation\PORTAL\fituportal_API_testing\fituportal\API\lecturer_controller\graphs\ResponseCodesPerSecond.png
2017-12-22 14:37:19,570 INFO k.a.j.l.GraphsGeneratorListener: Successful generation of file graphs\ResponseCodesPerSecond by plugin:ResponseCodesPerSecond
2017-12-22 14:37:19,570 INFO k.a.j.PluginsCMDWorker: Using JMeterPluginsCMD v. N/A
2017-12-22 14:37:19,570 WARN k.a.j.JMeterPluginsUtils: JMeter env exists. No one should see this normally.
2017-12-22 14:37:19,582 INFO k.a.c.GraphPanelChart: Saving PNG to C:\automation\PORTAL\fituportal_API_testing\fituportal\API\lecturer_controller\graphs\TransactionsPerSecond.png
2017-12-22 14:37:19,635 INFO k.a.j.l.GraphsGeneratorListener: Successful generation of file graphs\TransactionsPerSecond by plugin:TransactionsPerSecond
2017-12-22 14:37:19,635 INFO k.a.j.PluginsCMDWorker: Using JMeterPluginsCMD v. N/A
2017-12-22 14:37:19,635 WARN k.a.j.JMeterPluginsUtils: JMeter env exists. No one should see this normally.
2017-12-22 14:37:19,643 INFO k.a.c.GraphPanelChart: Saving PNG to C:\automation\PORTAL\fituportal_API_testing\fituportal\API\lecturer_controller\graphs\ResponseTimesDistribution.png
2017-12-22 14:37:19,686 INFO k.a.j.l.GraphsGeneratorListener: Successful generation of file graphs\ResponseTimesDistribution by plugin:ResponseTimesDistribution
2017-12-22 14:37:19,686 INFO k.a.j.PluginsCMDWorker: Using JMeterPluginsCMD v. N/A
2017-12-22 14:37:19,686 WARN k.a.j.JMeterPluginsUtils: JMeter env exists. No one should see this normally.
2017-12-22 14:37:19,694 INFO k.a.c.GraphPanelChart: Saving PNG to C:\automation\PORTAL\fituportal_API_testing\fituportal\API\lecturer_controller\graphs\ResponseTimesPercentiles.png
2017-12-22 14:37:19,756 INFO k.a.j.l.GraphsGeneratorListener: Successful generation of file graphs\ResponseTimesPercentiles by plugin:ResponseTimesPercentiles
2017-12-22 14:37:19,756 INFO k.a.j.PluginsCMDWorker: Using JMeterPluginsCMD v. N/A
2017-12-22 14:37:19,756 WARN k.a.j.JMeterPluginsUtils: JMeter env exists. No one should see this normally.
2017-12-22 14:37:19,764 INFO k.a.c.GraphPanelChart: Saving PNG to C:\automation\PORTAL\fituportal_API_testing\fituportal\API\lecturer_controller\graphs\ThreadsStateOverTime.png
2017-12-22 14:37:19,809 INFO k.a.j.l.GraphsGeneratorListener: Successful generation of file graphs\ThreadsStateOverTime by plugin:ThreadsStateOverTime
2017-12-22 14:37:19,809 INFO k.a.j.PluginsCMDWorker: Using JMeterPluginsCMD v. N/A
2017-12-22 14:37:19,809 WARN k.a.j.JMeterPluginsUtils: JMeter env exists. No one should see this normally.
2017-12-22 14:37:19,817 INFO k.a.c.GraphPanelChart: Saving PNG to C:\automation\PORTAL\fituportal_API_testing\fituportal\API\lecturer_controller\graphs\TimesVsThreads.png
2017-12-22 14:37:19,866 INFO k.a.j.l.GraphsGeneratorListener: Successful generation of file graphs\TimesVsThreads by plugin:TimesVsThreads
2017-12-22 14:37:19,866 INFO k.a.j.PluginsCMDWorker: Using JMeterPluginsCMD v. N/A
2017-12-22 14:37:19,866 WARN k.a.j.JMeterPluginsUtils: JMeter env exists. No one should see this normally.
2017-12-22 14:37:19,873 INFO k.a.c.GraphPanelChart: Saving PNG to C:\automation\PORTAL\fituportal_API_testing\fituportal\API\lecturer_controller\graphs\ThroughputVsThreads.png
2017-12-22 14:37:19,927 INFO k.a.j.l.GraphsGeneratorListener: Successful generation of file graphs\ThroughputVsThreads by plugin:ThroughputVsThreads
2017-12-22 14:37:19,927 INFO o.a.j.g.u.JMeterMenuBar: setRunning(false, *local*)
2017-12-22 14:46:22,065 INFO o.a.j.e.StandardJMeterEngine: Running the test!
2017-12-22 14:46:22,065 INFO o.a.j.s.SampleEvent: List of sample_variables: []
2017-12-22 14:46:22,068 INFO o.a.j.g.u.JMeterMenuBar: setRunning(true, *local*)
2017-12-22 14:46:22,198 INFO o.a.j.e.StandardJMeterEngine: Starting ThreadGroup: 1 : Documentation of lecturer_controller
2017-12-22 14:46:22,198 INFO o.a.j.e.StandardJMeterEngine: Starting 1 threads for group Documentation of lecturer_controller.
2017-12-22 14:46:22,198 INFO o.a.j.e.StandardJMeterEngine: Thread will continue on error
2017-12-22 14:46:22,198 INFO o.a.j.t.ThreadGroup: Starting thread group... number=1 threads=1 ramp-up=1 perThread=1000.0 delayedStart=false
2017-12-22 14:46:22,198 INFO o.a.j.t.ThreadGroup: Started thread group number 1
2017-12-22 14:46:22,198 INFO o.a.j.e.StandardJMeterEngine: All thread groups have been started
2017-12-22 14:46:22,199 INFO o.a.j.t.JMeterThread: Thread started: Documentation of lecturer_controller 1-1
2017-12-22 14:46:25,335 INFO o.a.j.t.JMeterThread: Thread is done: Documentation of lecturer_controller 1-1
2017-12-22 14:46:25,336 INFO o.a.j.t.JMeterThread: Thread finished: Documentation of lecturer_controller 1-1
2017-12-22 14:46:25,337 INFO o.a.j.e.StandardJMeterEngine: Notifying test listeners of end of test
2017-12-22 14:46:25,339 INFO k.a.j.PluginsCMDWorker: Using JMeterPluginsCMD v. N/A
2017-12-22 14:46:25,339 WARN k.a.j.JMeterPluginsUtils: JMeter env exists. No one should see this normally.
2017-12-22 14:46:25,372 INFO k.a.j.v.SynthesisReportGui: Saving CSV to C:\automation\PORTAL\fituportal_API_testing\fituportal\API\lecturer_controller\graphs\SynthesisReportGui.csv
2017-12-22 14:46:25,374 INFO k.a.j.l.GraphsGeneratorListener: Successful generation of file graphs\SynthesisReportGui by plugin:SynthesisReportGui
2017-12-22 14:46:25,374 INFO k.a.j.PluginsCMDWorker: Using JMeterPluginsCMD v. N/A
2017-12-22 14:46:25,374 WARN k.a.j.JMeterPluginsUtils: JMeter env exists. No one should see this normally.
2017-12-22 14:46:25,384 WARN o.a.j.g.ObjectTableModel: Header count=13 but classes count=11
2017-12-22 14:46:25,384 WARN o.a.j.g.ObjectTableModel: Header count=13 but writeFunctor count=11
2017-12-22 14:46:25,389 INFO k.a.j.v.AggregateReportGui: Saving CSV to C:\automation\PORTAL\fituportal_API_testing\fituportal\API\lecturer_controller\graphs\AggregateReportGui.csv
2017-12-22 14:46:25,391 INFO k.a.j.l.GraphsGeneratorListener: Successful generation of file graphs\AggregateReportGui by plugin:AggregateReportGui
2017-12-22 14:46:25,391 INFO k.a.j.PluginsCMDWorker: Using JMeterPluginsCMD v. N/A
2017-12-22 14:46:25,391 WARN k.a.j.JMeterPluginsUtils: JMeter env exists. No one should see this normally.
2017-12-22 14:46:25,405 INFO k.a.c.GraphPanelChart: Saving PNG to C:\automation\PORTAL\fituportal_API_testing\fituportal\API\lecturer_controller\graphs\ResponseTimesOverTime.png
2017-12-22 14:46:25,456 INFO k.a.j.l.GraphsGeneratorListener: Successful generation of file graphs\ResponseTimesOverTime by plugin:ResponseTimesOverTime
2017-12-22 14:46:25,456 INFO k.a.j.PluginsCMDWorker: Using JMeterPluginsCMD v. N/A
2017-12-22 14:46:25,456 WARN k.a.j.JMeterPluginsUtils: JMeter env exists. No one should see this normally.
2017-12-22 14:46:25,465 INFO k.a.c.GraphPanelChart: Saving PNG to C:\automation\PORTAL\fituportal_API_testing\fituportal\API\lecturer_controller\graphs\HitsPerSecond.png
2017-12-22 14:46:25,509 INFO k.a.j.l.GraphsGeneratorListener: Successful generation of file graphs\HitsPerSecond by plugin:HitsPerSecond
2017-12-22 14:46:25,510 INFO k.a.j.PluginsCMDWorker: Using JMeterPluginsCMD v. N/A
2017-12-22 14:46:25,510 WARN k.a.j.JMeterPluginsUtils: JMeter env exists. No one should see this normally.
2017-12-22 14:46:25,517 INFO k.a.c.GraphPanelChart: Saving PNG to C:\automation\PORTAL\fituportal_API_testing\fituportal\API\lecturer_controller\graphs\BytesThroughputOverTime.png
2017-12-22 14:46:25,568 INFO k.a.j.l.GraphsGeneratorListener: Successful generation of file graphs\BytesThroughputOverTime by plugin:BytesThroughputOverTime
2017-12-22 14:46:25,568 INFO k.a.j.PluginsCMDWorker: Using JMeterPluginsCMD v. N/A
2017-12-22 14:46:25,568 WARN k.a.j.JMeterPluginsUtils: JMeter env exists. No one should see this normally.
2017-12-22 14:46:25,577 INFO k.a.c.GraphPanelChart: Saving PNG to C:\automation\PORTAL\fituportal_API_testing\fituportal\API\lecturer_controller\graphs\LatenciesOverTime.png
2017-12-22 14:46:25,626 INFO k.a.j.l.GraphsGeneratorListener: Successful generation of file graphs\LatenciesOverTime by plugin:LatenciesOverTime
2017-12-22 14:46:25,626 INFO k.a.j.PluginsCMDWorker: Using JMeterPluginsCMD v. N/A
2017-12-22 14:46:25,626 WARN k.a.j.JMeterPluginsUtils: JMeter env exists. No one should see this normally.
2017-12-22 14:46:25,634 INFO k.a.c.GraphPanelChart: Saving PNG to C:\automation\PORTAL\fituportal_API_testing\fituportal\API\lecturer_controller\graphs\ResponseCodesPerSecond.png
2017-12-22 14:46:25,678 INFO k.a.j.l.GraphsGeneratorListener: Successful generation of file graphs\ResponseCodesPerSecond by plugin:ResponseCodesPerSecond
2017-12-22 14:46:25,678 INFO k.a.j.PluginsCMDWorker: Using JMeterPluginsCMD v. N/A
2017-12-22 14:46:25,678 WARN k.a.j.JMeterPluginsUtils: JMeter env exists. No one should see this normally.
2017-12-22 14:46:25,686 INFO k.a.c.GraphPanelChart: Saving PNG to C:\automation\PORTAL\fituportal_API_testing\fituportal\API\lecturer_controller\graphs\TransactionsPerSecond.png
2017-12-22 14:46:25,732 INFO k.a.j.l.GraphsGeneratorListener: Successful generation of file graphs\TransactionsPerSecond by plugin:TransactionsPerSecond
2017-12-22 14:46:25,732 INFO k.a.j.PluginsCMDWorker: Using JMeterPluginsCMD v. N/A
2017-12-22 14:46:25,732 WARN k.a.j.JMeterPluginsUtils: JMeter env exists. No one should see this normally.
2017-12-22 14:46:25,740 INFO k.a.c.GraphPanelChart: Saving PNG to C:\automation\PORTAL\fituportal_API_testing\fituportal\API\lecturer_controller\graphs\ResponseTimesDistribution.png
2017-12-22 14:46:25,787 INFO k.a.j.l.GraphsGeneratorListener: Successful generation of file graphs\ResponseTimesDistribution by plugin:ResponseTimesDistribution
2017-12-22 14:46:25,787 INFO k.a.j.PluginsCMDWorker: Using JMeterPluginsCMD v. N/A
2017-12-22 14:46:25,787 WARN k.a.j.JMeterPluginsUtils: JMeter env exists. No one should see this normally.
2017-12-22 14:46:25,796 INFO k.a.c.GraphPanelChart: Saving PNG to C:\automation\PORTAL\fituportal_API_testing\fituportal\API\lecturer_controller\graphs\ResponseTimesPercentiles.png
2017-12-22 14:46:25,859 INFO k.a.j.l.GraphsGeneratorListener: Successful generation of file graphs\ResponseTimesPercentiles by plugin:ResponseTimesPercentiles
2017-12-22 14:46:25,859 INFO k.a.j.PluginsCMDWorker: Using JMeterPluginsCMD v. N/A
2017-12-22 14:46:25,859 WARN k.a.j.JMeterPluginsUtils: JMeter env exists. No one should see this normally.
2017-12-22 14:46:25,868 INFO k.a.c.GraphPanelChart: Saving PNG to C:\automation\PORTAL\fituportal_API_testing\fituportal\API\lecturer_controller\graphs\ThreadsStateOverTime.png
2017-12-22 14:46:25,914 INFO k.a.j.l.GraphsGeneratorListener: Successful generation of file graphs\ThreadsStateOverTime by plugin:ThreadsStateOverTime
2017-12-22 14:46:25,914 INFO k.a.j.PluginsCMDWorker: Using JMeterPluginsCMD v. N/A
2017-12-22 14:46:25,914 WARN k.a.j.JMeterPluginsUtils: JMeter env exists. No one should see this normally.
2017-12-22 14:46:25,922 INFO k.a.c.GraphPanelChart: Saving PNG to C:\automation\PORTAL\fituportal_API_testing\fituportal\API\lecturer_controller\graphs\TimesVsThreads.png
2017-12-22 14:46:25,970 INFO k.a.j.l.GraphsGeneratorListener: Successful generation of file graphs\TimesVsThreads by plugin:TimesVsThreads
2017-12-22 14:46:25,970 INFO k.a.j.PluginsCMDWorker: Using JMeterPluginsCMD v. N/A
2017-12-22 14:46:25,970 WARN k.a.j.JMeterPluginsUtils: JMeter env exists. No one should see this normally.
2017-12-22 14:46:25,978 INFO k.a.c.GraphPanelChart: Saving PNG to C:\automation\PORTAL\fituportal_API_testing\fituportal\API\lecturer_controller\graphs\ThroughputVsThreads.png
2017-12-22 14:46:26,033 INFO k.a.j.l.GraphsGeneratorListener: Successful generation of file graphs\ThroughputVsThreads by plugin:ThroughputVsThreads
2017-12-22 14:46:26,033 INFO o.a.j.g.u.JMeterMenuBar: setRunning(false, *local*)
2017-12-22 14:47:09,200 INFO o.a.j.e.StandardJMeterEngine: Running the test!
2017-12-22 14:47:09,200 INFO o.a.j.s.SampleEvent: List of sample_variables: []
2017-12-22 14:47:09,203 INFO o.a.j.g.u.JMeterMenuBar: setRunning(true, *local*)
2017-12-22 14:47:09,211 INFO o.a.j.e.StandardJMeterEngine: Starting ThreadGroup: 1 : Documentation of lecturer_controller
2017-12-22 14:47:09,211 INFO o.a.j.e.StandardJMeterEngine: Starting 1 threads for group Documentation of lecturer_controller.
2017-12-22 14:47:09,212 INFO o.a.j.e.StandardJMeterEngine: Thread will continue on error
2017-12-22 14:47:09,212 INFO o.a.j.t.ThreadGroup: Starting thread group... number=1 threads=1 ramp-up=1 perThread=1000.0 delayedStart=false
2017-12-22 14:47:09,212 INFO o.a.j.t.ThreadGroup: Started thread group number 1
2017-12-22 14:47:09,212 INFO o.a.j.e.StandardJMeterEngine: All thread groups have been started
2017-12-22 14:47:09,213 INFO o.a.j.t.JMeterThread: Thread started: Documentation of lecturer_controller 1-1
2017-12-22 14:47:11,221 INFO o.a.j.t.JMeterThread: Thread is done: Documentation of lecturer_controller 1-1
2017-12-22 14:47:11,221 INFO o.a.j.t.JMeterThread: Thread finished: Documentation of lecturer_controller 1-1
2017-12-22 14:47:11,222 INFO o.a.j.e.StandardJMeterEngine: Notifying test listeners of end of test
2017-12-22 14:47:11,224 INFO k.a.j.PluginsCMDWorker: Using JMeterPluginsCMD v. N/A
2017-12-22 14:47:11,224 WARN k.a.j.JMeterPluginsUtils: JMeter env exists. No one should see this normally.
2017-12-22 14:47:11,248 INFO k.a.j.v.SynthesisReportGui: Saving CSV to C:\automation\PORTAL\fituportal_API_testing\fituportal\API\lecturer_controller\graphs\SynthesisReportGui.csv
2017-12-22 14:47:11,250 INFO k.a.j.l.GraphsGeneratorListener: Successful generation of file graphs\SynthesisReportGui by plugin:SynthesisReportGui
2017-12-22 14:47:11,250 INFO k.a.j.PluginsCMDWorker: Using JMeterPluginsCMD v. N/A
2017-12-22 14:47:11,250 WARN k.a.j.JMeterPluginsUtils: JMeter env exists. No one should see this normally.
2017-12-22 14:47:11,261 WARN o.a.j.g.ObjectTableModel: Header count=13 but classes count=11
2017-12-22 14:47:11,262 WARN o.a.j.g.ObjectTableModel: Header count=13 but writeFunctor count=11
2017-12-22 14:47:11,266 INFO k.a.j.v.AggregateReportGui: Saving CSV to C:\automation\PORTAL\fituportal_API_testing\fituportal\API\lecturer_controller\graphs\AggregateReportGui.csv
2017-12-22 14:47:11,268 INFO k.a.j.l.GraphsGeneratorListener: Successful generation of file graphs\AggregateReportGui by plugin:AggregateReportGui
2017-12-22 14:47:11,268 INFO k.a.j.PluginsCMDWorker: Using JMeterPluginsCMD v. N/A
2017-12-22 14:47:11,268 WARN k.a.j.JMeterPluginsUtils: JMeter env exists. No one should see this normally.
2017-12-22 14:47:11,277 INFO k.a.c.GraphPanelChart: Saving PNG to C:\automation\PORTAL\fituportal_API_testing\fituportal\API\lecturer_controller\graphs\ResponseTimesOverTime.png
2017-12-22 14:47:11,327 INFO k.a.j.l.GraphsGeneratorListener: Successful generation of file graphs\ResponseTimesOverTime by plugin:ResponseTimesOverTime
2017-12-22 14:47:11,327 INFO k.a.j.PluginsCMDWorker: Using JMeterPluginsCMD v. N/A
2017-12-22 14:47:11,327 WARN k.a.j.JMeterPluginsUtils: JMeter env exists. No one should see this normally.
2017-12-22 14:47:11,335 INFO k.a.c.GraphPanelChart: Saving PNG to C:\automation\PORTAL\fituportal_API_testing\fituportal\API\lecturer_controller\graphs\HitsPerSecond.png
2017-12-22 14:47:11,380 INFO k.a.j.l.GraphsGeneratorListener: Successful generation of file graphs\HitsPerSecond by plugin:HitsPerSecond
2017-12-22 14:47:11,380 INFO k.a.j.PluginsCMDWorker: Using JMeterPluginsCMD v. N/A
2017-12-22 14:47:11,380 WARN k.a.j.JMeterPluginsUtils: JMeter env exists. No one should see this normally.
2017-12-22 14:47:11,388 INFO k.a.c.GraphPanelChart: Saving PNG to C:\automation\PORTAL\fituportal_API_testing\fituportal\API\lecturer_controller\graphs\BytesThroughputOverTime.png
2017-12-22 14:47:11,438 INFO k.a.j.l.GraphsGeneratorListener: Successful generation of file graphs\BytesThroughputOverTime by plugin:BytesThroughputOverTime
2017-12-22 14:47:11,438 INFO k.a.j.PluginsCMDWorker: Using JMeterPluginsCMD v. N/A
2017-12-22 14:47:11,438 WARN k.a.j.JMeterPluginsUtils: JMeter env exists. No one should see this normally.
2017-12-22 14:47:11,445 INFO k.a.c.GraphPanelChart: Saving PNG to C:\automation\PORTAL\fituportal_API_testing\fituportal\API\lecturer_controller\graphs\LatenciesOverTime.png
2017-12-22 14:47:11,494 INFO k.a.j.l.GraphsGeneratorListener: Successful generation of file graphs\LatenciesOverTime by plugin:LatenciesOverTime
2017-12-22 14:47:11,494 INFO k.a.j.PluginsCMDWorker: Using JMeterPluginsCMD v. N/A
2017-12-22 14:47:11,494 WARN k.a.j.JMeterPluginsUtils: JMeter env exists. No one should see this normally.
2017-12-22 14:47:11,503 INFO k.a.c.GraphPanelChart: Saving PNG to C:\automation\PORTAL\fituportal_API_testing\fituportal\API\lecturer_controller\graphs\ResponseCodesPerSecond.png
2017-12-22 14:47:11,549 INFO k.a.j.l.GraphsGeneratorListener: Successful generation of file graphs\ResponseCodesPerSecond by plugin:ResponseCodesPerSecond
2017-12-22 14:47:11,550 INFO k.a.j.PluginsCMDWorker: Using JMeterPluginsCMD v. N/A
2017-12-22 14:47:11,550 WARN k.a.j.JMeterPluginsUtils: JMeter env exists. No one should see this normally.
2017-12-22 14:47:11,557 INFO k.a.c.GraphPanelChart: Saving PNG to C:\automation\PORTAL\fituportal_API_testing\fituportal\API\lecturer_controller\graphs\TransactionsPerSecond.png
2017-12-22 14:47:11,604 INFO k.a.j.l.GraphsGeneratorListener: Successful generation of file graphs\TransactionsPerSecond by plugin:TransactionsPerSecond
2017-12-22 14:47:11,604 INFO k.a.j.PluginsCMDWorker: Using JMeterPluginsCMD v. N/A
2017-12-22 14:47:11,604 WARN k.a.j.JMeterPluginsUtils: JMeter env exists. No one should see this normally.
2017-12-22 14:47:11,614 INFO k.a.c.GraphPanelChart: Saving PNG to C:\automation\PORTAL\fituportal_API_testing\fituportal\API\lecturer_controller\graphs\ResponseTimesDistribution.png
2017-12-22 14:47:11,663 INFO k.a.j.l.GraphsGeneratorListener: Successful generation of file graphs\ResponseTimesDistribution by plugin:ResponseTimesDistribution
2017-12-22 14:47:11,663 INFO k.a.j.PluginsCMDWorker: Using JMeterPluginsCMD v. N/A
2017-12-22 14:47:11,663 WARN k.a.j.JMeterPluginsUtils: JMeter env exists. No one should see this normally.
2017-12-22 14:47:11,672 INFO k.a.c.GraphPanelChart: Saving PNG to C:\automation\PORTAL\fituportal_API_testing\fituportal\API\lecturer_controller\graphs\ResponseTimesPercentiles.png
2017-12-22 14:47:11,740 INFO k.a.j.l.GraphsGeneratorListener: Successful generation of file graphs\ResponseTimesPercentiles by plugin:ResponseTimesPercentiles
2017-12-22 14:47:11,741 INFO k.a.j.PluginsCMDWorker: Using JMeterPluginsCMD v. N/A
2017-12-22 14:47:11,741 WARN k.a.j.JMeterPluginsUtils: JMeter env exists. No one should see this normally.
2017-12-22 14:47:11,749 INFO k.a.c.GraphPanelChart: Saving PNG to C:\automation\PORTAL\fituportal_API_testing\fituportal\API\lecturer_controller\graphs\ThreadsStateOverTime.png
2017-12-22 14:47:11,797 INFO k.a.j.l.GraphsGeneratorListener: Successful generation of file graphs\ThreadsStateOverTime by plugin:ThreadsStateOverTime
2017-12-22 14:47:11,797 INFO k.a.j.PluginsCMDWorker: Using JMeterPluginsCMD v. N/A
2017-12-22 14:47:11,797 WARN k.a.j.JMeterPluginsUtils: JMeter env exists. No one should see this normally.
2017-12-22 14:47:11,805 INFO k.a.c.GraphPanelChart: Saving PNG to C:\automation\PORTAL\fituportal_API_testing\fituportal\API\lecturer_controller\graphs\TimesVsThreads.png
2017-12-22 14:47:11,855 INFO k.a.j.l.GraphsGeneratorListener: Successful generation of file graphs\TimesVsThreads by plugin:TimesVsThreads
2017-12-22 14:47:11,855 INFO k.a.j.PluginsCMDWorker: Using JMeterPluginsCMD v. N/A
2017-12-22 14:47:11,855 WARN k.a.j.JMeterPluginsUtils: JMeter env exists. No one should see this normally.
2017-12-22 14:47:11,863 INFO k.a.c.GraphPanelChart: Saving PNG to C:\automation\PORTAL\fituportal_API_testing\fituportal\API\lecturer_controller\graphs\ThroughputVsThreads.png
2017-12-22 14:47:11,918 INFO k.a.j.l.GraphsGeneratorListener: Successful generation of file graphs\ThroughputVsThreads by plugin:ThroughputVsThreads
2017-12-22 14:47:11,918 INFO o.a.j.g.u.JMeterMenuBar: setRunning(false, *local*)
2017-12-22 14:47:44,599 INFO o.a.j.e.StandardJMeterEngine: Running the test!
2017-12-22 14:47:44,599 INFO o.a.j.s.SampleEvent: List of sample_variables: []
2017-12-22 14:47:44,602 INFO o.a.j.g.u.JMeterMenuBar: setRunning(true, *local*)
2017-12-22 14:47:44,612 INFO o.a.j.e.StandardJMeterEngine: Starting ThreadGroup: 1 : Documentation of lecturer_controller
2017-12-22 14:47:44,612 INFO o.a.j.e.StandardJMeterEngine: Starting 1 threads for group Documentation of lecturer_controller.
2017-12-22 14:47:44,612 INFO o.a.j.e.StandardJMeterEngine: Thread will continue on error
2017-12-22 14:47:44,612 INFO o.a.j.t.ThreadGroup: Starting thread group... number=1 threads=1 ramp-up=1 perThread=1000.0 delayedStart=false
2017-12-22 14:47:44,612 INFO o.a.j.t.ThreadGroup: Started thread group number 1
2017-12-22 14:47:44,612 INFO o.a.j.e.StandardJMeterEngine: All thread groups have been started
2017-12-22 14:47:44,613 INFO o.a.j.t.JMeterThread: Thread started: Documentation of lecturer_controller 1-1
2017-12-22 14:47:46,303 INFO o.a.j.t.JMeterThread: Thread is done: Documentation of lecturer_controller 1-1
2017-12-22 14:47:46,303 INFO o.a.j.t.JMeterThread: Thread finished: Documentation of lecturer_controller 1-1
2017-12-22 14:47:46,303 INFO o.a.j.e.StandardJMeterEngine: Notifying test listeners of end of test
2017-12-22 14:47:46,304 INFO k.a.j.PluginsCMDWorker: Using JMeterPluginsCMD v. N/A
2017-12-22 14:47:46,304 WARN k.a.j.JMeterPluginsUtils: JMeter env exists. No one should see this normally.
2017-12-22 14:47:46,314 INFO k.a.j.v.SynthesisReportGui: Saving CSV to C:\automation\PORTAL\fituportal_API_testing\fituportal\API\lecturer_controller\graphs\SynthesisReportGui.csv
2017-12-22 14:47:46,316 INFO k.a.j.l.GraphsGeneratorListener: Successful generation of file graphs\SynthesisReportGui by plugin:SynthesisReportGui
2017-12-22 14:47:46,316 INFO k.a.j.PluginsCMDWorker: Using JMeterPluginsCMD v. N/A
2017-12-22 14:47:46,316 WARN k.a.j.JMeterPluginsUtils: JMeter env exists. No one should see this normally.
2017-12-22 14:47:46,323 WARN o.a.j.g.ObjectTableModel: Header count=13 but classes count=11
2017-12-22 14:47:46,323 WARN o.a.j.g.ObjectTableModel: Header count=13 but writeFunctor count=11
2017-12-22 14:47:46,326 INFO k.a.j.v.AggregateReportGui: Saving CSV to C:\automation\PORTAL\fituportal_API_testing\fituportal\API\lecturer_controller\graphs\AggregateReportGui.csv
2017-12-22 14:47:46,328 INFO k.a.j.l.GraphsGeneratorListener: Successful generation of file graphs\AggregateReportGui by plugin:AggregateReportGui
2017-12-22 14:47:46,328 INFO k.a.j.PluginsCMDWorker: Using JMeterPluginsCMD v. N/A
2017-12-22 14:47:46,328 WARN k.a.j.JMeterPluginsUtils: JMeter env exists. No one should see this normally.
2017-12-22 14:47:46,336 INFO k.a.c.GraphPanelChart: Saving PNG to C:\automation\PORTAL\fituportal_API_testing\fituportal\API\lecturer_controller\graphs\ResponseTimesOverTime.png
2017-12-22 14:47:46,385 INFO k.a.j.l.GraphsGeneratorListener: Successful generation of file graphs\ResponseTimesOverTime by plugin:ResponseTimesOverTime
2017-12-22 14:47:46,385 INFO k.a.j.PluginsCMDWorker: Using JMeterPluginsCMD v. N/A
2017-12-22 14:47:46,385 WARN k.a.j.JMeterPluginsUtils: JMeter env exists. No one should see this normally.
2017-12-22 14:47:46,393 INFO k.a.c.GraphPanelChart: Saving PNG to C:\automation\PORTAL\fituportal_API_testing\fituportal\API\lecturer_controller\graphs\HitsPerSecond.png
2017-12-22 14:47:46,437 INFO k.a.j.l.GraphsGeneratorListener: Successful generation of file graphs\HitsPerSecond by plugin:HitsPerSecond
2017-12-22 14:47:46,437 INFO k.a.j.PluginsCMDWorker: Using JMeterPluginsCMD v. N/A
2017-12-22 14:47:46,437 WARN k.a.j.JMeterPluginsUtils: JMeter env exists. No one should see this normally.
2017-12-22 14:47:46,445 INFO k.a.c.GraphPanelChart: Saving PNG to C:\automation\PORTAL\fituportal_API_testing\fituportal\API\lecturer_controller\graphs\BytesThroughputOverTime.png
2017-12-22 14:47:46,496 INFO k.a.j.l.GraphsGeneratorListener: Successful generation of file graphs\BytesThroughputOverTime by plugin:BytesThroughputOverTime
2017-12-22 14:47:46,496 INFO k.a.j.PluginsCMDWorker: Using JMeterPluginsCMD v. N/A
2017-12-22 14:47:46,496 WARN k.a.j.JMeterPluginsUtils: JMeter env exists. No one should see this normally.
2017-12-22 14:47:46,502 INFO k.a.c.GraphPanelChart: Saving PNG to C:\automation\PORTAL\fituportal_API_testing\fituportal\API\lecturer_controller\graphs\LatenciesOverTime.png
2017-12-22 14:47:46,550 INFO k.a.j.l.GraphsGeneratorListener: Successful generation of file graphs\LatenciesOverTime by plugin:LatenciesOverTime
2017-12-22 14:47:46,550 INFO k.a.j.PluginsCMDWorker: Using JMeterPluginsCMD v. N/A
2017-12-22 14:47:46,550 WARN k.a.j.JMeterPluginsUtils: JMeter env exists. No one should see this normally.
2017-12-22 14:47:46,559 INFO k.a.c.GraphPanelChart: Saving PNG to C:\automation\PORTAL\fituportal_API_testing\fituportal\API\lecturer_controller\graphs\ResponseCodesPerSecond.png
2017-12-22 14:47:46,602 INFO k.a.j.l.GraphsGeneratorListener: Successful generation of file graphs\ResponseCodesPerSecond by plugin:ResponseCodesPerSecond
2017-12-22 14:47:46,602 INFO k.a.j.PluginsCMDWorker: Using JMeterPluginsCMD v. N/A
2017-12-22 14:47:46,602 WARN k.a.j.JMeterPluginsUtils: JMeter env exists. No one should see this normally.
2017-12-22 14:47:46,611 INFO k.a.c.GraphPanelChart: Saving PNG to C:\automation\PORTAL\fituportal_API_testing\fituportal\API\lecturer_controller\graphs\TransactionsPerSecond.png
2017-12-22 14:47:46,659 INFO k.a.j.l.GraphsGeneratorListener: Successful generation of file graphs\TransactionsPerSecond by plugin:TransactionsPerSecond
2017-12-22 14:47:46,659 INFO k.a.j.PluginsCMDWorker: Using JMeterPluginsCMD v. N/A
2017-12-22 14:47:46,659 WARN k.a.j.JMeterPluginsUtils: JMeter env exists. No one should see this normally.
2017-12-22 14:47:46,665 INFO k.a.c.GraphPanelChart: Saving PNG to C:\automation\PORTAL\fituportal_API_testing\fituportal\API\lecturer_controller\graphs\ResponseTimesDistribution.png
2017-12-22 14:47:46,712 INFO k.a.j.l.GraphsGeneratorListener: Successful generation of file graphs\ResponseTimesDistribution by plugin:ResponseTimesDistribution
2017-12-22 14:47:46,712 INFO k.a.j.PluginsCMDWorker: Using JMeterPluginsCMD v. N/A
2017-12-22 14:47:46,712 WARN k.a.j.JMeterPluginsUtils: JMeter env exists. No one should see this normally.
2017-12-22 14:47:46,722 INFO k.a.c.GraphPanelChart: Saving PNG to C:\automation\PORTAL\fituportal_API_testing\fituportal\API\lecturer_controller\graphs\ResponseTimesPercentiles.png
2017-12-22 14:47:46,786 INFO k.a.j.l.GraphsGeneratorListener: Successful generation of file graphs\ResponseTimesPercentiles by plugin:ResponseTimesPercentiles
2017-12-22 14:47:46,786 INFO k.a.j.PluginsCMDWorker: Using JMeterPluginsCMD v. N/A
2017-12-22 14:47:46,786 WARN k.a.j.JMeterPluginsUtils: JMeter env exists. No one should see this normally.
2017-12-22 14:47:46,794 INFO k.a.c.GraphPanelChart: Saving PNG to C:\automation\PORTAL\fituportal_API_testing\fituportal\API\lecturer_controller\graphs\ThreadsStateOverTime.png
2017-12-22 14:47:46,838 INFO k.a.j.l.GraphsGeneratorListener: Successful generation of file graphs\ThreadsStateOverTime by plugin:ThreadsStateOverTime
2017-12-22 14:47:46,839 INFO k.a.j.PluginsCMDWorker: Using JMeterPluginsCMD v. N/A
2017-12-22 14:47:46,839 WARN k.a.j.JMeterPluginsUtils: JMeter env exists. No one should see this normally.
2017-12-22 14:47:46,846 INFO k.a.c.GraphPanelChart: Saving PNG to C:\automation\PORTAL\fituportal_API_testing\fituportal\API\lecturer_controller\graphs\TimesVsThreads.png
2017-12-22 14:47:46,895 INFO k.a.j.l.GraphsGeneratorListener: Successful generation of file graphs\TimesVsThreads by plugin:TimesVsThreads
2017-12-22 14:47:46,895 INFO k.a.j.PluginsCMDWorker: Using JMeterPluginsCMD v. N/A
2017-12-22 14:47:46,895 WARN k.a.j.JMeterPluginsUtils: JMeter env exists. No one should see this normally.
2017-12-22 14:47:46,902 INFO k.a.c.GraphPanelChart: Saving PNG to C:\automation\PORTAL\fituportal_API_testing\fituportal\API\lecturer_controller\graphs\ThroughputVsThreads.png
2017-12-22 14:47:46,957 INFO k.a.j.l.GraphsGeneratorListener: Successful generation of file graphs\ThroughputVsThreads by plugin:ThroughputVsThreads
2017-12-22 14:47:46,957 INFO o.a.j.g.u.JMeterMenuBar: setRunning(false, *local*)
