2017-10-03 11:20:57,203 INFO o.a.j.u.JMeterUtils: Setting Locale to en
2017-10-03 11:20:57,213 INFO o.a.j.JMeter: Loading user properties from: C:\tools\jmeter\apache-jmeter-3.2\bin\user.properties
2017-10-03 11:20:57,214 INFO o.a.j.JMeter: Loading system properties from: C:\tools\jmeter\apache-jmeter-3.2\bin\system.properties
2017-10-03 11:20:57,217 INFO o.a.j.JMeter: Copyright (c) 1998-2017 The Apache Software Foundation
2017-10-03 11:20:57,217 INFO o.a.j.JMeter: Version 3.2 r1790748
2017-10-03 11:20:57,217 INFO o.a.j.JMeter: java.version=1.8.0_144
2017-10-03 11:20:57,218 INFO o.a.j.JMeter: java.vm.name=Java HotSpot(TM) 64-Bit Server VM
2017-10-03 11:20:57,218 INFO o.a.j.JMeter: os.name=Windows 10
2017-10-03 11:20:57,218 INFO o.a.j.JMeter: os.arch=amd64
2017-10-03 11:20:57,218 INFO o.a.j.JMeter: os.version=10.0
2017-10-03 11:20:57,218 INFO o.a.j.JMeter: file.encoding=UTF-8
2017-10-03 11:20:57,218 INFO o.a.j.JMeter: Max memory     =536870912
2017-10-03 11:20:57,218 INFO o.a.j.JMeter: Available Processors =4
2017-10-03 11:20:57,221 INFO o.a.j.JMeter: Default Locale=English (United States)
2017-10-03 11:20:57,221 INFO o.a.j.JMeter: JMeter  Locale=English
2017-10-03 11:20:57,221 INFO o.a.j.JMeter: JMeterHome=C:\tools\jmeter\apache-jmeter-3.2
2017-10-03 11:20:57,221 INFO o.a.j.JMeter: user.dir  =C:\automation\qa-automation\Dmitry_Ryvkov\projects\fituportal\group_controller
2017-10-03 11:20:57,222 INFO o.a.j.JMeter: PWD       =C:\automation\qa-automation\Dmitry_Ryvkov\projects\fituportal\group_controller
2017-10-03 11:20:57,223 INFO o.a.j.JMeter: IP: 192.168.1.132 Name: WKS-144 FullName: WKS-144.hiqo-solutions.com
2017-10-03 11:20:57,344 INFO o.a.j.g.a.LookAndFeelCommand: Using look and feel: javax.swing.plaf.metal.MetalLookAndFeel [Metal, CrossPlatform]
2017-10-03 11:20:57,347 INFO o.a.j.JMeter: Loaded icon properties from org/apache/jmeter/images/icon.properties
2017-10-03 11:20:57,876 INFO o.a.j.e.u.CompoundVariable: Note: Function class names must contain the string: '.functions.'
2017-10-03 11:20:57,876 INFO o.a.j.e.u.CompoundVariable: Note: Function class names must not contain the string: '.gui.'
2017-10-03 11:21:00,618 WARN o.j.r.Plugin: Unable to load class: com.atlantbh.jmeter.plugins.oauth.OAuthSampler
java.lang.NoClassDefFoundError: org/apache/jmeter/protocol/http/sampler/HTTPSampler2
	at java.lang.ClassLoader.defineClass1(Native Method) ~[?:1.8.0_144]
	at java.lang.ClassLoader.defineClass(Unknown Source) ~[?:1.8.0_144]
	at java.security.SecureClassLoader.defineClass(Unknown Source) ~[?:1.8.0_144]
	at java.net.URLClassLoader.defineClass(Unknown Source) ~[?:1.8.0_144]
	at java.net.URLClassLoader.access$100(Unknown Source) ~[?:1.8.0_144]
	at java.net.URLClassLoader$1.run(Unknown Source) ~[?:1.8.0_144]
	at java.net.URLClassLoader$1.run(Unknown Source) ~[?:1.8.0_144]
	at java.security.AccessController.doPrivileged(Native Method) ~[?:1.8.0_144]
	at java.net.URLClassLoader.findClass(Unknown Source) ~[?:1.8.0_144]
	at java.lang.ClassLoader.loadClass(Unknown Source) ~[?:1.8.0_144]
	at java.lang.ClassLoader.loadClass(Unknown Source) ~[?:1.8.0_144]
	at org.jmeterplugins.repository.Plugin.getJARPath(Plugin.java:181) [jmeter-plugins-manager-0.13.jar:?]
	at org.jmeterplugins.repository.Plugin.detectInstalledPlugin(Plugin.java:95) [jmeter-plugins-manager-0.13.jar:?]
	at org.jmeterplugins.repository.Plugin.detectInstalled(Plugin.java:84) [jmeter-plugins-manager-0.13.jar:?]
	at org.jmeterplugins.repository.PluginManager.load(PluginManager.java:61) [jmeter-plugins-manager-0.13.jar:?]
	at org.jmeterplugins.repository.PluginManagerMenuItem.<init>(PluginManagerMenuItem.java:28) [jmeter-plugins-manager-0.13.jar:?]
	at org.jmeterplugins.repository.PluginManagerMenuCreator.getMenuItemsAtLocation(PluginManagerMenuCreator.java:22) [jmeter-plugins-manager-0.13.jar:?]
	at org.apache.jmeter.gui.util.JMeterMenuBar.addPluginsMenuItems(JMeterMenuBar.java:594) [ApacheJMeter_core.jar:3.2 r1790748]
	at org.apache.jmeter.gui.util.JMeterMenuBar.makeOptionsMenu(JMeterMenuBar.java:370) [ApacheJMeter_core.jar:3.2 r1790748]
	at org.apache.jmeter.gui.util.JMeterMenuBar.createMenuBar(JMeterMenuBar.java:268) [ApacheJMeter_core.jar:3.2 r1790748]
	at org.apache.jmeter.gui.util.JMeterMenuBar.<init>(JMeterMenuBar.java:164) [ApacheJMeter_core.jar:3.2 r1790748]
	at org.apache.jmeter.gui.MainFrame.init(MainFrame.java:510) [ApacheJMeter_core.jar:3.2 r1790748]
	at org.apache.jmeter.gui.MainFrame.<init>(MainFrame.java:240) [ApacheJMeter_core.jar:3.2 r1790748]
	at org.apache.jmeter.JMeter.startGui(JMeter.java:375) [ApacheJMeter_core.jar:3.2 r1790748]
	at org.apache.jmeter.JMeter.start(JMeter.java:519) [ApacheJMeter_core.jar:3.2 r1790748]
	at sun.reflect.NativeMethodAccessorImpl.invoke0(Native Method) ~[?:1.8.0_144]
	at sun.reflect.NativeMethodAccessorImpl.invoke(Unknown Source) ~[?:1.8.0_144]
	at sun.reflect.DelegatingMethodAccessorImpl.invoke(Unknown Source) ~[?:1.8.0_144]
	at java.lang.reflect.Method.invoke(Unknown Source) ~[?:1.8.0_144]
	at org.apache.jmeter.NewDriver.main(NewDriver.java:248) [ApacheJMeter.jar:3.2 r1790748]
Caused by: java.lang.ClassNotFoundException: org.apache.jmeter.protocol.http.sampler.HTTPSampler2
	at java.net.URLClassLoader.findClass(Unknown Source) ~[?:1.8.0_144]
	at java.lang.ClassLoader.loadClass(Unknown Source) ~[?:1.8.0_144]
	at java.lang.ClassLoader.loadClass(Unknown Source) ~[?:1.8.0_144]
	... 30 more
2017-10-03 11:21:00,859 INFO o.j.r.PluginManager: Plugins Status: [jpgc-graphs-basic=2.0, jpgc-graphs-additional=2.0, jpgc-sense=3.0, jpgc-cmd=2.1, jpgc-graphs-composite=2.0, jpgc-csl=0.1, jpgc-functions=2.0, jpgc-casutg=2.1, jpgc-graphs-dist=2.0, jpgc-dummy=0.2, jpgc-filterresults=2.1, jpgc-ffw=2.0, jpgc-ggl=2.0, jpgc-sts=2.2, jpgc-fifo=0.2, jpgc-jms=0.2, jpgc-json=2.6, jpgc-graphs-vs=2.0, jpgc-mergeresults=2.1, jpgc-prmctl=0.3, jpgc-perfmon=2.1, jpgc-plugins-manager=0.13, jpgc-redis=0.2, jpgc-rotating-listener=0.1, jpgc-synthesis=2.1, jpgc-plancheck=2.2, jpgc-tst=2.1, jpgc-csvars=0.1, jpgc-wsc=0.2, jpgc-xml=0.1, jmeter-core=3.2, jmeter-ftp=3.2, jmeter-http=3.2, jmeter-jdbc=3.2, jmeter-jms=3.2, jmeter-junit=3.2, jmeter-java=3.2, jmeter-ldap=3.2, jmeter-mail=3.2, jmeter-mongodb=3.2, jmeter-native=3.2, jmeter-tcp=3.2, jmeter-components=3.2, jpgc-standard=2.0]
2017-10-03 11:21:01,385 WARN o.a.j.g.ObjectTableModel: Header count=13 but classes count=11
2017-10-03 11:21:01,385 WARN o.a.j.g.ObjectTableModel: Header count=13 but writeFunctor count=11
2017-10-03 11:21:01,606 INFO o.a.j.g.u.MenuFactory: Skipping org.apache.jmeter.assertions.BSFAssertion
2017-10-03 11:21:01,821 INFO o.a.j.g.u.MenuFactory: Skipping org.apache.jmeter.extractor.BSFPostProcessor
2017-10-03 11:21:01,840 INFO o.a.j.g.u.MenuFactory: Skipping org.apache.jmeter.modifiers.BSFPreProcessor
2017-10-03 11:21:01,858 INFO o.a.j.p.h.s.HTTPSamplerBase: Parser for text/html is org.apache.jmeter.protocol.http.parser.LagartoBasedHtmlParser
2017-10-03 11:21:01,858 INFO o.a.j.p.h.s.HTTPSamplerBase: Parser for application/xhtml+xml is org.apache.jmeter.protocol.http.parser.LagartoBasedHtmlParser
2017-10-03 11:21:01,858 INFO o.a.j.p.h.s.HTTPSamplerBase: Parser for application/xml is org.apache.jmeter.protocol.http.parser.LagartoBasedHtmlParser
2017-10-03 11:21:01,858 INFO o.a.j.p.h.s.HTTPSamplerBase: Parser for text/xml is org.apache.jmeter.protocol.http.parser.LagartoBasedHtmlParser
2017-10-03 11:21:01,858 INFO o.a.j.p.h.s.HTTPSamplerBase: Parser for text/vnd.wap.wml is org.apache.jmeter.protocol.http.parser.RegexpHTMLParser
2017-10-03 11:21:01,858 INFO o.a.j.p.h.s.HTTPSamplerBase: Parser for text/css is org.apache.jmeter.protocol.http.parser.CssParser
2017-10-03 11:21:02,083 INFO o.a.j.e.KeyToolUtils: keytool found at 'keytool'
2017-10-03 11:21:02,084 INFO o.a.j.p.h.p.ProxyControl: HTTP(S) Test Script Recorder SSL Proxy will use keys that support embedded 3rd party resources in file C:\tools\jmeter\apache-jmeter-3.2\bin\proxyserver.jks
2017-10-03 11:21:02,194 INFO o.a.j.g.u.MenuFactory: Skipping org.apache.jmeter.protocol.java.sampler.BSFSampler
2017-10-03 11:21:02,222 INFO o.a.j.s.FileServer: Default base='C:\automation\qa-automation\Dmitry_Ryvkov\projects\fituportal\group_controller'
2017-10-03 11:21:02,268 INFO o.a.j.g.u.MenuFactory: Skipping org.apache.jmeter.protocol.mongodb.config.MongoSourceElement
2017-10-03 11:21:02,269 INFO o.a.j.g.u.MenuFactory: Skipping org.apache.jmeter.protocol.mongodb.sampler.MongoScriptSampler
2017-10-03 11:21:02,498 INFO o.a.j.g.u.MenuFactory: Skipping org.apache.jmeter.timers.BSFTimer
2017-10-03 11:21:02,514 INFO o.a.j.g.u.MenuFactory: Skipping org.apache.jmeter.visualizers.BSFListener
2017-10-03 11:21:02,596 INFO o.a.j.s.SampleResult: Note: Sample TimeStamps are START times
2017-10-03 11:21:02,596 INFO o.a.j.s.SampleResult: sampleresult.default.encoding is set to UTF-8
2017-10-03 11:21:02,596 INFO o.a.j.s.SampleResult: sampleresult.useNanoTime=true
2017-10-03 11:21:02,596 INFO o.a.j.s.SampleResult: sampleresult.nanoThreadSleep=5000
2017-10-03 11:21:08,843 INFO o.a.j.g.a.Load: Loading file: C:\automation\qa-automation\Dmitry_Ryvkov\projects\fituportal\group_controller\group_controller.jmx
2017-10-03 11:21:08,843 INFO o.a.j.s.FileServer: Set new base='C:\automation\qa-automation\Dmitry_Ryvkov\projects\fituportal\group_controller'
2017-10-03 11:21:08,919 INFO o.a.j.s.SaveService: Testplan (JMX) version: 2.2. Testlog (JTL) version: 2.2
2017-10-03 11:21:08,924 INFO o.a.j.s.SaveService: Using SaveService properties file encoding UTF-8
2017-10-03 11:21:08,925 INFO o.a.j.s.SaveService: Using SaveService properties version 3.2
2017-10-03 11:21:08,927 INFO o.a.j.s.SaveService: Loading file: C:\automation\qa-automation\Dmitry_Ryvkov\projects\fituportal\group_controller\group_controller.jmx
2017-10-03 11:21:09,053 WARN o.a.j.t.g.GenericTestBeanCustomizer: kg.apc.jmeter.listener.GraphsGeneratorListener#graphWidth(int) has a DEFAULT of class java.lang.String
2017-10-03 11:21:09,053 WARN o.a.j.t.g.GenericTestBeanCustomizer: kg.apc.jmeter.listener.GraphsGeneratorListener#graphHeight(int) has a DEFAULT of class java.lang.String
2017-10-03 11:21:09,074 INFO o.a.j.s.FileServer: Set new base='C:\automation\qa-automation\Dmitry_Ryvkov\projects\fituportal\group_controller'
2017-10-03 11:21:12,678 INFO o.a.j.e.StandardJMeterEngine: Running the test!
2017-10-03 11:21:12,680 INFO o.a.j.s.SampleEvent: List of sample_variables: []
2017-10-03 11:21:12,680 INFO o.a.j.s.SampleEvent: List of sample_variables: []
2017-10-03 11:21:12,693 INFO o.a.j.g.u.JMeterMenuBar: setRunning(true, *local*)
2017-10-03 11:21:12,856 INFO o.a.j.e.StandardJMeterEngine: Starting ThreadGroup: 1 : Thread Group
2017-10-03 11:21:12,857 INFO o.a.j.e.StandardJMeterEngine: Starting 1 threads for group Thread Group.
2017-10-03 11:21:12,857 INFO o.a.j.e.StandardJMeterEngine: Thread will continue on error
2017-10-03 11:21:12,857 INFO o.a.j.t.ThreadGroup: Starting thread group... number=1 threads=1 ramp-up=1 perThread=1000.0 delayedStart=false
2017-10-03 11:21:12,860 INFO o.a.j.t.ThreadGroup: Started thread group number 1
2017-10-03 11:21:12,860 INFO o.a.j.e.StandardJMeterEngine: All thread groups have been started
2017-10-03 11:21:12,863 INFO o.a.j.t.JMeterThread: Thread started: Thread Group 1-1
2017-10-03 11:21:12,870 INFO o.a.j.p.h.s.HTTPHCAbstractImpl: Local host = WKS-144
2017-10-03 11:21:12,873 INFO o.a.j.p.h.s.HTTPHC4Impl: HTTP request retry count = 0
2017-10-03 11:21:12,956 INFO o.a.j.p.h.s.LazySchemeSocketFactory: Setting up HTTPS TrustAll Socket Factory
2017-10-03 11:21:12,959 INFO o.a.j.u.JsseSSLManager: Using default SSL protocol: TLS
2017-10-03 11:21:12,959 INFO o.a.j.u.JsseSSLManager: SSL session context: per-thread
2017-10-03 11:21:12,971 INFO o.a.j.u.SSLManager: JmeterKeyStore Location:  type JKS
2017-10-03 11:21:12,972 INFO o.a.j.u.SSLManager: KeyStore created OK
2017-10-03 11:21:12,973 WARN o.a.j.u.SSLManager: Keystore file not found, loading empty keystore
2017-10-03 11:21:14,513 INFO o.a.j.t.JMeterThread: Thread is done: Thread Group 1-1
2017-10-03 11:21:14,513 INFO o.a.j.t.JMeterThread: Thread finished: Thread Group 1-1
2017-10-03 11:21:14,515 INFO o.a.j.e.StandardJMeterEngine: Notifying test listeners of end of test
2017-10-03 11:21:14,520 INFO k.a.j.PluginsCMDWorker: Using JMeterPluginsCMD v. N/A
2017-10-03 11:21:14,551 WARN k.a.j.JMeterPluginsUtils: JMeter env exists. No one should see this normally.
2017-10-03 11:21:14,591 INFO k.a.j.v.SynthesisReportGui: Saving CSV to C:\automation\qa-automation\Dmitry_Ryvkov\projects\fituportal\group_controller\graphs\SynthesisReportGui.csv
2017-10-03 11:21:14,594 INFO k.a.j.l.GraphsGeneratorListener: Successful generation of file graphs\SynthesisReportGui by plugin:SynthesisReportGui
2017-10-03 11:21:14,594 INFO k.a.j.PluginsCMDWorker: Using JMeterPluginsCMD v. N/A
2017-10-03 11:21:14,594 WARN k.a.j.JMeterPluginsUtils: JMeter env exists. No one should see this normally.
2017-10-03 11:21:14,607 WARN o.a.j.g.ObjectTableModel: Header count=13 but classes count=11
2017-10-03 11:21:14,608 WARN o.a.j.g.ObjectTableModel: Header count=13 but writeFunctor count=11
2017-10-03 11:21:14,612 INFO k.a.j.v.AggregateReportGui: Saving CSV to C:\automation\qa-automation\Dmitry_Ryvkov\projects\fituportal\group_controller\graphs\AggregateReportGui.csv
2017-10-03 11:21:14,615 INFO k.a.j.l.GraphsGeneratorListener: Successful generation of file graphs\AggregateReportGui by plugin:AggregateReportGui
2017-10-03 11:21:14,615 INFO k.a.j.PluginsCMDWorker: Using JMeterPluginsCMD v. N/A
2017-10-03 11:21:14,615 WARN k.a.j.JMeterPluginsUtils: JMeter env exists. No one should see this normally.
2017-10-03 11:21:14,628 INFO k.a.c.GraphPanelChart: Saving PNG to C:\automation\qa-automation\Dmitry_Ryvkov\projects\fituportal\group_controller\graphs\ResponseTimesOverTime.png
2017-10-03 11:21:14,744 INFO k.a.j.l.GraphsGeneratorListener: Successful generation of file graphs\ResponseTimesOverTime by plugin:ResponseTimesOverTime
2017-10-03 11:21:14,744 INFO k.a.j.PluginsCMDWorker: Using JMeterPluginsCMD v. N/A
2017-10-03 11:21:14,745 WARN k.a.j.JMeterPluginsUtils: JMeter env exists. No one should see this normally.
2017-10-03 11:21:14,759 INFO k.a.c.GraphPanelChart: Saving PNG to C:\automation\qa-automation\Dmitry_Ryvkov\projects\fituportal\group_controller\graphs\HitsPerSecond.png
2017-10-03 11:21:14,818 INFO k.a.j.l.GraphsGeneratorListener: Successful generation of file graphs\HitsPerSecond by plugin:HitsPerSecond
2017-10-03 11:21:14,818 INFO k.a.j.PluginsCMDWorker: Using JMeterPluginsCMD v. N/A
2017-10-03 11:21:14,818 WARN k.a.j.JMeterPluginsUtils: JMeter env exists. No one should see this normally.
2017-10-03 11:21:14,829 INFO k.a.c.GraphPanelChart: Saving PNG to C:\automation\qa-automation\Dmitry_Ryvkov\projects\fituportal\group_controller\graphs\BytesThroughputOverTime.png
2017-10-03 11:21:14,882 INFO k.a.j.l.GraphsGeneratorListener: Successful generation of file graphs\BytesThroughputOverTime by plugin:BytesThroughputOverTime
2017-10-03 11:21:14,882 INFO k.a.j.PluginsCMDWorker: Using JMeterPluginsCMD v. N/A
2017-10-03 11:21:14,882 WARN k.a.j.JMeterPluginsUtils: JMeter env exists. No one should see this normally.
2017-10-03 11:21:14,894 INFO k.a.c.GraphPanelChart: Saving PNG to C:\automation\qa-automation\Dmitry_Ryvkov\projects\fituportal\group_controller\graphs\LatenciesOverTime.png
2017-10-03 11:21:14,950 INFO k.a.j.l.GraphsGeneratorListener: Successful generation of file graphs\LatenciesOverTime by plugin:LatenciesOverTime
2017-10-03 11:21:14,950 INFO k.a.j.PluginsCMDWorker: Using JMeterPluginsCMD v. N/A
2017-10-03 11:21:14,950 WARN k.a.j.JMeterPluginsUtils: JMeter env exists. No one should see this normally.
2017-10-03 11:21:14,964 INFO k.a.c.GraphPanelChart: Saving PNG to C:\automation\qa-automation\Dmitry_Ryvkov\projects\fituportal\group_controller\graphs\ResponseCodesPerSecond.png
2017-10-03 11:21:15,012 INFO k.a.j.l.GraphsGeneratorListener: Successful generation of file graphs\ResponseCodesPerSecond by plugin:ResponseCodesPerSecond
2017-10-03 11:21:15,013 INFO k.a.j.PluginsCMDWorker: Using JMeterPluginsCMD v. N/A
2017-10-03 11:21:15,013 WARN k.a.j.JMeterPluginsUtils: JMeter env exists. No one should see this normally.
2017-10-03 11:21:15,025 INFO k.a.c.GraphPanelChart: Saving PNG to C:\automation\qa-automation\Dmitry_Ryvkov\projects\fituportal\group_controller\graphs\TransactionsPerSecond.png
2017-10-03 11:21:15,072 INFO k.a.j.l.GraphsGeneratorListener: Successful generation of file graphs\TransactionsPerSecond by plugin:TransactionsPerSecond
2017-10-03 11:21:15,073 INFO k.a.j.PluginsCMDWorker: Using JMeterPluginsCMD v. N/A
2017-10-03 11:21:15,073 WARN k.a.j.JMeterPluginsUtils: JMeter env exists. No one should see this normally.
2017-10-03 11:21:15,085 INFO k.a.c.GraphPanelChart: Saving PNG to C:\automation\qa-automation\Dmitry_Ryvkov\projects\fituportal\group_controller\graphs\ResponseTimesDistribution.png
2017-10-03 11:21:15,132 INFO k.a.j.l.GraphsGeneratorListener: Successful generation of file graphs\ResponseTimesDistribution by plugin:ResponseTimesDistribution
2017-10-03 11:21:15,132 INFO k.a.j.PluginsCMDWorker: Using JMeterPluginsCMD v. N/A
2017-10-03 11:21:15,132 WARN k.a.j.JMeterPluginsUtils: JMeter env exists. No one should see this normally.
2017-10-03 11:21:15,149 INFO k.a.c.GraphPanelChart: Saving PNG to C:\automation\qa-automation\Dmitry_Ryvkov\projects\fituportal\group_controller\graphs\ResponseTimesPercentiles.png
2017-10-03 11:21:15,219 INFO k.a.j.l.GraphsGeneratorListener: Successful generation of file graphs\ResponseTimesPercentiles by plugin:ResponseTimesPercentiles
2017-10-03 11:21:15,219 INFO k.a.j.PluginsCMDWorker: Using JMeterPluginsCMD v. N/A
2017-10-03 11:21:15,219 WARN k.a.j.JMeterPluginsUtils: JMeter env exists. No one should see this normally.
2017-10-03 11:21:15,230 INFO k.a.c.GraphPanelChart: Saving PNG to C:\automation\qa-automation\Dmitry_Ryvkov\projects\fituportal\group_controller\graphs\ThreadsStateOverTime.png
2017-10-03 11:21:15,274 INFO k.a.j.l.GraphsGeneratorListener: Successful generation of file graphs\ThreadsStateOverTime by plugin:ThreadsStateOverTime
2017-10-03 11:21:15,274 INFO k.a.j.PluginsCMDWorker: Using JMeterPluginsCMD v. N/A
2017-10-03 11:21:15,275 WARN k.a.j.JMeterPluginsUtils: JMeter env exists. No one should see this normally.
2017-10-03 11:21:15,287 INFO k.a.c.GraphPanelChart: Saving PNG to C:\automation\qa-automation\Dmitry_Ryvkov\projects\fituportal\group_controller\graphs\TimesVsThreads.png
2017-10-03 11:21:15,340 INFO k.a.j.l.GraphsGeneratorListener: Successful generation of file graphs\TimesVsThreads by plugin:TimesVsThreads
2017-10-03 11:21:15,340 INFO k.a.j.PluginsCMDWorker: Using JMeterPluginsCMD v. N/A
2017-10-03 11:21:15,340 WARN k.a.j.JMeterPluginsUtils: JMeter env exists. No one should see this normally.
2017-10-03 11:21:15,352 INFO k.a.c.GraphPanelChart: Saving PNG to C:\automation\qa-automation\Dmitry_Ryvkov\projects\fituportal\group_controller\graphs\ThroughputVsThreads.png
2017-10-03 11:21:15,409 INFO k.a.j.l.GraphsGeneratorListener: Successful generation of file graphs\ThroughputVsThreads by plugin:ThroughputVsThreads
2017-10-03 11:21:15,409 INFO o.a.j.g.u.JMeterMenuBar: setRunning(false, *local*)
2017-10-03 11:32:01,336 INFO o.a.j.e.StandardJMeterEngine: Running the test!
2017-10-03 11:32:01,336 INFO o.a.j.s.SampleEvent: List of sample_variables: []
2017-10-03 11:32:01,341 INFO o.a.j.g.u.JMeterMenuBar: setRunning(true, *local*)
2017-10-03 11:32:01,365 INFO o.a.j.e.StandardJMeterEngine: Starting ThreadGroup: 1 : Thread Group
2017-10-03 11:32:01,365 INFO o.a.j.e.StandardJMeterEngine: Starting 1 threads for group Thread Group.
2017-10-03 11:32:01,365 INFO o.a.j.e.StandardJMeterEngine: Thread will continue on error
2017-10-03 11:32:01,365 INFO o.a.j.t.ThreadGroup: Starting thread group... number=1 threads=1 ramp-up=1 perThread=1000.0 delayedStart=false
2017-10-03 11:32:01,366 INFO o.a.j.t.ThreadGroup: Started thread group number 1
2017-10-03 11:32:01,366 INFO o.a.j.e.StandardJMeterEngine: All thread groups have been started
2017-10-03 11:32:01,368 INFO o.a.j.t.JMeterThread: Thread started: Thread Group 1-1
2017-10-03 11:32:02,200 ERROR o.a.j.e.RegexExtractor: Error in pattern: ' "students": [  { "id": (.+?)'
2017-10-03 11:32:02,958 INFO o.a.j.t.JMeterThread: Thread is done: Thread Group 1-1
2017-10-03 11:32:02,958 INFO o.a.j.t.JMeterThread: Thread finished: Thread Group 1-1
2017-10-03 11:32:02,959 INFO o.a.j.e.StandardJMeterEngine: Notifying test listeners of end of test
2017-10-03 11:32:02,961 INFO k.a.j.PluginsCMDWorker: Using JMeterPluginsCMD v. N/A
2017-10-03 11:32:02,962 WARN k.a.j.JMeterPluginsUtils: JMeter env exists. No one should see this normally.
2017-10-03 11:32:02,982 INFO k.a.j.v.SynthesisReportGui: Saving CSV to C:\automation\qa-automation\Dmitry_Ryvkov\projects\fituportal\group_controller\graphs\SynthesisReportGui.csv
2017-10-03 11:32:02,987 INFO k.a.j.l.GraphsGeneratorListener: Successful generation of file graphs\SynthesisReportGui by plugin:SynthesisReportGui
2017-10-03 11:32:02,987 INFO k.a.j.PluginsCMDWorker: Using JMeterPluginsCMD v. N/A
2017-10-03 11:32:02,987 WARN k.a.j.JMeterPluginsUtils: JMeter env exists. No one should see this normally.
2017-10-03 11:32:02,997 WARN o.a.j.g.ObjectTableModel: Header count=13 but classes count=11
2017-10-03 11:32:02,997 WARN o.a.j.g.ObjectTableModel: Header count=13 but writeFunctor count=11
2017-10-03 11:32:03,001 INFO k.a.j.v.AggregateReportGui: Saving CSV to C:\automation\qa-automation\Dmitry_Ryvkov\projects\fituportal\group_controller\graphs\AggregateReportGui.csv
2017-10-03 11:32:03,003 INFO k.a.j.l.GraphsGeneratorListener: Successful generation of file graphs\AggregateReportGui by plugin:AggregateReportGui
2017-10-03 11:32:03,003 INFO k.a.j.PluginsCMDWorker: Using JMeterPluginsCMD v. N/A
2017-10-03 11:32:03,003 WARN k.a.j.JMeterPluginsUtils: JMeter env exists. No one should see this normally.
2017-10-03 11:32:03,016 INFO k.a.c.GraphPanelChart: Saving PNG to C:\automation\qa-automation\Dmitry_Ryvkov\projects\fituportal\group_controller\graphs\ResponseTimesOverTime.png
2017-10-03 11:32:03,067 INFO k.a.j.l.GraphsGeneratorListener: Successful generation of file graphs\ResponseTimesOverTime by plugin:ResponseTimesOverTime
2017-10-03 11:32:03,067 INFO k.a.j.PluginsCMDWorker: Using JMeterPluginsCMD v. N/A
2017-10-03 11:32:03,067 WARN k.a.j.JMeterPluginsUtils: JMeter env exists. No one should see this normally.
2017-10-03 11:32:03,078 INFO k.a.c.GraphPanelChart: Saving PNG to C:\automation\qa-automation\Dmitry_Ryvkov\projects\fituportal\group_controller\graphs\HitsPerSecond.png
2017-10-03 11:32:03,121 INFO k.a.j.l.GraphsGeneratorListener: Successful generation of file graphs\HitsPerSecond by plugin:HitsPerSecond
2017-10-03 11:32:03,122 INFO k.a.j.PluginsCMDWorker: Using JMeterPluginsCMD v. N/A
2017-10-03 11:32:03,122 WARN k.a.j.JMeterPluginsUtils: JMeter env exists. No one should see this normally.
2017-10-03 11:32:03,132 INFO k.a.c.GraphPanelChart: Saving PNG to C:\automation\qa-automation\Dmitry_Ryvkov\projects\fituportal\group_controller\graphs\BytesThroughputOverTime.png
2017-10-03 11:32:03,180 INFO k.a.j.l.GraphsGeneratorListener: Successful generation of file graphs\BytesThroughputOverTime by plugin:BytesThroughputOverTime
2017-10-03 11:32:03,180 INFO k.a.j.PluginsCMDWorker: Using JMeterPluginsCMD v. N/A
2017-10-03 11:32:03,180 WARN k.a.j.JMeterPluginsUtils: JMeter env exists. No one should see this normally.
2017-10-03 11:32:03,190 INFO k.a.c.GraphPanelChart: Saving PNG to C:\automation\qa-automation\Dmitry_Ryvkov\projects\fituportal\group_controller\graphs\LatenciesOverTime.png
2017-10-03 11:32:03,239 INFO k.a.j.l.GraphsGeneratorListener: Successful generation of file graphs\LatenciesOverTime by plugin:LatenciesOverTime
2017-10-03 11:32:03,239 INFO k.a.j.PluginsCMDWorker: Using JMeterPluginsCMD v. N/A
2017-10-03 11:32:03,239 WARN k.a.j.JMeterPluginsUtils: JMeter env exists. No one should see this normally.
2017-10-03 11:32:03,250 INFO k.a.c.GraphPanelChart: Saving PNG to C:\automation\qa-automation\Dmitry_Ryvkov\projects\fituportal\group_controller\graphs\ResponseCodesPerSecond.png
2017-10-03 11:32:03,298 INFO k.a.j.l.GraphsGeneratorListener: Successful generation of file graphs\ResponseCodesPerSecond by plugin:ResponseCodesPerSecond
2017-10-03 11:32:03,298 INFO k.a.j.PluginsCMDWorker: Using JMeterPluginsCMD v. N/A
2017-10-03 11:32:03,298 WARN k.a.j.JMeterPluginsUtils: JMeter env exists. No one should see this normally.
2017-10-03 11:32:03,313 INFO k.a.c.GraphPanelChart: Saving PNG to C:\automation\qa-automation\Dmitry_Ryvkov\projects\fituportal\group_controller\graphs\TransactionsPerSecond.png
2017-10-03 11:32:03,363 INFO k.a.j.l.GraphsGeneratorListener: Successful generation of file graphs\TransactionsPerSecond by plugin:TransactionsPerSecond
2017-10-03 11:32:03,363 INFO k.a.j.PluginsCMDWorker: Using JMeterPluginsCMD v. N/A
2017-10-03 11:32:03,363 WARN k.a.j.JMeterPluginsUtils: JMeter env exists. No one should see this normally.
2017-10-03 11:32:03,375 INFO k.a.c.GraphPanelChart: Saving PNG to C:\automation\qa-automation\Dmitry_Ryvkov\projects\fituportal\group_controller\graphs\ResponseTimesDistribution.png
2017-10-03 11:32:03,423 INFO k.a.j.l.GraphsGeneratorListener: Successful generation of file graphs\ResponseTimesDistribution by plugin:ResponseTimesDistribution
2017-10-03 11:32:03,423 INFO k.a.j.PluginsCMDWorker: Using JMeterPluginsCMD v. N/A
2017-10-03 11:32:03,423 WARN k.a.j.JMeterPluginsUtils: JMeter env exists. No one should see this normally.
2017-10-03 11:32:03,439 INFO k.a.c.GraphPanelChart: Saving PNG to C:\automation\qa-automation\Dmitry_Ryvkov\projects\fituportal\group_controller\graphs\ResponseTimesPercentiles.png
2017-10-03 11:32:03,511 INFO k.a.j.l.GraphsGeneratorListener: Successful generation of file graphs\ResponseTimesPercentiles by plugin:ResponseTimesPercentiles
2017-10-03 11:32:03,511 INFO k.a.j.PluginsCMDWorker: Using JMeterPluginsCMD v. N/A
2017-10-03 11:32:03,511 WARN k.a.j.JMeterPluginsUtils: JMeter env exists. No one should see this normally.
2017-10-03 11:32:03,522 INFO k.a.c.GraphPanelChart: Saving PNG to C:\automation\qa-automation\Dmitry_Ryvkov\projects\fituportal\group_controller\graphs\ThreadsStateOverTime.png
2017-10-03 11:32:03,567 INFO k.a.j.l.GraphsGeneratorListener: Successful generation of file graphs\ThreadsStateOverTime by plugin:ThreadsStateOverTime
2017-10-03 11:32:03,567 INFO k.a.j.PluginsCMDWorker: Using JMeterPluginsCMD v. N/A
2017-10-03 11:32:03,567 WARN k.a.j.JMeterPluginsUtils: JMeter env exists. No one should see this normally.
2017-10-03 11:32:03,577 INFO k.a.c.GraphPanelChart: Saving PNG to C:\automation\qa-automation\Dmitry_Ryvkov\projects\fituportal\group_controller\graphs\TimesVsThreads.png
2017-10-03 11:32:03,632 INFO k.a.j.l.GraphsGeneratorListener: Successful generation of file graphs\TimesVsThreads by plugin:TimesVsThreads
2017-10-03 11:32:03,632 INFO k.a.j.PluginsCMDWorker: Using JMeterPluginsCMD v. N/A
2017-10-03 11:32:03,632 WARN k.a.j.JMeterPluginsUtils: JMeter env exists. No one should see this normally.
2017-10-03 11:32:03,641 INFO k.a.c.GraphPanelChart: Saving PNG to C:\automation\qa-automation\Dmitry_Ryvkov\projects\fituportal\group_controller\graphs\ThroughputVsThreads.png
2017-10-03 11:32:03,701 INFO k.a.j.l.GraphsGeneratorListener: Successful generation of file graphs\ThroughputVsThreads by plugin:ThroughputVsThreads
2017-10-03 11:32:03,701 INFO o.a.j.g.u.JMeterMenuBar: setRunning(false, *local*)
2017-10-03 11:32:24,760 INFO o.a.j.e.StandardJMeterEngine: Running the test!
2017-10-03 11:32:24,760 INFO o.a.j.s.SampleEvent: List of sample_variables: []
2017-10-03 11:32:24,765 INFO o.a.j.g.u.JMeterMenuBar: setRunning(true, *local*)
2017-10-03 11:32:24,772 INFO o.a.j.e.StandardJMeterEngine: Starting ThreadGroup: 1 : Thread Group
2017-10-03 11:32:24,772 INFO o.a.j.e.StandardJMeterEngine: Starting 1 threads for group Thread Group.
2017-10-03 11:32:24,772 INFO o.a.j.e.StandardJMeterEngine: Thread will continue on error
2017-10-03 11:32:24,773 INFO o.a.j.t.ThreadGroup: Starting thread group... number=1 threads=1 ramp-up=1 perThread=1000.0 delayedStart=false
2017-10-03 11:32:24,773 INFO o.a.j.t.ThreadGroup: Started thread group number 1
2017-10-03 11:32:24,773 INFO o.a.j.e.StandardJMeterEngine: All thread groups have been started
2017-10-03 11:32:24,774 INFO o.a.j.t.JMeterThread: Thread started: Thread Group 1-1
2017-10-03 11:32:25,966 INFO o.a.j.t.JMeterThread: Thread is done: Thread Group 1-1
2017-10-03 11:32:25,966 INFO o.a.j.t.JMeterThread: Thread finished: Thread Group 1-1
2017-10-03 11:32:25,967 INFO o.a.j.e.StandardJMeterEngine: Notifying test listeners of end of test
2017-10-03 11:32:25,969 INFO k.a.j.PluginsCMDWorker: Using JMeterPluginsCMD v. N/A
2017-10-03 11:32:25,969 WARN k.a.j.JMeterPluginsUtils: JMeter env exists. No one should see this normally.
2017-10-03 11:32:26,003 INFO k.a.j.v.SynthesisReportGui: Saving CSV to C:\automation\qa-automation\Dmitry_Ryvkov\projects\fituportal\group_controller\graphs\SynthesisReportGui.csv
2017-10-03 11:32:26,005 INFO k.a.j.l.GraphsGeneratorListener: Successful generation of file graphs\SynthesisReportGui by plugin:SynthesisReportGui
2017-10-03 11:32:26,005 INFO k.a.j.PluginsCMDWorker: Using JMeterPluginsCMD v. N/A
2017-10-03 11:32:26,005 WARN k.a.j.JMeterPluginsUtils: JMeter env exists. No one should see this normally.
2017-10-03 11:32:26,017 WARN o.a.j.g.ObjectTableModel: Header count=13 but classes count=11
2017-10-03 11:32:26,017 WARN o.a.j.g.ObjectTableModel: Header count=13 but writeFunctor count=11
2017-10-03 11:32:26,021 INFO k.a.j.v.AggregateReportGui: Saving CSV to C:\automation\qa-automation\Dmitry_Ryvkov\projects\fituportal\group_controller\graphs\AggregateReportGui.csv
2017-10-03 11:32:26,024 INFO k.a.j.l.GraphsGeneratorListener: Successful generation of file graphs\AggregateReportGui by plugin:AggregateReportGui
2017-10-03 11:32:26,024 INFO k.a.j.PluginsCMDWorker: Using JMeterPluginsCMD v. N/A
2017-10-03 11:32:26,024 WARN k.a.j.JMeterPluginsUtils: JMeter env exists. No one should see this normally.
2017-10-03 11:32:26,038 INFO k.a.c.GraphPanelChart: Saving PNG to C:\automation\qa-automation\Dmitry_Ryvkov\projects\fituportal\group_controller\graphs\ResponseTimesOverTime.png
2017-10-03 11:32:26,087 INFO k.a.j.l.GraphsGeneratorListener: Successful generation of file graphs\ResponseTimesOverTime by plugin:ResponseTimesOverTime
2017-10-03 11:32:26,087 INFO k.a.j.PluginsCMDWorker: Using JMeterPluginsCMD v. N/A
2017-10-03 11:32:26,087 WARN k.a.j.JMeterPluginsUtils: JMeter env exists. No one should see this normally.
2017-10-03 11:32:26,097 INFO k.a.c.GraphPanelChart: Saving PNG to C:\automation\qa-automation\Dmitry_Ryvkov\projects\fituportal\group_controller\graphs\HitsPerSecond.png
2017-10-03 11:32:26,139 INFO k.a.j.l.GraphsGeneratorListener: Successful generation of file graphs\HitsPerSecond by plugin:HitsPerSecond
2017-10-03 11:32:26,139 INFO k.a.j.PluginsCMDWorker: Using JMeterPluginsCMD v. N/A
2017-10-03 11:32:26,139 WARN k.a.j.JMeterPluginsUtils: JMeter env exists. No one should see this normally.
2017-10-03 11:32:26,149 INFO k.a.c.GraphPanelChart: Saving PNG to C:\automation\qa-automation\Dmitry_Ryvkov\projects\fituportal\group_controller\graphs\BytesThroughputOverTime.png
2017-10-03 11:32:26,197 INFO k.a.j.l.GraphsGeneratorListener: Successful generation of file graphs\BytesThroughputOverTime by plugin:BytesThroughputOverTime
2017-10-03 11:32:26,197 INFO k.a.j.PluginsCMDWorker: Using JMeterPluginsCMD v. N/A
2017-10-03 11:32:26,197 WARN k.a.j.JMeterPluginsUtils: JMeter env exists. No one should see this normally.
2017-10-03 11:32:26,207 INFO k.a.c.GraphPanelChart: Saving PNG to C:\automation\qa-automation\Dmitry_Ryvkov\projects\fituportal\group_controller\graphs\LatenciesOverTime.png
2017-10-03 11:32:26,257 INFO k.a.j.l.GraphsGeneratorListener: Successful generation of file graphs\LatenciesOverTime by plugin:LatenciesOverTime
2017-10-03 11:32:26,257 INFO k.a.j.PluginsCMDWorker: Using JMeterPluginsCMD v. N/A
2017-10-03 11:32:26,257 WARN k.a.j.JMeterPluginsUtils: JMeter env exists. No one should see this normally.
2017-10-03 11:32:26,267 INFO k.a.c.GraphPanelChart: Saving PNG to C:\automation\qa-automation\Dmitry_Ryvkov\projects\fituportal\group_controller\graphs\ResponseCodesPerSecond.png
2017-10-03 11:32:26,315 INFO k.a.j.l.GraphsGeneratorListener: Successful generation of file graphs\ResponseCodesPerSecond by plugin:ResponseCodesPerSecond
2017-10-03 11:32:26,315 INFO k.a.j.PluginsCMDWorker: Using JMeterPluginsCMD v. N/A
2017-10-03 11:32:26,315 WARN k.a.j.JMeterPluginsUtils: JMeter env exists. No one should see this normally.
2017-10-03 11:32:26,325 INFO k.a.c.GraphPanelChart: Saving PNG to C:\automation\qa-automation\Dmitry_Ryvkov\projects\fituportal\group_controller\graphs\TransactionsPerSecond.png
2017-10-03 11:32:26,369 INFO k.a.j.l.GraphsGeneratorListener: Successful generation of file graphs\TransactionsPerSecond by plugin:TransactionsPerSecond
2017-10-03 11:32:26,370 INFO k.a.j.PluginsCMDWorker: Using JMeterPluginsCMD v. N/A
2017-10-03 11:32:26,370 WARN k.a.j.JMeterPluginsUtils: JMeter env exists. No one should see this normally.
2017-10-03 11:32:26,378 INFO k.a.c.GraphPanelChart: Saving PNG to C:\automation\qa-automation\Dmitry_Ryvkov\projects\fituportal\group_controller\graphs\ResponseTimesDistribution.png
2017-10-03 11:32:26,422 INFO k.a.j.l.GraphsGeneratorListener: Successful generation of file graphs\ResponseTimesDistribution by plugin:ResponseTimesDistribution
2017-10-03 11:32:26,422 INFO k.a.j.PluginsCMDWorker: Using JMeterPluginsCMD v. N/A
2017-10-03 11:32:26,422 WARN k.a.j.JMeterPluginsUtils: JMeter env exists. No one should see this normally.
2017-10-03 11:32:26,432 INFO k.a.c.GraphPanelChart: Saving PNG to C:\automation\qa-automation\Dmitry_Ryvkov\projects\fituportal\group_controller\graphs\ResponseTimesPercentiles.png
2017-10-03 11:32:26,498 INFO k.a.j.l.GraphsGeneratorListener: Successful generation of file graphs\ResponseTimesPercentiles by plugin:ResponseTimesPercentiles
2017-10-03 11:32:26,498 INFO k.a.j.PluginsCMDWorker: Using JMeterPluginsCMD v. N/A
2017-10-03 11:32:26,498 WARN k.a.j.JMeterPluginsUtils: JMeter env exists. No one should see this normally.
2017-10-03 11:32:26,507 INFO k.a.c.GraphPanelChart: Saving PNG to C:\automation\qa-automation\Dmitry_Ryvkov\projects\fituportal\group_controller\graphs\ThreadsStateOverTime.png
2017-10-03 11:32:26,549 INFO k.a.j.l.GraphsGeneratorListener: Successful generation of file graphs\ThreadsStateOverTime by plugin:ThreadsStateOverTime
2017-10-03 11:32:26,549 INFO k.a.j.PluginsCMDWorker: Using JMeterPluginsCMD v. N/A
2017-10-03 11:32:26,549 WARN k.a.j.JMeterPluginsUtils: JMeter env exists. No one should see this normally.
2017-10-03 11:32:26,558 INFO k.a.c.GraphPanelChart: Saving PNG to C:\automation\qa-automation\Dmitry_Ryvkov\projects\fituportal\group_controller\graphs\TimesVsThreads.png
2017-10-03 11:32:26,613 INFO k.a.j.l.GraphsGeneratorListener: Successful generation of file graphs\TimesVsThreads by plugin:TimesVsThreads
2017-10-03 11:32:26,613 INFO k.a.j.PluginsCMDWorker: Using JMeterPluginsCMD v. N/A
2017-10-03 11:32:26,613 WARN k.a.j.JMeterPluginsUtils: JMeter env exists. No one should see this normally.
2017-10-03 11:32:26,622 INFO k.a.c.GraphPanelChart: Saving PNG to C:\automation\qa-automation\Dmitry_Ryvkov\projects\fituportal\group_controller\graphs\ThroughputVsThreads.png
2017-10-03 11:32:26,679 INFO k.a.j.l.GraphsGeneratorListener: Successful generation of file graphs\ThroughputVsThreads by plugin:ThroughputVsThreads
2017-10-03 11:32:26,680 INFO o.a.j.g.u.JMeterMenuBar: setRunning(false, *local*)
