2017-12-21 13:38:49,336 INFO o.a.j.u.JMeterUtils: Setting Locale to en
2017-12-21 13:38:49,349 INFO o.a.j.JMeter: Loading user properties from: C:\tools\jmeter\apache-jmeter-3.2\bin\user.properties
2017-12-21 13:38:49,350 INFO o.a.j.JMeter: Loading system properties from: C:\tools\jmeter\apache-jmeter-3.2\bin\system.properties
2017-12-21 13:38:49,355 INFO o.a.j.JMeter: Copyright (c) 1998-2017 The Apache Software Foundation
2017-12-21 13:38:49,355 INFO o.a.j.JMeter: Version 3.2 r1790748
2017-12-21 13:38:49,355 INFO o.a.j.JMeter: java.version=1.8.0_151
2017-12-21 13:38:49,355 INFO o.a.j.JMeter: java.vm.name=Java HotSpot(TM) 64-Bit Server VM
2017-12-21 13:38:49,355 INFO o.a.j.JMeter: os.name=Windows 10
2017-12-21 13:38:49,355 INFO o.a.j.JMeter: os.arch=amd64
2017-12-21 13:38:49,355 INFO o.a.j.JMeter: os.version=10.0
2017-12-21 13:38:49,355 INFO o.a.j.JMeter: file.encoding=UTF-8
2017-12-21 13:38:49,355 INFO o.a.j.JMeter: Max memory     =536870912
2017-12-21 13:38:49,355 INFO o.a.j.JMeter: Available Processors =4
2017-12-21 13:38:49,359 INFO o.a.j.JMeter: Default Locale=English (United States)
2017-12-21 13:38:49,359 INFO o.a.j.JMeter: JMeter  Locale=English
2017-12-21 13:38:49,359 INFO o.a.j.JMeter: JMeterHome=C:\tools\jmeter\apache-jmeter-3.2
2017-12-21 13:38:49,359 INFO o.a.j.JMeter: user.dir  =C:\automation\PORTAL\fituportal_API_testing\fituportal\API\article_controller
2017-12-21 13:38:49,360 INFO o.a.j.JMeter: PWD       =C:\automation\PORTAL\fituportal_API_testing\fituportal\API\article_controller
2017-12-21 13:38:49,361 INFO o.a.j.JMeter: IP: 192.168.1.132 Name: WKS-144 FullName: WKS-144.hiqo-solutions.com
2017-12-21 13:38:49,496 INFO o.a.j.g.a.LookAndFeelCommand: Using look and feel: javax.swing.plaf.metal.MetalLookAndFeel [Metal, CrossPlatform]
2017-12-21 13:38:49,499 INFO o.a.j.JMeter: Loaded icon properties from org/apache/jmeter/images/icon.properties
2017-12-21 13:38:50,081 INFO o.a.j.e.u.CompoundVariable: Note: Function class names must contain the string: '.functions.'
2017-12-21 13:38:50,081 INFO o.a.j.e.u.CompoundVariable: Note: Function class names must not contain the string: '.gui.'
2017-12-21 13:38:52,756 WARN o.j.r.Plugin: Unable to load class: com.atlantbh.jmeter.plugins.oauth.OAuthSampler
java.lang.NoClassDefFoundError: org/apache/jmeter/protocol/http/sampler/HTTPSampler2
	at java.lang.ClassLoader.defineClass1(Native Method) ~[?:1.8.0_151]
	at java.lang.ClassLoader.defineClass(Unknown Source) ~[?:1.8.0_151]
	at java.security.SecureClassLoader.defineClass(Unknown Source) ~[?:1.8.0_151]
	at java.net.URLClassLoader.defineClass(Unknown Source) ~[?:1.8.0_151]
	at java.net.URLClassLoader.access$100(Unknown Source) ~[?:1.8.0_151]
	at java.net.URLClassLoader$1.run(Unknown Source) ~[?:1.8.0_151]
	at java.net.URLClassLoader$1.run(Unknown Source) ~[?:1.8.0_151]
	at java.security.AccessController.doPrivileged(Native Method) ~[?:1.8.0_151]
	at java.net.URLClassLoader.findClass(Unknown Source) ~[?:1.8.0_151]
	at java.lang.ClassLoader.loadClass(Unknown Source) ~[?:1.8.0_151]
	at java.lang.ClassLoader.loadClass(Unknown Source) ~[?:1.8.0_151]
	at org.jmeterplugins.repository.Plugin.getJARPath(Plugin.java:181) [jmeter-plugins-manager-0.13.jar:?]
	at org.jmeterplugins.repository.Plugin.detectInstalledPlugin(Plugin.java:95) [jmeter-plugins-manager-0.13.jar:?]
	at org.jmeterplugins.repository.Plugin.detectInstalled(Plugin.java:84) [jmeter-plugins-manager-0.13.jar:?]
	at org.jmeterplugins.repository.PluginManager.load(PluginManager.java:61) [jmeter-plugins-manager-0.13.jar:?]
	at org.jmeterplugins.repository.PluginManagerMenuItem.<init>(PluginManagerMenuItem.java:28) [jmeter-plugins-manager-0.13.jar:?]
	at org.jmeterplugins.repository.PluginManagerMenuCreator.getMenuItemsAtLocation(PluginManagerMenuCreator.java:22) [jmeter-plugins-manager-0.13.jar:?]
	at org.apache.jmeter.gui.util.JMeterMenuBar.addPluginsMenuItems(JMeterMenuBar.java:594) [ApacheJMeter_core.jar:3.2 r1790748]
	at org.apache.jmeter.gui.util.JMeterMenuBar.makeOptionsMenu(JMeterMenuBar.java:370) [ApacheJMeter_core.jar:3.2 r1790748]
	at org.apache.jmeter.gui.util.JMeterMenuBar.createMenuBar(JMeterMenuBar.java:268) [ApacheJMeter_core.jar:3.2 r1790748]
	at org.apache.jmeter.gui.util.JMeterMenuBar.<init>(JMeterMenuBar.java:164) [ApacheJMeter_core.jar:3.2 r1790748]
	at org.apache.jmeter.gui.MainFrame.init(MainFrame.java:510) [ApacheJMeter_core.jar:3.2 r1790748]
	at org.apache.jmeter.gui.MainFrame.<init>(MainFrame.java:240) [ApacheJMeter_core.jar:3.2 r1790748]
	at org.apache.jmeter.JMeter.startGui(JMeter.java:375) [ApacheJMeter_core.jar:3.2 r1790748]
	at org.apache.jmeter.JMeter.start(JMeter.java:519) [ApacheJMeter_core.jar:3.2 r1790748]
	at sun.reflect.NativeMethodAccessorImpl.invoke0(Native Method) ~[?:1.8.0_151]
	at sun.reflect.NativeMethodAccessorImpl.invoke(Unknown Source) ~[?:1.8.0_151]
	at sun.reflect.DelegatingMethodAccessorImpl.invoke(Unknown Source) ~[?:1.8.0_151]
	at java.lang.reflect.Method.invoke(Unknown Source) ~[?:1.8.0_151]
	at org.apache.jmeter.NewDriver.main(NewDriver.java:248) [ApacheJMeter.jar:3.2 r1790748]
Caused by: java.lang.ClassNotFoundException: org.apache.jmeter.protocol.http.sampler.HTTPSampler2
	at java.net.URLClassLoader.findClass(Unknown Source) ~[?:1.8.0_151]
	at java.lang.ClassLoader.loadClass(Unknown Source) ~[?:1.8.0_151]
	at java.lang.ClassLoader.loadClass(Unknown Source) ~[?:1.8.0_151]
	... 30 more
2017-12-21 13:38:53,003 INFO o.j.r.PluginManager: Plugins Status: [jpgc-graphs-basic=2.0, jpgc-graphs-additional=2.0, jpgc-sense=3.0, jpgc-cmd=2.1, jpgc-graphs-composite=2.0, jpgc-csl=0.1, jpgc-functions=2.0, jpgc-casutg=2.1, jpgc-graphs-dist=2.0, jpgc-dummy=0.2, jpgc-filterresults=2.1, jpgc-ffw=2.0, jpgc-ggl=2.0, jpgc-sts=2.2, jpgc-fifo=0.2, jpgc-jms=0.2, jpgc-json=2.6, jpgc-graphs-vs=2.0, jpgc-mergeresults=2.1, jpgc-prmctl=0.3, jpgc-perfmon=2.1, jpgc-plugins-manager=0.13, jpgc-redis=0.2, jpgc-rotating-listener=0.1, jpgc-synthesis=2.1, jpgc-plancheck=2.2, jpgc-tst=2.1, jpgc-csvars=0.1, jpgc-wsc=0.2, jpgc-xml=0.1, jmeter-core=3.2, jmeter-ftp=3.2, jmeter-http=3.2, jmeter-jdbc=3.2, jmeter-jms=3.2, jmeter-junit=3.2, jmeter-java=3.2, jmeter-ldap=3.2, jmeter-mail=3.2, jmeter-mongodb=3.2, jmeter-native=3.2, jmeter-tcp=3.2, jmeter-components=3.2, jpgc-standard=2.0]
2017-12-21 13:38:53,587 WARN o.a.j.g.ObjectTableModel: Header count=13 but classes count=11
2017-12-21 13:38:53,587 WARN o.a.j.g.ObjectTableModel: Header count=13 but writeFunctor count=11
2017-12-21 13:38:53,832 INFO o.a.j.g.u.MenuFactory: Skipping org.apache.jmeter.assertions.BSFAssertion
2017-12-21 13:38:54,059 INFO o.a.j.g.u.MenuFactory: Skipping org.apache.jmeter.extractor.BSFPostProcessor
2017-12-21 13:38:54,083 INFO o.a.j.g.u.MenuFactory: Skipping org.apache.jmeter.modifiers.BSFPreProcessor
2017-12-21 13:38:54,101 INFO o.a.j.p.h.s.HTTPSamplerBase: Parser for text/html is org.apache.jmeter.protocol.http.parser.LagartoBasedHtmlParser
2017-12-21 13:38:54,102 INFO o.a.j.p.h.s.HTTPSamplerBase: Parser for application/xhtml+xml is org.apache.jmeter.protocol.http.parser.LagartoBasedHtmlParser
2017-12-21 13:38:54,102 INFO o.a.j.p.h.s.HTTPSamplerBase: Parser for application/xml is org.apache.jmeter.protocol.http.parser.LagartoBasedHtmlParser
2017-12-21 13:38:54,102 INFO o.a.j.p.h.s.HTTPSamplerBase: Parser for text/xml is org.apache.jmeter.protocol.http.parser.LagartoBasedHtmlParser
2017-12-21 13:38:54,102 INFO o.a.j.p.h.s.HTTPSamplerBase: Parser for text/vnd.wap.wml is org.apache.jmeter.protocol.http.parser.RegexpHTMLParser
2017-12-21 13:38:54,102 INFO o.a.j.p.h.s.HTTPSamplerBase: Parser for text/css is org.apache.jmeter.protocol.http.parser.CssParser
2017-12-21 13:38:54,364 INFO o.a.j.e.KeyToolUtils: keytool found at 'keytool'
2017-12-21 13:38:54,365 INFO o.a.j.p.h.p.ProxyControl: HTTP(S) Test Script Recorder SSL Proxy will use keys that support embedded 3rd party resources in file C:\tools\jmeter\apache-jmeter-3.2\bin\proxyserver.jks
2017-12-21 13:38:54,503 INFO o.a.j.g.u.MenuFactory: Skipping org.apache.jmeter.protocol.java.sampler.BSFSampler
2017-12-21 13:38:54,538 INFO o.a.j.s.FileServer: Default base='C:\automation\PORTAL\fituportal_API_testing\fituportal\API\article_controller'
2017-12-21 13:38:54,596 INFO o.a.j.g.u.MenuFactory: Skipping org.apache.jmeter.protocol.mongodb.config.MongoSourceElement
2017-12-21 13:38:54,596 INFO o.a.j.g.u.MenuFactory: Skipping org.apache.jmeter.protocol.mongodb.sampler.MongoScriptSampler
2017-12-21 13:38:54,882 INFO o.a.j.g.u.MenuFactory: Skipping org.apache.jmeter.timers.BSFTimer
2017-12-21 13:38:54,905 INFO o.a.j.g.u.MenuFactory: Skipping org.apache.jmeter.visualizers.BSFListener
2017-12-21 13:38:54,994 INFO o.a.j.s.SampleResult: Note: Sample TimeStamps are START times
2017-12-21 13:38:54,994 INFO o.a.j.s.SampleResult: sampleresult.default.encoding is set to UTF-8
2017-12-21 13:38:54,994 INFO o.a.j.s.SampleResult: sampleresult.useNanoTime=true
2017-12-21 13:38:54,994 INFO o.a.j.s.SampleResult: sampleresult.nanoThreadSleep=5000
2017-12-21 13:39:01,659 INFO o.a.j.g.a.Load: Loading file: C:\automation\PORTAL\fituportal_API_testing\fituportal\API\article_controller\article_controller.jmx
2017-12-21 13:39:01,660 INFO o.a.j.s.FileServer: Set new base='C:\automation\PORTAL\fituportal_API_testing\fituportal\API\article_controller'
2017-12-21 13:39:01,735 INFO o.a.j.s.SaveService: Testplan (JMX) version: 2.2. Testlog (JTL) version: 2.2
2017-12-21 13:39:01,740 INFO o.a.j.s.SaveService: Using SaveService properties file encoding UTF-8
2017-12-21 13:39:01,741 INFO o.a.j.s.SaveService: Using SaveService properties version 3.2
2017-12-21 13:39:01,743 INFO o.a.j.s.SaveService: Loading file: C:\automation\PORTAL\fituportal_API_testing\fituportal\API\article_controller\article_controller.jmx
2017-12-21 13:39:01,885 WARN o.a.j.t.g.GenericTestBeanCustomizer: kg.apc.jmeter.listener.GraphsGeneratorListener#graphWidth(int) has a DEFAULT of class java.lang.String
2017-12-21 13:39:01,885 WARN o.a.j.t.g.GenericTestBeanCustomizer: kg.apc.jmeter.listener.GraphsGeneratorListener#graphHeight(int) has a DEFAULT of class java.lang.String
2017-12-21 13:39:01,906 INFO o.a.j.s.FileServer: Set new base='C:\automation\PORTAL\fituportal_API_testing\fituportal\API\article_controller'
2017-12-21 13:39:06,804 INFO o.a.j.e.StandardJMeterEngine: Running the test!
2017-12-21 13:39:06,805 INFO o.a.j.s.SampleEvent: List of sample_variables: []
2017-12-21 13:39:06,805 INFO o.a.j.s.SampleEvent: List of sample_variables: []
2017-12-21 13:39:06,820 INFO o.a.j.g.u.JMeterMenuBar: setRunning(true, *local*)
2017-12-21 13:39:06,991 INFO o.a.j.e.StandardJMeterEngine: Starting ThreadGroup: 1 : Thread Group
2017-12-21 13:39:06,991 INFO o.a.j.e.StandardJMeterEngine: Starting 1 threads for group Thread Group.
2017-12-21 13:39:06,991 INFO o.a.j.e.StandardJMeterEngine: Thread will continue on error
2017-12-21 13:39:06,991 INFO o.a.j.t.ThreadGroup: Starting thread group... number=1 threads=1 ramp-up=1 perThread=1000.0 delayedStart=false
2017-12-21 13:39:06,994 INFO o.a.j.t.ThreadGroup: Started thread group number 1
2017-12-21 13:39:06,995 INFO o.a.j.e.StandardJMeterEngine: All thread groups have been started
2017-12-21 13:39:07,000 INFO o.a.j.t.JMeterThread: Thread started: Thread Group 1-1
2017-12-21 13:39:07,007 INFO o.a.j.p.h.s.HTTPHCAbstractImpl: Local host = WKS-144
2017-12-21 13:39:07,010 INFO o.a.j.p.h.s.HTTPHC4Impl: HTTP request retry count = 0
2017-12-21 13:39:07,075 INFO o.a.j.p.h.s.LazySchemeSocketFactory: Setting up HTTPS TrustAll Socket Factory
2017-12-21 13:39:07,076 INFO o.a.j.u.JsseSSLManager: Using default SSL protocol: TLS
2017-12-21 13:39:07,076 INFO o.a.j.u.JsseSSLManager: SSL session context: per-thread
2017-12-21 13:39:07,080 INFO o.a.j.u.SSLManager: JmeterKeyStore Location:  type JKS
2017-12-21 13:39:07,081 INFO o.a.j.u.SSLManager: KeyStore created OK
2017-12-21 13:39:07,081 WARN o.a.j.u.SSLManager: Keystore file not found, loading empty keystore
2017-12-21 13:39:08,792 INFO o.a.j.t.JMeterThread: Thread is done: Thread Group 1-1
2017-12-21 13:39:08,793 INFO o.a.j.t.JMeterThread: Thread finished: Thread Group 1-1
2017-12-21 13:39:08,794 INFO o.a.j.e.StandardJMeterEngine: Notifying test listeners of end of test
2017-12-21 13:39:08,798 INFO k.a.j.PluginsCMDWorker: Using JMeterPluginsCMD v. N/A
2017-12-21 13:39:08,818 WARN k.a.j.JMeterPluginsUtils: JMeter env exists. No one should see this normally.
2017-12-21 13:39:08,863 INFO k.a.j.v.SynthesisReportGui: Saving CSV to C:\automation\PORTAL\fituportal_API_testing\fituportal\API\article_controller\graphs\SynthesisReportGui.csv
2017-12-21 13:39:08,867 INFO k.a.j.l.GraphsGeneratorListener: Successful generation of file graphs\SynthesisReportGui by plugin:SynthesisReportGui
2017-12-21 13:39:08,867 INFO k.a.j.PluginsCMDWorker: Using JMeterPluginsCMD v. N/A
2017-12-21 13:39:08,867 WARN k.a.j.JMeterPluginsUtils: JMeter env exists. No one should see this normally.
2017-12-21 13:39:08,879 WARN o.a.j.g.ObjectTableModel: Header count=13 but classes count=11
2017-12-21 13:39:08,879 WARN o.a.j.g.ObjectTableModel: Header count=13 but writeFunctor count=11
2017-12-21 13:39:08,886 INFO k.a.j.v.AggregateReportGui: Saving CSV to C:\automation\PORTAL\fituportal_API_testing\fituportal\API\article_controller\graphs\AggregateReportGui.csv
2017-12-21 13:39:08,889 INFO k.a.j.l.GraphsGeneratorListener: Successful generation of file graphs\AggregateReportGui by plugin:AggregateReportGui
2017-12-21 13:39:08,889 INFO k.a.j.PluginsCMDWorker: Using JMeterPluginsCMD v. N/A
2017-12-21 13:39:08,889 WARN k.a.j.JMeterPluginsUtils: JMeter env exists. No one should see this normally.
2017-12-21 13:39:08,903 INFO k.a.c.GraphPanelChart: Saving PNG to C:\automation\PORTAL\fituportal_API_testing\fituportal\API\article_controller\graphs\ResponseTimesOverTime.png
2017-12-21 13:39:09,017 INFO k.a.j.l.GraphsGeneratorListener: Successful generation of file graphs\ResponseTimesOverTime by plugin:ResponseTimesOverTime
2017-12-21 13:39:09,017 INFO k.a.j.PluginsCMDWorker: Using JMeterPluginsCMD v. N/A
2017-12-21 13:39:09,017 WARN k.a.j.JMeterPluginsUtils: JMeter env exists. No one should see this normally.
2017-12-21 13:39:09,030 INFO k.a.c.GraphPanelChart: Saving PNG to C:\automation\PORTAL\fituportal_API_testing\fituportal\API\article_controller\graphs\HitsPerSecond.png
2017-12-21 13:39:09,089 INFO k.a.j.l.GraphsGeneratorListener: Successful generation of file graphs\HitsPerSecond by plugin:HitsPerSecond
2017-12-21 13:39:09,089 INFO k.a.j.PluginsCMDWorker: Using JMeterPluginsCMD v. N/A
2017-12-21 13:39:09,090 WARN k.a.j.JMeterPluginsUtils: JMeter env exists. No one should see this normally.
2017-12-21 13:39:09,104 INFO k.a.c.GraphPanelChart: Saving PNG to C:\automation\PORTAL\fituportal_API_testing\fituportal\API\article_controller\graphs\BytesThroughputOverTime.png
2017-12-21 13:39:09,167 INFO k.a.j.l.GraphsGeneratorListener: Successful generation of file graphs\BytesThroughputOverTime by plugin:BytesThroughputOverTime
2017-12-21 13:39:09,167 INFO k.a.j.PluginsCMDWorker: Using JMeterPluginsCMD v. N/A
2017-12-21 13:39:09,167 WARN k.a.j.JMeterPluginsUtils: JMeter env exists. No one should see this normally.
2017-12-21 13:39:09,182 INFO k.a.c.GraphPanelChart: Saving PNG to C:\automation\PORTAL\fituportal_API_testing\fituportal\API\article_controller\graphs\LatenciesOverTime.png
2017-12-21 13:39:09,238 INFO k.a.j.l.GraphsGeneratorListener: Successful generation of file graphs\LatenciesOverTime by plugin:LatenciesOverTime
2017-12-21 13:39:09,239 INFO k.a.j.PluginsCMDWorker: Using JMeterPluginsCMD v. N/A
2017-12-21 13:39:09,239 WARN k.a.j.JMeterPluginsUtils: JMeter env exists. No one should see this normally.
2017-12-21 13:39:09,252 INFO k.a.c.GraphPanelChart: Saving PNG to C:\automation\PORTAL\fituportal_API_testing\fituportal\API\article_controller\graphs\ResponseCodesPerSecond.png
2017-12-21 13:39:09,306 INFO k.a.j.l.GraphsGeneratorListener: Successful generation of file graphs\ResponseCodesPerSecond by plugin:ResponseCodesPerSecond
2017-12-21 13:39:09,306 INFO k.a.j.PluginsCMDWorker: Using JMeterPluginsCMD v. N/A
2017-12-21 13:39:09,306 WARN k.a.j.JMeterPluginsUtils: JMeter env exists. No one should see this normally.
2017-12-21 13:39:09,318 INFO k.a.c.GraphPanelChart: Saving PNG to C:\automation\PORTAL\fituportal_API_testing\fituportal\API\article_controller\graphs\TransactionsPerSecond.png
2017-12-21 13:39:09,370 INFO k.a.j.l.GraphsGeneratorListener: Successful generation of file graphs\TransactionsPerSecond by plugin:TransactionsPerSecond
2017-12-21 13:39:09,370 INFO k.a.j.PluginsCMDWorker: Using JMeterPluginsCMD v. N/A
2017-12-21 13:39:09,370 WARN k.a.j.JMeterPluginsUtils: JMeter env exists. No one should see this normally.
2017-12-21 13:39:09,382 INFO k.a.c.GraphPanelChart: Saving PNG to C:\automation\PORTAL\fituportal_API_testing\fituportal\API\article_controller\graphs\ResponseTimesDistribution.png
2017-12-21 13:39:09,433 INFO k.a.j.l.GraphsGeneratorListener: Successful generation of file graphs\ResponseTimesDistribution by plugin:ResponseTimesDistribution
2017-12-21 13:39:09,433 INFO k.a.j.PluginsCMDWorker: Using JMeterPluginsCMD v. N/A
2017-12-21 13:39:09,433 WARN k.a.j.JMeterPluginsUtils: JMeter env exists. No one should see this normally.
2017-12-21 13:39:09,449 INFO k.a.c.GraphPanelChart: Saving PNG to C:\automation\PORTAL\fituportal_API_testing\fituportal\API\article_controller\graphs\ResponseTimesPercentiles.png
2017-12-21 13:39:09,519 INFO k.a.j.l.GraphsGeneratorListener: Successful generation of file graphs\ResponseTimesPercentiles by plugin:ResponseTimesPercentiles
2017-12-21 13:39:09,519 INFO k.a.j.PluginsCMDWorker: Using JMeterPluginsCMD v. N/A
2017-12-21 13:39:09,519 WARN k.a.j.JMeterPluginsUtils: JMeter env exists. No one should see this normally.
2017-12-21 13:39:09,531 INFO k.a.c.GraphPanelChart: Saving PNG to C:\automation\PORTAL\fituportal_API_testing\fituportal\API\article_controller\graphs\ThreadsStateOverTime.png
2017-12-21 13:39:09,581 INFO k.a.j.l.GraphsGeneratorListener: Successful generation of file graphs\ThreadsStateOverTime by plugin:ThreadsStateOverTime
2017-12-21 13:39:09,581 INFO k.a.j.PluginsCMDWorker: Using JMeterPluginsCMD v. N/A
2017-12-21 13:39:09,581 WARN k.a.j.JMeterPluginsUtils: JMeter env exists. No one should see this normally.
2017-12-21 13:39:09,594 INFO k.a.c.GraphPanelChart: Saving PNG to C:\automation\PORTAL\fituportal_API_testing\fituportal\API\article_controller\graphs\TimesVsThreads.png
2017-12-21 13:39:09,651 INFO k.a.j.l.GraphsGeneratorListener: Successful generation of file graphs\TimesVsThreads by plugin:TimesVsThreads
2017-12-21 13:39:09,652 INFO k.a.j.PluginsCMDWorker: Using JMeterPluginsCMD v. N/A
2017-12-21 13:39:09,652 WARN k.a.j.JMeterPluginsUtils: JMeter env exists. No one should see this normally.
2017-12-21 13:39:09,665 INFO k.a.c.GraphPanelChart: Saving PNG to C:\automation\PORTAL\fituportal_API_testing\fituportal\API\article_controller\graphs\ThroughputVsThreads.png
2017-12-21 13:39:09,725 INFO k.a.j.l.GraphsGeneratorListener: Successful generation of file graphs\ThroughputVsThreads by plugin:ThroughputVsThreads
2017-12-21 13:39:09,726 INFO o.a.j.g.u.JMeterMenuBar: setRunning(false, *local*)
