2017-09-16 14:45:09,493 INFO o.a.j.u.JMeterUtils: Setting Locale to en
2017-09-16 14:45:09,508 INFO o.a.j.JMeter: Loading user properties from: C:\Program Files\Apache-JMeter\apache-jmeter-3.2\bin\user.properties
2017-09-16 14:45:09,615 INFO o.a.j.JMeter: Loading system properties from: C:\Program Files\Apache-JMeter\apache-jmeter-3.2\bin\system.properties
2017-09-16 14:45:09,622 INFO o.a.j.JMeter: Copyright (c) 1998-2017 The Apache Software Foundation
2017-09-16 14:45:09,622 INFO o.a.j.JMeter: Version 3.2 r1790748
2017-09-16 14:45:09,622 INFO o.a.j.JMeter: java.version=1.8.0_144
2017-09-16 14:45:09,622 INFO o.a.j.JMeter: java.vm.name=Java HotSpot(TM) 64-Bit Server VM
2017-09-16 14:45:09,622 INFO o.a.j.JMeter: os.name=Windows 10
2017-09-16 14:45:09,622 INFO o.a.j.JMeter: os.arch=amd64
2017-09-16 14:45:09,622 INFO o.a.j.JMeter: os.version=10.0
2017-09-16 14:45:09,623 INFO o.a.j.JMeter: file.encoding=UTF-8
2017-09-16 14:45:09,623 INFO o.a.j.JMeter: Max memory     =536870912
2017-09-16 14:45:09,623 INFO o.a.j.JMeter: Available Processors =8
2017-09-16 14:45:09,628 INFO o.a.j.JMeter: Default Locale=русский (Россия)
2017-09-16 14:45:09,628 INFO o.a.j.JMeter: JMeter  Locale=английский
2017-09-16 14:45:09,628 INFO o.a.j.JMeter: JMeterHome=C:\Program Files\Apache-JMeter\apache-jmeter-3.2
2017-09-16 14:45:09,629 INFO o.a.j.JMeter: user.dir  =F:\Work\Automation\Projects\qa-automation\Dmitry_Ryvkov\projects\fituportal\fileupload_controllers
2017-09-16 14:45:09,629 INFO o.a.j.JMeter: PWD       =F:\Work\Automation\Projects\qa-automation\Dmitry_Ryvkov\projects\fituportal\fileupload_controllers
2017-09-16 14:45:09,630 INFO o.a.j.JMeter: IP: 192.168.0.109 Name: DESKTOP-HJIGDH8 FullName: DESKTOP-HJIGDH8
2017-09-16 14:45:09,819 INFO o.a.j.g.a.LookAndFeelCommand: Using look and feel: javax.swing.plaf.metal.MetalLookAndFeel [Metal, CrossPlatform]
2017-09-16 14:45:09,824 INFO o.a.j.JMeter: Loaded icon properties from org/apache/jmeter/images/icon.properties
2017-09-16 14:45:10,668 INFO o.a.j.e.u.CompoundVariable: Note: Function class names must contain the string: '.functions.'
2017-09-16 14:45:10,668 INFO o.a.j.e.u.CompoundVariable: Note: Function class names must not contain the string: '.gui.'
2017-09-16 14:45:11,431 WARN o.j.r.PluginManagerMenuCreator: Was unable to install pmgr cmdline tool
java.nio.file.AccessDeniedException: C:\Program Files\Apache-JMeter\apache-jmeter-3.2\bin\PluginsManagerCMD.bat
	at sun.nio.fs.WindowsException.translateToIOException(Unknown Source) ~[?:1.8.0_144]
	at sun.nio.fs.WindowsException.rethrowAsIOException(Unknown Source) ~[?:1.8.0_144]
	at sun.nio.fs.WindowsException.rethrowAsIOException(Unknown Source) ~[?:1.8.0_144]
	at sun.nio.fs.WindowsFileSystemProvider.implDelete(Unknown Source) ~[?:1.8.0_144]
	at sun.nio.fs.AbstractFileSystemProvider.deleteIfExists(Unknown Source) ~[?:1.8.0_144]
	at java.nio.file.Files.deleteIfExists(Unknown Source) ~[?:1.8.0_144]
	at java.nio.file.Files.copy(Unknown Source) ~[?:1.8.0_144]
	at org.jmeterplugins.repository.PluginManagerCMDInstaller.writeOut(PluginManagerCMDInstaller.java:24) ~[jmeter-plugins-manager-0.13.jar:?]
	at org.jmeterplugins.repository.PluginManagerCMDInstaller.main(PluginManagerCMDInstaller.java:12) ~[jmeter-plugins-manager-0.13.jar:?]
	at org.jmeterplugins.repository.PluginManagerMenuCreator.getMenuItemsAtLocation(PluginManagerMenuCreator.java:16) [jmeter-plugins-manager-0.13.jar:?]
	at org.apache.jmeter.gui.util.JMeterMenuBar.addPluginsMenuItems(JMeterMenuBar.java:594) [ApacheJMeter_core.jar:3.2 r1790748]
	at org.apache.jmeter.gui.util.JMeterMenuBar.makeOptionsMenu(JMeterMenuBar.java:370) [ApacheJMeter_core.jar:3.2 r1790748]
	at org.apache.jmeter.gui.util.JMeterMenuBar.createMenuBar(JMeterMenuBar.java:268) [ApacheJMeter_core.jar:3.2 r1790748]
	at org.apache.jmeter.gui.util.JMeterMenuBar.<init>(JMeterMenuBar.java:164) [ApacheJMeter_core.jar:3.2 r1790748]
	at org.apache.jmeter.gui.MainFrame.init(MainFrame.java:510) [ApacheJMeter_core.jar:3.2 r1790748]
	at org.apache.jmeter.gui.MainFrame.<init>(MainFrame.java:240) [ApacheJMeter_core.jar:3.2 r1790748]
	at org.apache.jmeter.JMeter.startGui(JMeter.java:375) [ApacheJMeter_core.jar:3.2 r1790748]
	at org.apache.jmeter.JMeter.start(JMeter.java:519) [ApacheJMeter_core.jar:3.2 r1790748]
	at sun.reflect.NativeMethodAccessorImpl.invoke0(Native Method) ~[?:1.8.0_144]
	at sun.reflect.NativeMethodAccessorImpl.invoke(Unknown Source) ~[?:1.8.0_144]
	at sun.reflect.DelegatingMethodAccessorImpl.invoke(Unknown Source) ~[?:1.8.0_144]
	at java.lang.reflect.Method.invoke(Unknown Source) ~[?:1.8.0_144]
	at org.apache.jmeter.NewDriver.main(NewDriver.java:248) [ApacheJMeter.jar:3.2 r1790748]
2017-09-16 14:45:13,755 WARN o.j.r.Plugin: Unable to load class: com.atlantbh.jmeter.plugins.oauth.OAuthSampler
java.lang.NoClassDefFoundError: org/apache/jmeter/protocol/http/sampler/HTTPSampler2
	at java.lang.ClassLoader.defineClass1(Native Method) ~[?:1.8.0_144]
	at java.lang.ClassLoader.defineClass(Unknown Source) ~[?:1.8.0_144]
	at java.security.SecureClassLoader.defineClass(Unknown Source) ~[?:1.8.0_144]
	at java.net.URLClassLoader.defineClass(Unknown Source) ~[?:1.8.0_144]
	at java.net.URLClassLoader.access$100(Unknown Source) ~[?:1.8.0_144]
	at java.net.URLClassLoader$1.run(Unknown Source) ~[?:1.8.0_144]
	at java.net.URLClassLoader$1.run(Unknown Source) ~[?:1.8.0_144]
	at java.security.AccessController.doPrivileged(Native Method) ~[?:1.8.0_144]
	at java.net.URLClassLoader.findClass(Unknown Source) ~[?:1.8.0_144]
	at java.lang.ClassLoader.loadClass(Unknown Source) ~[?:1.8.0_144]
	at java.lang.ClassLoader.loadClass(Unknown Source) ~[?:1.8.0_144]
	at org.jmeterplugins.repository.Plugin.getJARPath(Plugin.java:181) [jmeter-plugins-manager-0.13.jar:?]
	at org.jmeterplugins.repository.Plugin.detectInstalledPlugin(Plugin.java:95) [jmeter-plugins-manager-0.13.jar:?]
	at org.jmeterplugins.repository.Plugin.detectInstalled(Plugin.java:84) [jmeter-plugins-manager-0.13.jar:?]
	at org.jmeterplugins.repository.PluginManager.load(PluginManager.java:61) [jmeter-plugins-manager-0.13.jar:?]
	at org.jmeterplugins.repository.PluginManagerMenuItem.<init>(PluginManagerMenuItem.java:28) [jmeter-plugins-manager-0.13.jar:?]
	at org.jmeterplugins.repository.PluginManagerMenuCreator.getMenuItemsAtLocation(PluginManagerMenuCreator.java:22) [jmeter-plugins-manager-0.13.jar:?]
	at org.apache.jmeter.gui.util.JMeterMenuBar.addPluginsMenuItems(JMeterMenuBar.java:594) [ApacheJMeter_core.jar:3.2 r1790748]
	at org.apache.jmeter.gui.util.JMeterMenuBar.makeOptionsMenu(JMeterMenuBar.java:370) [ApacheJMeter_core.jar:3.2 r1790748]
	at org.apache.jmeter.gui.util.JMeterMenuBar.createMenuBar(JMeterMenuBar.java:268) [ApacheJMeter_core.jar:3.2 r1790748]
	at org.apache.jmeter.gui.util.JMeterMenuBar.<init>(JMeterMenuBar.java:164) [ApacheJMeter_core.jar:3.2 r1790748]
	at org.apache.jmeter.gui.MainFrame.init(MainFrame.java:510) [ApacheJMeter_core.jar:3.2 r1790748]
	at org.apache.jmeter.gui.MainFrame.<init>(MainFrame.java:240) [ApacheJMeter_core.jar:3.2 r1790748]
	at org.apache.jmeter.JMeter.startGui(JMeter.java:375) [ApacheJMeter_core.jar:3.2 r1790748]
	at org.apache.jmeter.JMeter.start(JMeter.java:519) [ApacheJMeter_core.jar:3.2 r1790748]
	at sun.reflect.NativeMethodAccessorImpl.invoke0(Native Method) ~[?:1.8.0_144]
	at sun.reflect.NativeMethodAccessorImpl.invoke(Unknown Source) ~[?:1.8.0_144]
	at sun.reflect.DelegatingMethodAccessorImpl.invoke(Unknown Source) ~[?:1.8.0_144]
	at java.lang.reflect.Method.invoke(Unknown Source) ~[?:1.8.0_144]
	at org.apache.jmeter.NewDriver.main(NewDriver.java:248) [ApacheJMeter.jar:3.2 r1790748]
Caused by: java.lang.ClassNotFoundException: org.apache.jmeter.protocol.http.sampler.HTTPSampler2
	at java.net.URLClassLoader.findClass(Unknown Source) ~[?:1.8.0_144]
	at java.lang.ClassLoader.loadClass(Unknown Source) ~[?:1.8.0_144]
	at java.lang.ClassLoader.loadClass(Unknown Source) ~[?:1.8.0_144]
	... 30 more
2017-09-16 14:45:14,074 INFO o.j.r.PluginManager: Plugins Status: [jpgc-graphs-basic=2.0, jpgc-graphs-additional=2.0, jpgc-sense=3.0, jpgc-cmd=2.1, jpgc-graphs-composite=2.0, jpgc-csl=0.1, jpgc-functions=2.0, jpgc-casutg=2.1, jpgc-graphs-dist=2.0, jpgc-dummy=0.2, jpgc-filterresults=2.1, jpgc-ffw=2.0, jpgc-ggl=2.0, jpgc-sts=2.2, jpgc-fifo=0.2, jpgc-jms=0.2, jpgc-json=2.6, jpgc-graphs-vs=2.0, jpgc-mergeresults=2.1, jpgc-prmctl=0.3, jpgc-perfmon=2.1, jpgc-plugins-manager=0.13, jpgc-redis=0.2, jpgc-rotating-listener=0.1, jpgc-synthesis=2.1, jpgc-plancheck=2.2, jpgc-tst=2.1, jpgc-csvars=0.1, jpgc-wsc=0.2, jpgc-xml=0.1, jmeter-core=3.2, jmeter-ftp=3.2, jmeter-http=3.2, jmeter-jdbc=3.2, jmeter-jms=3.2, jmeter-junit=3.2, jmeter-java=3.2, jmeter-ldap=3.2, jmeter-mail=3.2, jmeter-mongodb=3.2, jmeter-native=3.2, jmeter-tcp=3.2, jmeter-components=3.2, jpgc-standard=2.0]
2017-09-16 14:45:14,851 WARN o.a.j.g.ObjectTableModel: Header count=13 but classes count=11
2017-09-16 14:45:14,852 WARN o.a.j.g.ObjectTableModel: Header count=13 but writeFunctor count=11
2017-09-16 14:45:15,245 INFO o.a.j.g.u.MenuFactory: Skipping org.apache.jmeter.assertions.BSFAssertion
2017-09-16 14:45:15,575 INFO o.a.j.g.u.MenuFactory: Skipping org.apache.jmeter.extractor.BSFPostProcessor
2017-09-16 14:45:15,613 INFO o.a.j.g.u.MenuFactory: Skipping org.apache.jmeter.modifiers.BSFPreProcessor
2017-09-16 14:45:15,647 INFO o.a.j.p.h.s.HTTPSamplerBase: Parser for text/html is org.apache.jmeter.protocol.http.parser.LagartoBasedHtmlParser
2017-09-16 14:45:15,647 INFO o.a.j.p.h.s.HTTPSamplerBase: Parser for application/xhtml+xml is org.apache.jmeter.protocol.http.parser.LagartoBasedHtmlParser
2017-09-16 14:45:15,647 INFO o.a.j.p.h.s.HTTPSamplerBase: Parser for application/xml is org.apache.jmeter.protocol.http.parser.LagartoBasedHtmlParser
2017-09-16 14:45:15,647 INFO o.a.j.p.h.s.HTTPSamplerBase: Parser for text/xml is org.apache.jmeter.protocol.http.parser.LagartoBasedHtmlParser
2017-09-16 14:45:15,647 INFO o.a.j.p.h.s.HTTPSamplerBase: Parser for text/vnd.wap.wml is org.apache.jmeter.protocol.http.parser.RegexpHTMLParser
2017-09-16 14:45:15,647 INFO o.a.j.p.h.s.HTTPSamplerBase: Parser for text/css is org.apache.jmeter.protocol.http.parser.CssParser
2017-09-16 14:45:16,587 INFO o.a.j.e.KeyToolUtils: keytool found at 'keytool'
2017-09-16 14:45:16,588 INFO o.a.j.p.h.p.ProxyControl: HTTP(S) Test Script Recorder SSL Proxy will use keys that support embedded 3rd party resources in file C:\Program Files\Apache-JMeter\apache-jmeter-3.2\bin\proxyserver.jks
2017-09-16 14:45:16,762 INFO o.a.j.g.u.MenuFactory: Skipping org.apache.jmeter.protocol.java.sampler.BSFSampler
2017-09-16 14:45:16,806 INFO o.a.j.s.FileServer: Default base='F:\Work\Automation\Projects\qa-automation\Dmitry_Ryvkov\projects\fituportal\fileupload_controllers'
2017-09-16 14:45:16,904 INFO o.a.j.g.u.MenuFactory: Skipping org.apache.jmeter.protocol.mongodb.config.MongoSourceElement
2017-09-16 14:45:16,904 INFO o.a.j.g.u.MenuFactory: Skipping org.apache.jmeter.protocol.mongodb.sampler.MongoScriptSampler
2017-09-16 14:45:17,204 INFO o.a.j.g.u.MenuFactory: Skipping org.apache.jmeter.timers.BSFTimer
2017-09-16 14:45:17,227 INFO o.a.j.g.u.MenuFactory: Skipping org.apache.jmeter.visualizers.BSFListener
2017-09-16 14:45:17,371 INFO o.a.j.s.SampleResult: Note: Sample TimeStamps are START times
2017-09-16 14:45:17,371 INFO o.a.j.s.SampleResult: sampleresult.default.encoding is set to UTF-8
2017-09-16 14:45:17,371 INFO o.a.j.s.SampleResult: sampleresult.useNanoTime=true
2017-09-16 14:45:17,371 INFO o.a.j.s.SampleResult: sampleresult.nanoThreadSleep=5000
2017-09-16 14:51:11,173 WARN o.a.j.t.g.GenericTestBeanCustomizer: kg.apc.jmeter.listener.GraphsGeneratorListener#graphWidth(int) has a DEFAULT of class java.lang.String
2017-09-16 14:51:11,173 WARN o.a.j.t.g.GenericTestBeanCustomizer: kg.apc.jmeter.listener.GraphsGeneratorListener#graphHeight(int) has a DEFAULT of class java.lang.String
2017-09-16 14:51:59,446 INFO o.a.j.e.StandardJMeterEngine: Running the test!
2017-09-16 14:51:59,447 INFO o.a.j.s.SampleEvent: List of sample_variables: []
2017-09-16 14:51:59,447 INFO o.a.j.s.SampleEvent: List of sample_variables: []
2017-09-16 14:51:59,559 INFO o.a.j.s.SaveService: Testplan (JMX) version: 2.2. Testlog (JTL) version: 2.2
2017-09-16 14:51:59,569 INFO o.a.j.s.SaveService: Using SaveService properties file encoding UTF-8
2017-09-16 14:51:59,572 INFO o.a.j.s.SaveService: Using SaveService properties version 3.2
2017-09-16 14:51:59,582 INFO o.a.j.g.u.JMeterMenuBar: setRunning(true, *local*)
2017-09-16 14:51:59,789 INFO o.a.j.e.StandardJMeterEngine: Starting ThreadGroup: 1 : Thread Group
2017-09-16 14:51:59,789 INFO o.a.j.e.StandardJMeterEngine: Starting 1 threads for group Thread Group.
2017-09-16 14:51:59,789 INFO o.a.j.e.StandardJMeterEngine: Thread will continue on error
2017-09-16 14:51:59,790 INFO o.a.j.t.ThreadGroup: Starting thread group... number=1 threads=1 ramp-up=1 perThread=1000.0 delayedStart=false
2017-09-16 14:51:59,794 INFO o.a.j.t.ThreadGroup: Started thread group number 1
2017-09-16 14:51:59,794 INFO o.a.j.e.StandardJMeterEngine: All thread groups have been started
2017-09-16 14:51:59,795 INFO o.a.j.t.JMeterThread: Thread started: Thread Group 1-1
2017-09-16 14:51:59,805 INFO o.a.j.p.h.s.HTTPHCAbstractImpl: Local host = DESKTOP-HJIGDH8
2017-09-16 14:51:59,809 INFO o.a.j.p.h.s.HTTPHC4Impl: HTTP request retry count = 0
2017-09-16 14:51:59,885 INFO o.a.j.p.h.s.LazySchemeSocketFactory: Setting up HTTPS TrustAll Socket Factory
2017-09-16 14:51:59,887 INFO o.a.j.u.JsseSSLManager: Using default SSL protocol: TLS
2017-09-16 14:51:59,887 INFO o.a.j.u.JsseSSLManager: SSL session context: per-thread
2017-09-16 14:51:59,892 INFO o.a.j.u.SSLManager: JmeterKeyStore Location:  type JKS
2017-09-16 14:51:59,893 INFO o.a.j.u.SSLManager: KeyStore created OK
2017-09-16 14:51:59,893 WARN o.a.j.u.SSLManager: Keystore file not found, loading empty keystore
2017-09-16 14:52:00,640 INFO o.a.j.t.JMeterThread: Thread is done: Thread Group 1-1
2017-09-16 14:52:00,640 INFO o.a.j.t.JMeterThread: Thread finished: Thread Group 1-1
2017-09-16 14:52:00,641 INFO o.a.j.e.StandardJMeterEngine: Notifying test listeners of end of test
2017-09-16 14:52:00,647 INFO k.a.j.PluginsCMDWorker: Using JMeterPluginsCMD v. N/A
2017-09-16 14:52:00,650 WARN k.a.j.JMeterPluginsUtils: JMeter env exists. No one should see this normally.
2017-09-16 14:52:00,694 INFO k.a.j.v.SynthesisReportGui: Saving CSV to F:\Work\Automation\Projects\qa-automation\Dmitry_Ryvkov\projects\fituportal\fileupload_controllers\graphs\SynthesisReportGui.csv
2017-09-16 14:52:00,703 INFO k.a.j.l.GraphsGeneratorListener: Successful generation of file graphs\SynthesisReportGui by plugin:SynthesisReportGui
2017-09-16 14:52:00,703 INFO k.a.j.PluginsCMDWorker: Using JMeterPluginsCMD v. N/A
2017-09-16 14:52:00,703 WARN k.a.j.JMeterPluginsUtils: JMeter env exists. No one should see this normally.
2017-09-16 14:52:00,717 WARN o.a.j.g.ObjectTableModel: Header count=13 but classes count=11
2017-09-16 14:52:00,717 WARN o.a.j.g.ObjectTableModel: Header count=13 but writeFunctor count=11
2017-09-16 14:52:00,722 INFO k.a.j.v.AggregateReportGui: Saving CSV to F:\Work\Automation\Projects\qa-automation\Dmitry_Ryvkov\projects\fituportal\fileupload_controllers\graphs\AggregateReportGui.csv
2017-09-16 14:52:00,728 INFO k.a.j.l.GraphsGeneratorListener: Successful generation of file graphs\AggregateReportGui by plugin:AggregateReportGui
2017-09-16 14:52:00,728 INFO k.a.j.PluginsCMDWorker: Using JMeterPluginsCMD v. N/A
2017-09-16 14:52:00,728 WARN k.a.j.JMeterPluginsUtils: JMeter env exists. No one should see this normally.
2017-09-16 14:52:00,746 INFO k.a.c.GraphPanelChart: Saving PNG to F:\Work\Automation\Projects\qa-automation\Dmitry_Ryvkov\projects\fituportal\fileupload_controllers\graphs\ResponseTimesOverTime.png
2017-09-16 14:52:00,965 INFO k.a.j.l.GraphsGeneratorListener: Successful generation of file graphs\ResponseTimesOverTime by plugin:ResponseTimesOverTime
2017-09-16 14:52:00,966 INFO k.a.j.PluginsCMDWorker: Using JMeterPluginsCMD v. N/A
2017-09-16 14:52:00,966 WARN k.a.j.JMeterPluginsUtils: JMeter env exists. No one should see this normally.
2017-09-16 14:52:01,007 INFO k.a.c.GraphPanelChart: Saving PNG to F:\Work\Automation\Projects\qa-automation\Dmitry_Ryvkov\projects\fituportal\fileupload_controllers\graphs\HitsPerSecond.png
2017-09-16 14:52:01,122 INFO k.a.j.l.GraphsGeneratorListener: Successful generation of file graphs\HitsPerSecond by plugin:HitsPerSecond
2017-09-16 14:52:01,123 INFO k.a.j.PluginsCMDWorker: Using JMeterPluginsCMD v. N/A
2017-09-16 14:52:01,123 WARN k.a.j.JMeterPluginsUtils: JMeter env exists. No one should see this normally.
2017-09-16 14:52:01,151 INFO k.a.c.GraphPanelChart: Saving PNG to F:\Work\Automation\Projects\qa-automation\Dmitry_Ryvkov\projects\fituportal\fileupload_controllers\graphs\BytesThroughputOverTime.png
2017-09-16 14:52:01,231 INFO k.a.j.l.GraphsGeneratorListener: Successful generation of file graphs\BytesThroughputOverTime by plugin:BytesThroughputOverTime
2017-09-16 14:52:01,232 INFO k.a.j.PluginsCMDWorker: Using JMeterPluginsCMD v. N/A
2017-09-16 14:52:01,232 WARN k.a.j.JMeterPluginsUtils: JMeter env exists. No one should see this normally.
2017-09-16 14:52:01,250 INFO k.a.c.GraphPanelChart: Saving PNG to F:\Work\Automation\Projects\qa-automation\Dmitry_Ryvkov\projects\fituportal\fileupload_controllers\graphs\LatenciesOverTime.png
2017-09-16 14:52:01,336 INFO k.a.j.l.GraphsGeneratorListener: Successful generation of file graphs\LatenciesOverTime by plugin:LatenciesOverTime
2017-09-16 14:52:01,336 INFO k.a.j.PluginsCMDWorker: Using JMeterPluginsCMD v. N/A
2017-09-16 14:52:01,336 WARN k.a.j.JMeterPluginsUtils: JMeter env exists. No one should see this normally.
2017-09-16 14:52:01,353 INFO k.a.c.GraphPanelChart: Saving PNG to F:\Work\Automation\Projects\qa-automation\Dmitry_Ryvkov\projects\fituportal\fileupload_controllers\graphs\ResponseCodesPerSecond.png
2017-09-16 14:52:01,435 INFO k.a.j.l.GraphsGeneratorListener: Successful generation of file graphs\ResponseCodesPerSecond by plugin:ResponseCodesPerSecond
2017-09-16 14:52:01,435 INFO k.a.j.PluginsCMDWorker: Using JMeterPluginsCMD v. N/A
2017-09-16 14:52:01,435 WARN k.a.j.JMeterPluginsUtils: JMeter env exists. No one should see this normally.
2017-09-16 14:52:01,452 INFO k.a.c.GraphPanelChart: Saving PNG to F:\Work\Automation\Projects\qa-automation\Dmitry_Ryvkov\projects\fituportal\fileupload_controllers\graphs\TransactionsPerSecond.png
2017-09-16 14:52:01,617 INFO k.a.j.l.GraphsGeneratorListener: Successful generation of file graphs\TransactionsPerSecond by plugin:TransactionsPerSecond
2017-09-16 14:52:01,617 INFO k.a.j.PluginsCMDWorker: Using JMeterPluginsCMD v. N/A
2017-09-16 14:52:01,617 WARN k.a.j.JMeterPluginsUtils: JMeter env exists. No one should see this normally.
2017-09-16 14:52:01,633 INFO k.a.c.GraphPanelChart: Saving PNG to F:\Work\Automation\Projects\qa-automation\Dmitry_Ryvkov\projects\fituportal\fileupload_controllers\graphs\ResponseTimesDistribution.png
2017-09-16 14:52:01,806 INFO k.a.j.l.GraphsGeneratorListener: Successful generation of file graphs\ResponseTimesDistribution by plugin:ResponseTimesDistribution
2017-09-16 14:52:01,806 INFO k.a.j.PluginsCMDWorker: Using JMeterPluginsCMD v. N/A
2017-09-16 14:52:01,806 WARN k.a.j.JMeterPluginsUtils: JMeter env exists. No one should see this normally.
2017-09-16 14:52:01,825 INFO k.a.c.GraphPanelChart: Saving PNG to F:\Work\Automation\Projects\qa-automation\Dmitry_Ryvkov\projects\fituportal\fileupload_controllers\graphs\ResponseTimesPercentiles.png
2017-09-16 14:52:01,905 INFO k.a.j.l.GraphsGeneratorListener: Successful generation of file graphs\ResponseTimesPercentiles by plugin:ResponseTimesPercentiles
2017-09-16 14:52:01,905 INFO k.a.j.PluginsCMDWorker: Using JMeterPluginsCMD v. N/A
2017-09-16 14:52:01,905 WARN k.a.j.JMeterPluginsUtils: JMeter env exists. No one should see this normally.
2017-09-16 14:52:01,919 INFO k.a.c.GraphPanelChart: Saving PNG to F:\Work\Automation\Projects\qa-automation\Dmitry_Ryvkov\projects\fituportal\fileupload_controllers\graphs\ThreadsStateOverTime.png
2017-09-16 14:52:02,003 INFO k.a.j.l.GraphsGeneratorListener: Successful generation of file graphs\ThreadsStateOverTime by plugin:ThreadsStateOverTime
2017-09-16 14:52:02,004 INFO k.a.j.PluginsCMDWorker: Using JMeterPluginsCMD v. N/A
2017-09-16 14:52:02,004 WARN k.a.j.JMeterPluginsUtils: JMeter env exists. No one should see this normally.
2017-09-16 14:52:02,021 INFO k.a.c.GraphPanelChart: Saving PNG to F:\Work\Automation\Projects\qa-automation\Dmitry_Ryvkov\projects\fituportal\fileupload_controllers\graphs\TimesVsThreads.png
2017-09-16 14:52:02,103 INFO k.a.j.l.GraphsGeneratorListener: Successful generation of file graphs\TimesVsThreads by plugin:TimesVsThreads
2017-09-16 14:52:02,103 INFO k.a.j.PluginsCMDWorker: Using JMeterPluginsCMD v. N/A
2017-09-16 14:52:02,103 WARN k.a.j.JMeterPluginsUtils: JMeter env exists. No one should see this normally.
2017-09-16 14:52:02,118 INFO k.a.c.GraphPanelChart: Saving PNG to F:\Work\Automation\Projects\qa-automation\Dmitry_Ryvkov\projects\fituportal\fileupload_controllers\graphs\ThroughputVsThreads.png
2017-09-16 14:52:02,203 INFO k.a.j.l.GraphsGeneratorListener: Successful generation of file graphs\ThroughputVsThreads by plugin:ThroughputVsThreads
2017-09-16 14:52:02,203 INFO o.a.j.g.u.JMeterMenuBar: setRunning(false, *local*)
2017-09-16 14:52:28,250 INFO o.a.j.s.FileServer: Set new base='F:\Work\Automation\Projects\qa-automation\Dmitry_Ryvkov\projects\fituportal\fileupload_controllers'
2017-09-16 14:52:29,899 INFO o.a.j.e.StandardJMeterEngine: Running the test!
2017-09-16 14:52:29,900 INFO o.a.j.s.SampleEvent: List of sample_variables: []
2017-09-16 14:52:29,903 INFO o.a.j.g.u.JMeterMenuBar: setRunning(true, *local*)
2017-09-16 14:52:30,070 INFO o.a.j.e.StandardJMeterEngine: Starting ThreadGroup: 1 : Thread Group
2017-09-16 14:52:30,070 INFO o.a.j.e.StandardJMeterEngine: Starting 1 threads for group Thread Group.
2017-09-16 14:52:30,070 INFO o.a.j.e.StandardJMeterEngine: Thread will continue on error
2017-09-16 14:52:30,070 INFO o.a.j.t.ThreadGroup: Starting thread group... number=1 threads=1 ramp-up=1 perThread=1000.0 delayedStart=false
2017-09-16 14:52:30,071 INFO o.a.j.t.ThreadGroup: Started thread group number 1
2017-09-16 14:52:30,071 INFO o.a.j.e.StandardJMeterEngine: All thread groups have been started
2017-09-16 14:52:30,072 INFO o.a.j.t.JMeterThread: Thread started: Thread Group 1-1
2017-09-16 14:52:30,511 INFO o.a.j.t.JMeterThread: Thread is done: Thread Group 1-1
2017-09-16 14:52:30,511 INFO o.a.j.t.JMeterThread: Thread finished: Thread Group 1-1
2017-09-16 14:52:30,512 INFO o.a.j.e.StandardJMeterEngine: Notifying test listeners of end of test
2017-09-16 14:52:30,519 INFO k.a.j.PluginsCMDWorker: Using JMeterPluginsCMD v. N/A
2017-09-16 14:52:30,520 WARN k.a.j.JMeterPluginsUtils: JMeter env exists. No one should see this normally.
2017-09-16 14:52:30,543 INFO k.a.j.v.SynthesisReportGui: Saving CSV to F:\Work\Automation\Projects\qa-automation\Dmitry_Ryvkov\projects\fituportal\fileupload_controllers\graphs\SynthesisReportGui.csv
2017-09-16 14:52:30,552 INFO k.a.j.l.GraphsGeneratorListener: Successful generation of file graphs\SynthesisReportGui by plugin:SynthesisReportGui
2017-09-16 14:52:30,552 INFO k.a.j.PluginsCMDWorker: Using JMeterPluginsCMD v. N/A
2017-09-16 14:52:30,552 WARN k.a.j.JMeterPluginsUtils: JMeter env exists. No one should see this normally.
2017-09-16 14:52:30,565 WARN o.a.j.g.ObjectTableModel: Header count=13 but classes count=11
2017-09-16 14:52:30,565 WARN o.a.j.g.ObjectTableModel: Header count=13 but writeFunctor count=11
2017-09-16 14:52:30,568 INFO k.a.j.v.AggregateReportGui: Saving CSV to F:\Work\Automation\Projects\qa-automation\Dmitry_Ryvkov\projects\fituportal\fileupload_controllers\graphs\AggregateReportGui.csv
2017-09-16 14:52:30,574 INFO k.a.j.l.GraphsGeneratorListener: Successful generation of file graphs\AggregateReportGui by plugin:AggregateReportGui
2017-09-16 14:52:30,574 INFO k.a.j.PluginsCMDWorker: Using JMeterPluginsCMD v. N/A
2017-09-16 14:52:30,574 WARN k.a.j.JMeterPluginsUtils: JMeter env exists. No one should see this normally.
2017-09-16 14:52:30,592 INFO k.a.c.GraphPanelChart: Saving PNG to F:\Work\Automation\Projects\qa-automation\Dmitry_Ryvkov\projects\fituportal\fileupload_controllers\graphs\ResponseTimesOverTime.png
2017-09-16 14:52:30,658 INFO k.a.j.l.GraphsGeneratorListener: Successful generation of file graphs\ResponseTimesOverTime by plugin:ResponseTimesOverTime
2017-09-16 14:52:30,658 INFO k.a.j.PluginsCMDWorker: Using JMeterPluginsCMD v. N/A
2017-09-16 14:52:30,658 WARN k.a.j.JMeterPluginsUtils: JMeter env exists. No one should see this normally.
2017-09-16 14:52:30,671 INFO k.a.c.GraphPanelChart: Saving PNG to F:\Work\Automation\Projects\qa-automation\Dmitry_Ryvkov\projects\fituportal\fileupload_controllers\graphs\HitsPerSecond.png
2017-09-16 14:52:30,733 INFO k.a.j.l.GraphsGeneratorListener: Successful generation of file graphs\HitsPerSecond by plugin:HitsPerSecond
2017-09-16 14:52:30,733 INFO k.a.j.PluginsCMDWorker: Using JMeterPluginsCMD v. N/A
2017-09-16 14:52:30,734 WARN k.a.j.JMeterPluginsUtils: JMeter env exists. No one should see this normally.
2017-09-16 14:52:30,745 INFO k.a.c.GraphPanelChart: Saving PNG to F:\Work\Automation\Projects\qa-automation\Dmitry_Ryvkov\projects\fituportal\fileupload_controllers\graphs\BytesThroughputOverTime.png
2017-09-16 14:52:30,814 INFO k.a.j.l.GraphsGeneratorListener: Successful generation of file graphs\BytesThroughputOverTime by plugin:BytesThroughputOverTime
2017-09-16 14:52:30,814 INFO k.a.j.PluginsCMDWorker: Using JMeterPluginsCMD v. N/A
2017-09-16 14:52:30,815 WARN k.a.j.JMeterPluginsUtils: JMeter env exists. No one should see this normally.
2017-09-16 14:52:30,831 INFO k.a.c.GraphPanelChart: Saving PNG to F:\Work\Automation\Projects\qa-automation\Dmitry_Ryvkov\projects\fituportal\fileupload_controllers\graphs\LatenciesOverTime.png
2017-09-16 14:52:30,907 INFO k.a.j.l.GraphsGeneratorListener: Successful generation of file graphs\LatenciesOverTime by plugin:LatenciesOverTime
2017-09-16 14:52:30,907 INFO k.a.j.PluginsCMDWorker: Using JMeterPluginsCMD v. N/A
2017-09-16 14:52:30,907 WARN k.a.j.JMeterPluginsUtils: JMeter env exists. No one should see this normally.
2017-09-16 14:52:30,925 INFO k.a.c.GraphPanelChart: Saving PNG to F:\Work\Automation\Projects\qa-automation\Dmitry_Ryvkov\projects\fituportal\fileupload_controllers\graphs\ResponseCodesPerSecond.png
2017-09-16 14:52:31,166 INFO k.a.j.l.GraphsGeneratorListener: Successful generation of file graphs\ResponseCodesPerSecond by plugin:ResponseCodesPerSecond
2017-09-16 14:52:31,166 INFO k.a.j.PluginsCMDWorker: Using JMeterPluginsCMD v. N/A
2017-09-16 14:52:31,166 WARN k.a.j.JMeterPluginsUtils: JMeter env exists. No one should see this normally.
2017-09-16 14:52:31,180 INFO k.a.c.GraphPanelChart: Saving PNG to F:\Work\Automation\Projects\qa-automation\Dmitry_Ryvkov\projects\fituportal\fileupload_controllers\graphs\TransactionsPerSecond.png
2017-09-16 14:52:31,260 INFO k.a.j.l.GraphsGeneratorListener: Successful generation of file graphs\TransactionsPerSecond by plugin:TransactionsPerSecond
2017-09-16 14:52:31,260 INFO k.a.j.PluginsCMDWorker: Using JMeterPluginsCMD v. N/A
2017-09-16 14:52:31,260 WARN k.a.j.JMeterPluginsUtils: JMeter env exists. No one should see this normally.
2017-09-16 14:52:31,272 INFO k.a.c.GraphPanelChart: Saving PNG to F:\Work\Automation\Projects\qa-automation\Dmitry_Ryvkov\projects\fituportal\fileupload_controllers\graphs\ResponseTimesDistribution.png
2017-09-16 14:52:31,340 INFO k.a.j.l.GraphsGeneratorListener: Successful generation of file graphs\ResponseTimesDistribution by plugin:ResponseTimesDistribution
2017-09-16 14:52:31,341 INFO k.a.j.PluginsCMDWorker: Using JMeterPluginsCMD v. N/A
2017-09-16 14:52:31,341 WARN k.a.j.JMeterPluginsUtils: JMeter env exists. No one should see this normally.
2017-09-16 14:52:31,359 INFO k.a.c.GraphPanelChart: Saving PNG to F:\Work\Automation\Projects\qa-automation\Dmitry_Ryvkov\projects\fituportal\fileupload_controllers\graphs\ResponseTimesPercentiles.png
2017-09-16 14:52:31,442 INFO k.a.j.l.GraphsGeneratorListener: Successful generation of file graphs\ResponseTimesPercentiles by plugin:ResponseTimesPercentiles
2017-09-16 14:52:31,443 INFO k.a.j.PluginsCMDWorker: Using JMeterPluginsCMD v. N/A
2017-09-16 14:52:31,443 WARN k.a.j.JMeterPluginsUtils: JMeter env exists. No one should see this normally.
2017-09-16 14:52:31,454 INFO k.a.c.GraphPanelChart: Saving PNG to F:\Work\Automation\Projects\qa-automation\Dmitry_Ryvkov\projects\fituportal\fileupload_controllers\graphs\ThreadsStateOverTime.png
2017-09-16 14:52:31,529 INFO k.a.j.l.GraphsGeneratorListener: Successful generation of file graphs\ThreadsStateOverTime by plugin:ThreadsStateOverTime
2017-09-16 14:52:31,530 INFO k.a.j.PluginsCMDWorker: Using JMeterPluginsCMD v. N/A
2017-09-16 14:52:31,530 WARN k.a.j.JMeterPluginsUtils: JMeter env exists. No one should see this normally.
2017-09-16 14:52:31,542 INFO k.a.c.GraphPanelChart: Saving PNG to F:\Work\Automation\Projects\qa-automation\Dmitry_Ryvkov\projects\fituportal\fileupload_controllers\graphs\TimesVsThreads.png
2017-09-16 14:52:31,610 INFO k.a.j.l.GraphsGeneratorListener: Successful generation of file graphs\TimesVsThreads by plugin:TimesVsThreads
2017-09-16 14:52:31,610 INFO k.a.j.PluginsCMDWorker: Using JMeterPluginsCMD v. N/A
2017-09-16 14:52:31,610 WARN k.a.j.JMeterPluginsUtils: JMeter env exists. No one should see this normally.
2017-09-16 14:52:31,625 INFO k.a.c.GraphPanelChart: Saving PNG to F:\Work\Automation\Projects\qa-automation\Dmitry_Ryvkov\projects\fituportal\fileupload_controllers\graphs\ThroughputVsThreads.png
2017-09-16 14:52:31,699 INFO k.a.j.l.GraphsGeneratorListener: Successful generation of file graphs\ThroughputVsThreads by plugin:ThroughputVsThreads
2017-09-16 14:52:31,700 INFO o.a.j.g.u.JMeterMenuBar: setRunning(false, *local*)
2017-09-16 14:52:46,321 ERROR o.a.j.g.a.Save: Failed to backup file : F:\Work\Automation\Projects\qa-automation\Dmitry_Ryvkov\projects\fituportal\fileupload_controllers\fileupload_controllers.jmx
java.io.FileNotFoundException: C:\Program Files\Apache-JMeter\apache-jmeter-3.2\backups\fileupload_controllers-000001.jmx (Отказано в доступе)
	at java.io.FileOutputStream.open0(Native Method) ~[?:1.8.0_144]
	at java.io.FileOutputStream.open(Unknown Source) ~[?:1.8.0_144]
	at java.io.FileOutputStream.<init>(Unknown Source) ~[?:1.8.0_144]
	at java.io.FileOutputStream.<init>(Unknown Source) ~[?:1.8.0_144]
	at org.apache.commons.io.FileUtils.doCopyFile(FileUtils.java:1142) ~[commons-io-2.5.jar:2.5]
	at org.apache.commons.io.FileUtils.copyFile(FileUtils.java:1088) ~[commons-io-2.5.jar:2.5]
	at org.apache.commons.io.FileUtils.copyFile(FileUtils.java:1040) ~[commons-io-2.5.jar:2.5]
	at org.apache.jmeter.gui.action.Save.createBackupFile(Save.java:378) ~[ApacheJMeter_core.jar:3.2 r1790748]
	at org.apache.jmeter.gui.action.Save.doAction(Save.java:209) ~[ApacheJMeter_core.jar:3.2 r1790748]
	at org.apache.jmeter.gui.action.ActionRouter.performAction(ActionRouter.java:74) ~[ApacheJMeter_core.jar:3.2 r1790748]
	at org.apache.jmeter.gui.action.ActionRouter.lambda$actionPerformed$0(ActionRouter.java:59) ~[ApacheJMeter_core.jar:3.2 r1790748]
	at java.awt.event.InvocationEvent.dispatch(Unknown Source) [?:1.8.0_144]
	at java.awt.EventQueue.dispatchEventImpl(Unknown Source) [?:1.8.0_144]
	at java.awt.EventQueue.access$500(Unknown Source) [?:1.8.0_144]
	at java.awt.EventQueue$3.run(Unknown Source) [?:1.8.0_144]
	at java.awt.EventQueue$3.run(Unknown Source) [?:1.8.0_144]
	at java.security.AccessController.doPrivileged(Native Method) ~[?:1.8.0_144]
	at java.security.ProtectionDomain$JavaSecurityAccessImpl.doIntersectionPrivilege(Unknown Source) [?:1.8.0_144]
	at java.awt.EventQueue.dispatchEvent(Unknown Source) [?:1.8.0_144]
	at java.awt.EventDispatchThread.pumpOneEventForFilters(Unknown Source) [?:1.8.0_144]
	at java.awt.EventDispatchThread.pumpEventsForFilter(Unknown Source) [?:1.8.0_144]
	at java.awt.EventDispatchThread.pumpEventsForHierarchy(Unknown Source) [?:1.8.0_144]
	at java.awt.EventDispatchThread.pumpEvents(Unknown Source) [?:1.8.0_144]
	at java.awt.EventDispatchThread.pumpEvents(Unknown Source) [?:1.8.0_144]
	at java.awt.EventDispatchThread.run(Unknown Source) [?:1.8.0_144]
