2017-12-22 17:08:10,254 INFO o.a.j.u.JMeterUtils: Setting Locale to en
2017-12-22 17:08:10,264 INFO o.a.j.JMeter: Loading user properties from: C:\tools\jmeter\apache-jmeter-3.2\bin\user.properties
2017-12-22 17:08:10,265 INFO o.a.j.JMeter: Loading system properties from: C:\tools\jmeter\apache-jmeter-3.2\bin\system.properties
2017-12-22 17:08:10,269 INFO o.a.j.JMeter: Copyright (c) 1998-2017 The Apache Software Foundation
2017-12-22 17:08:10,269 INFO o.a.j.JMeter: Version 3.2 r1790748
2017-12-22 17:08:10,270 INFO o.a.j.JMeter: java.version=1.8.0_151
2017-12-22 17:08:10,270 INFO o.a.j.JMeter: java.vm.name=Java HotSpot(TM) 64-Bit Server VM
2017-12-22 17:08:10,270 INFO o.a.j.JMeter: os.name=Windows 10
2017-12-22 17:08:10,270 INFO o.a.j.JMeter: os.arch=amd64
2017-12-22 17:08:10,270 INFO o.a.j.JMeter: os.version=10.0
2017-12-22 17:08:10,270 INFO o.a.j.JMeter: file.encoding=UTF-8
2017-12-22 17:08:10,270 INFO o.a.j.JMeter: Max memory     =536870912
2017-12-22 17:08:10,270 INFO o.a.j.JMeter: Available Processors =4
2017-12-22 17:08:10,273 INFO o.a.j.JMeter: Default Locale=English (United States)
2017-12-22 17:08:10,273 INFO o.a.j.JMeter: JMeter  Locale=English
2017-12-22 17:08:10,273 INFO o.a.j.JMeter: JMeterHome=C:\tools\jmeter\apache-jmeter-3.2
2017-12-22 17:08:10,273 INFO o.a.j.JMeter: user.dir  =C:\automation\PORTAL\fituportal_API_testing\fituportal\API\student_controller
2017-12-22 17:08:10,274 INFO o.a.j.JMeter: PWD       =C:\automation\PORTAL\fituportal_API_testing\fituportal\API\student_controller
2017-12-22 17:08:10,275 INFO o.a.j.JMeter: IP: 192.168.1.132 Name: WKS-144 FullName: WKS-144.hiqo-solutions.com
2017-12-22 17:08:10,407 INFO o.a.j.g.a.LookAndFeelCommand: Using look and feel: javax.swing.plaf.metal.MetalLookAndFeel [Metal, CrossPlatform]
2017-12-22 17:08:10,411 INFO o.a.j.JMeter: Loaded icon properties from org/apache/jmeter/images/icon.properties
2017-12-22 17:08:11,013 INFO o.a.j.e.u.CompoundVariable: Note: Function class names must contain the string: '.functions.'
2017-12-22 17:08:11,013 INFO o.a.j.e.u.CompoundVariable: Note: Function class names must not contain the string: '.gui.'
