2017-12-19 23:01:34,992 INFO o.a.j.u.JMeterUtils: Setting Locale to en
2017-12-19 23:01:35,017 INFO o.a.j.JMeter: Loading user properties from: C:\Program Files\Apache-JMeter\apache-jmeter-3.2\bin\user.properties
2017-12-19 23:01:35,025 INFO o.a.j.JMeter: Loading system properties from: C:\Program Files\Apache-JMeter\apache-jmeter-3.2\bin\system.properties
2017-12-19 23:01:35,031 INFO o.a.j.JMeter: Copyright (c) 1998-2017 The Apache Software Foundation
2017-12-19 23:01:35,031 INFO o.a.j.JMeter: Version 3.2 r1790748
2017-12-19 23:01:35,031 INFO o.a.j.JMeter: java.version=1.8.0_144
2017-12-19 23:01:35,031 INFO o.a.j.JMeter: java.vm.name=Java HotSpot(TM) 64-Bit Server VM
2017-12-19 23:01:35,031 INFO o.a.j.JMeter: os.name=Windows 10
2017-12-19 23:01:35,031 INFO o.a.j.JMeter: os.arch=amd64
2017-12-19 23:01:35,031 INFO o.a.j.JMeter: os.version=10.0
2017-12-19 23:01:35,031 INFO o.a.j.JMeter: file.encoding=UTF-8
2017-12-19 23:01:35,032 INFO o.a.j.JMeter: Max memory     =536870912
2017-12-19 23:01:35,032 INFO o.a.j.JMeter: Available Processors =8
2017-12-19 23:01:35,038 INFO o.a.j.JMeter: Default Locale=русский (Россия)
2017-12-19 23:01:35,038 INFO o.a.j.JMeter: JMeter  Locale=английский
2017-12-19 23:01:35,038 INFO o.a.j.JMeter: JMeterHome=C:\Program Files\Apache-JMeter\apache-jmeter-3.2
2017-12-19 23:01:35,038 INFO o.a.j.JMeter: user.dir  =F:\Home\D\Учёба\7 семестр\СТП\fituportal\album_controller
2017-12-19 23:01:35,039 INFO o.a.j.JMeter: PWD       =F:\Home\D\Учёба\7 семестр\СТП\fituportal\album_controller
2017-12-19 23:01:35,043 INFO o.a.j.JMeter: IP: 192.168.1.185 Name: DESKTOP-HJIGDH8 FullName: DESKTOP-HJIGDH8.lan
2017-12-19 23:01:35,357 INFO o.a.j.g.a.LookAndFeelCommand: Using look and feel: javax.swing.plaf.metal.MetalLookAndFeel [Metal, CrossPlatform]
2017-12-19 23:01:35,362 INFO o.a.j.JMeter: Loaded icon properties from org/apache/jmeter/images/icon.properties
2017-12-19 23:01:36,246 INFO o.a.j.e.u.CompoundVariable: Note: Function class names must contain the string: '.functions.'
2017-12-19 23:01:36,247 INFO o.a.j.e.u.CompoundVariable: Note: Function class names must not contain the string: '.gui.'
2017-12-19 23:01:36,934 WARN o.j.r.PluginManagerMenuCreator: Was unable to install pmgr cmdline tool
java.nio.file.AccessDeniedException: C:\Program Files\Apache-JMeter\apache-jmeter-3.2\bin\PluginsManagerCMD.bat
	at sun.nio.fs.WindowsException.translateToIOException(Unknown Source) ~[?:1.8.0_144]
	at sun.nio.fs.WindowsException.rethrowAsIOException(Unknown Source) ~[?:1.8.0_144]
	at sun.nio.fs.WindowsException.rethrowAsIOException(Unknown Source) ~[?:1.8.0_144]
	at sun.nio.fs.WindowsFileSystemProvider.implDelete(Unknown Source) ~[?:1.8.0_144]
	at sun.nio.fs.AbstractFileSystemProvider.deleteIfExists(Unknown Source) ~[?:1.8.0_144]
	at java.nio.file.Files.deleteIfExists(Unknown Source) ~[?:1.8.0_144]
	at java.nio.file.Files.copy(Unknown Source) ~[?:1.8.0_144]
	at org.jmeterplugins.repository.PluginManagerCMDInstaller.writeOut(PluginManagerCMDInstaller.java:24) ~[jmeter-plugins-manager-0.13.jar:?]
	at org.jmeterplugins.repository.PluginManagerCMDInstaller.main(PluginManagerCMDInstaller.java:12) ~[jmeter-plugins-manager-0.13.jar:?]
	at org.jmeterplugins.repository.PluginManagerMenuCreator.getMenuItemsAtLocation(PluginManagerMenuCreator.java:16) [jmeter-plugins-manager-0.13.jar:?]
	at org.apache.jmeter.gui.util.JMeterMenuBar.addPluginsMenuItems(JMeterMenuBar.java:594) [ApacheJMeter_core.jar:3.2 r1790748]
	at org.apache.jmeter.gui.util.JMeterMenuBar.makeOptionsMenu(JMeterMenuBar.java:370) [ApacheJMeter_core.jar:3.2 r1790748]
	at org.apache.jmeter.gui.util.JMeterMenuBar.createMenuBar(JMeterMenuBar.java:268) [ApacheJMeter_core.jar:3.2 r1790748]
	at org.apache.jmeter.gui.util.JMeterMenuBar.<init>(JMeterMenuBar.java:164) [ApacheJMeter_core.jar:3.2 r1790748]
	at org.apache.jmeter.gui.MainFrame.init(MainFrame.java:510) [ApacheJMeter_core.jar:3.2 r1790748]
	at org.apache.jmeter.gui.MainFrame.<init>(MainFrame.java:240) [ApacheJMeter_core.jar:3.2 r1790748]
	at org.apache.jmeter.JMeter.startGui(JMeter.java:375) [ApacheJMeter_core.jar:3.2 r1790748]
	at org.apache.jmeter.JMeter.start(JMeter.java:519) [ApacheJMeter_core.jar:3.2 r1790748]
	at sun.reflect.NativeMethodAccessorImpl.invoke0(Native Method) ~[?:1.8.0_144]
	at sun.reflect.NativeMethodAccessorImpl.invoke(Unknown Source) ~[?:1.8.0_144]
	at sun.reflect.DelegatingMethodAccessorImpl.invoke(Unknown Source) ~[?:1.8.0_144]
	at java.lang.reflect.Method.invoke(Unknown Source) ~[?:1.8.0_144]
	at org.apache.jmeter.NewDriver.main(NewDriver.java:248) [ApacheJMeter.jar:3.2 r1790748]
2017-12-19 23:01:41,812 WARN o.j.r.Plugin: Unable to load class: com.atlantbh.jmeter.plugins.oauth.OAuthSampler
java.lang.NoClassDefFoundError: org/apache/jmeter/protocol/http/sampler/HTTPSampler2
	at java.lang.ClassLoader.defineClass1(Native Method) ~[?:1.8.0_144]
	at java.lang.ClassLoader.defineClass(Unknown Source) ~[?:1.8.0_144]
	at java.security.SecureClassLoader.defineClass(Unknown Source) ~[?:1.8.0_144]
	at java.net.URLClassLoader.defineClass(Unknown Source) ~[?:1.8.0_144]
	at java.net.URLClassLoader.access$100(Unknown Source) ~[?:1.8.0_144]
	at java.net.URLClassLoader$1.run(Unknown Source) ~[?:1.8.0_144]
	at java.net.URLClassLoader$1.run(Unknown Source) ~[?:1.8.0_144]
	at java.security.AccessController.doPrivileged(Native Method) ~[?:1.8.0_144]
	at java.net.URLClassLoader.findClass(Unknown Source) ~[?:1.8.0_144]
	at java.lang.ClassLoader.loadClass(Unknown Source) ~[?:1.8.0_144]
	at java.lang.ClassLoader.loadClass(Unknown Source) ~[?:1.8.0_144]
	at org.jmeterplugins.repository.Plugin.getJARPath(Plugin.java:181) [jmeter-plugins-manager-0.13.jar:?]
	at org.jmeterplugins.repository.Plugin.detectInstalledPlugin(Plugin.java:95) [jmeter-plugins-manager-0.13.jar:?]
	at org.jmeterplugins.repository.Plugin.detectInstalled(Plugin.java:84) [jmeter-plugins-manager-0.13.jar:?]
	at org.jmeterplugins.repository.PluginManager.load(PluginManager.java:61) [jmeter-plugins-manager-0.13.jar:?]
	at org.jmeterplugins.repository.PluginManagerMenuItem.<init>(PluginManagerMenuItem.java:28) [jmeter-plugins-manager-0.13.jar:?]
	at org.jmeterplugins.repository.PluginManagerMenuCreator.getMenuItemsAtLocation(PluginManagerMenuCreator.java:22) [jmeter-plugins-manager-0.13.jar:?]
	at org.apache.jmeter.gui.util.JMeterMenuBar.addPluginsMenuItems(JMeterMenuBar.java:594) [ApacheJMeter_core.jar:3.2 r1790748]
	at org.apache.jmeter.gui.util.JMeterMenuBar.makeOptionsMenu(JMeterMenuBar.java:370) [ApacheJMeter_core.jar:3.2 r1790748]
	at org.apache.jmeter.gui.util.JMeterMenuBar.createMenuBar(JMeterMenuBar.java:268) [ApacheJMeter_core.jar:3.2 r1790748]
	at org.apache.jmeter.gui.util.JMeterMenuBar.<init>(JMeterMenuBar.java:164) [ApacheJMeter_core.jar:3.2 r1790748]
	at org.apache.jmeter.gui.MainFrame.init(MainFrame.java:510) [ApacheJMeter_core.jar:3.2 r1790748]
	at org.apache.jmeter.gui.MainFrame.<init>(MainFrame.java:240) [ApacheJMeter_core.jar:3.2 r1790748]
	at org.apache.jmeter.JMeter.startGui(JMeter.java:375) [ApacheJMeter_core.jar:3.2 r1790748]
	at org.apache.jmeter.JMeter.start(JMeter.java:519) [ApacheJMeter_core.jar:3.2 r1790748]
	at sun.reflect.NativeMethodAccessorImpl.invoke0(Native Method) ~[?:1.8.0_144]
	at sun.reflect.NativeMethodAccessorImpl.invoke(Unknown Source) ~[?:1.8.0_144]
	at sun.reflect.DelegatingMethodAccessorImpl.invoke(Unknown Source) ~[?:1.8.0_144]
	at java.lang.reflect.Method.invoke(Unknown Source) ~[?:1.8.0_144]
	at org.apache.jmeter.NewDriver.main(NewDriver.java:248) [ApacheJMeter.jar:3.2 r1790748]
Caused by: java.lang.ClassNotFoundException: org.apache.jmeter.protocol.http.sampler.HTTPSampler2
	at java.net.URLClassLoader.findClass(Unknown Source) ~[?:1.8.0_144]
	at java.lang.ClassLoader.loadClass(Unknown Source) ~[?:1.8.0_144]
	at java.lang.ClassLoader.loadClass(Unknown Source) ~[?:1.8.0_144]
	... 30 more
2017-12-19 23:01:42,183 INFO o.j.r.PluginManager: Plugins Status: [jpgc-graphs-basic=2.0, jpgc-graphs-additional=2.0, jpgc-sense=3.0, jpgc-cmd=2.1, jpgc-graphs-composite=2.0, jpgc-csl=0.1, jpgc-functions=2.0, jpgc-casutg=2.1, jpgc-graphs-dist=2.0, jpgc-dummy=0.2, jpgc-filterresults=2.1, jpgc-ffw=2.0, jpgc-ggl=2.0, jpgc-sts=2.2, jpgc-fifo=0.2, jpgc-jms=0.2, jpgc-json=2.6, jpgc-graphs-vs=2.0, jpgc-mergeresults=2.1, jpgc-prmctl=0.3, jpgc-perfmon=2.1, jpgc-plugins-manager=0.13, jpgc-redis=0.2, jpgc-rotating-listener=0.1, jpgc-synthesis=2.1, jpgc-plancheck=2.2, jpgc-tst=2.1, jpgc-csvars=0.1, jpgc-wsc=0.2, jpgc-xml=0.1, jmeter-core=3.2, jmeter-ftp=3.2, jmeter-http=3.2, jmeter-jdbc=3.2, jmeter-jms=3.2, jmeter-junit=3.2, jmeter-java=3.2, jmeter-ldap=3.2, jmeter-mail=3.2, jmeter-mongodb=3.2, jmeter-native=3.2, jmeter-tcp=3.2, jmeter-components=3.2, jpgc-standard=2.0]
2017-12-19 23:01:45,453 WARN o.a.j.g.ObjectTableModel: Header count=13 but classes count=11
2017-12-19 23:01:45,454 WARN o.a.j.g.ObjectTableModel: Header count=13 but writeFunctor count=11
2017-12-19 23:01:45,842 INFO o.a.j.g.u.MenuFactory: Skipping org.apache.jmeter.assertions.BSFAssertion
2017-12-19 23:01:46,193 INFO o.a.j.g.u.MenuFactory: Skipping org.apache.jmeter.extractor.BSFPostProcessor
2017-12-19 23:01:46,234 INFO o.a.j.g.u.MenuFactory: Skipping org.apache.jmeter.modifiers.BSFPreProcessor
2017-12-19 23:01:46,268 INFO o.a.j.p.h.s.HTTPSamplerBase: Parser for text/html is org.apache.jmeter.protocol.http.parser.LagartoBasedHtmlParser
2017-12-19 23:01:46,269 INFO o.a.j.p.h.s.HTTPSamplerBase: Parser for application/xhtml+xml is org.apache.jmeter.protocol.http.parser.LagartoBasedHtmlParser
2017-12-19 23:01:46,269 INFO o.a.j.p.h.s.HTTPSamplerBase: Parser for application/xml is org.apache.jmeter.protocol.http.parser.LagartoBasedHtmlParser
2017-12-19 23:01:46,269 INFO o.a.j.p.h.s.HTTPSamplerBase: Parser for text/xml is org.apache.jmeter.protocol.http.parser.LagartoBasedHtmlParser
2017-12-19 23:01:46,269 INFO o.a.j.p.h.s.HTTPSamplerBase: Parser for text/vnd.wap.wml is org.apache.jmeter.protocol.http.parser.RegexpHTMLParser
2017-12-19 23:01:46,269 INFO o.a.j.p.h.s.HTTPSamplerBase: Parser for text/css is org.apache.jmeter.protocol.http.parser.CssParser
2017-12-19 23:01:47,956 INFO o.a.j.e.KeyToolUtils: keytool found at 'keytool'
2017-12-19 23:01:47,957 INFO o.a.j.p.h.p.ProxyControl: HTTP(S) Test Script Recorder SSL Proxy will use keys that support embedded 3rd party resources in file C:\Program Files\Apache-JMeter\apache-jmeter-3.2\bin\proxyserver.jks
2017-12-19 23:01:48,137 INFO o.a.j.g.u.MenuFactory: Skipping org.apache.jmeter.protocol.java.sampler.BSFSampler
2017-12-19 23:01:48,183 INFO o.a.j.s.FileServer: Default base='F:\Home\D\Учёба\7 семестр\СТП\fituportal\album_controller'
2017-12-19 23:01:48,266 INFO o.a.j.g.u.MenuFactory: Skipping org.apache.jmeter.protocol.mongodb.config.MongoSourceElement
2017-12-19 23:01:48,266 INFO o.a.j.g.u.MenuFactory: Skipping org.apache.jmeter.protocol.mongodb.sampler.MongoScriptSampler
2017-12-19 23:01:48,836 INFO o.a.j.g.u.MenuFactory: Skipping org.apache.jmeter.timers.BSFTimer
2017-12-19 23:01:48,859 INFO o.a.j.g.u.MenuFactory: Skipping org.apache.jmeter.visualizers.BSFListener
2017-12-19 23:01:49,074 INFO o.a.j.s.SampleResult: Note: Sample TimeStamps are START times
2017-12-19 23:01:49,074 INFO o.a.j.s.SampleResult: sampleresult.default.encoding is set to UTF-8
2017-12-19 23:01:49,075 INFO o.a.j.s.SampleResult: sampleresult.useNanoTime=true
2017-12-19 23:01:49,075 INFO o.a.j.s.SampleResult: sampleresult.nanoThreadSleep=5000
2017-12-19 23:01:54,612 INFO o.a.j.g.a.Load: Loading file: F:\Home\D\Учёба\7 семестр\СТП\fituportal\album_controller\album_controller.jmx
2017-12-19 23:01:54,612 INFO o.a.j.s.FileServer: Set new base='F:\Home\D\Учёба\7 семестр\СТП\fituportal\album_controller'
2017-12-19 23:01:54,773 INFO o.a.j.s.SaveService: Testplan (JMX) version: 2.2. Testlog (JTL) version: 2.2
2017-12-19 23:01:54,818 INFO o.a.j.s.SaveService: Using SaveService properties file encoding UTF-8
2017-12-19 23:01:54,820 INFO o.a.j.s.SaveService: Using SaveService properties version 3.2
2017-12-19 23:01:54,823 INFO o.a.j.s.SaveService: Loading file: F:\Home\D\Учёба\7 семестр\СТП\fituportal\album_controller\album_controller.jmx
2017-12-19 23:01:55,157 WARN o.a.j.t.g.GenericTestBeanCustomizer: kg.apc.jmeter.listener.GraphsGeneratorListener#graphWidth(int) has a DEFAULT of class java.lang.String
2017-12-19 23:01:55,158 WARN o.a.j.t.g.GenericTestBeanCustomizer: kg.apc.jmeter.listener.GraphsGeneratorListener#graphHeight(int) has a DEFAULT of class java.lang.String
2017-12-19 23:01:55,209 INFO o.a.j.s.FileServer: Set new base='F:\Home\D\Учёба\7 семестр\СТП\fituportal\album_controller'
2017-12-19 23:02:45,081 INFO o.a.j.e.StandardJMeterEngine: Running the test!
2017-12-19 23:02:45,083 INFO o.a.j.s.SampleEvent: List of sample_variables: []
2017-12-19 23:02:45,083 INFO o.a.j.s.SampleEvent: List of sample_variables: []
2017-12-19 23:02:45,099 INFO o.a.j.g.u.JMeterMenuBar: setRunning(true, *local*)
2017-12-19 23:02:45,418 INFO o.a.j.e.StandardJMeterEngine: Starting ThreadGroup: 1 : Documentation of album_controller
2017-12-19 23:02:45,418 INFO o.a.j.e.StandardJMeterEngine: Starting 100 threads for group Documentation of album_controller.
2017-12-19 23:02:45,418 INFO o.a.j.e.StandardJMeterEngine: Thread will continue on error
2017-12-19 23:02:45,419 INFO o.a.j.t.ThreadGroup: Starting thread group... number=1 threads=100 ramp-up=1 perThread=10.0 delayedStart=false
2017-12-19 23:02:45,464 INFO o.a.j.t.JMeterThread: Thread started: Documentation of album_controller 1-1
2017-12-19 23:02:45,475 INFO o.a.j.t.JMeterThread: Thread started: Documentation of album_controller 1-2
2017-12-19 23:02:45,477 INFO o.a.j.p.h.s.HTTPHCAbstractImpl: Local host = DESKTOP-HJIGDH8
2017-12-19 23:02:45,486 INFO o.a.j.t.JMeterThread: Thread started: Documentation of album_controller 1-3
2017-12-19 23:02:45,497 INFO o.a.j.t.JMeterThread: Thread started: Documentation of album_controller 1-4
2017-12-19 23:02:45,499 INFO o.a.j.p.h.s.HTTPHC4Impl: HTTP request retry count = 0
2017-12-19 23:02:45,511 INFO o.a.j.t.JMeterThread: Thread started: Documentation of album_controller 1-5
2017-12-19 23:02:45,520 INFO o.a.j.t.JMeterThread: Thread started: Documentation of album_controller 1-6
2017-12-19 23:02:45,531 INFO o.a.j.t.JMeterThread: Thread started: Documentation of album_controller 1-7
2017-12-19 23:02:45,540 INFO o.a.j.t.ThreadGroup: Started thread group number 1
2017-12-19 23:02:45,540 INFO o.a.j.e.StandardJMeterEngine: All thread groups have been started
2017-12-19 23:02:45,542 INFO o.a.j.t.JMeterThread: Thread started: Documentation of album_controller 1-8
2017-12-19 23:02:45,553 INFO o.a.j.t.JMeterThread: Thread started: Documentation of album_controller 1-9
2017-12-19 23:02:45,564 INFO o.a.j.t.JMeterThread: Thread started: Documentation of album_controller 1-10
2017-12-19 23:02:45,575 INFO o.a.j.t.JMeterThread: Thread started: Documentation of album_controller 1-11
2017-12-19 23:02:45,586 INFO o.a.j.t.JMeterThread: Thread started: Documentation of album_controller 1-12
2017-12-19 23:02:45,599 INFO o.a.j.t.JMeterThread: Thread started: Documentation of album_controller 1-13
2017-12-19 23:02:45,600 INFO o.a.j.p.h.s.LazySchemeSocketFactory: Setting up HTTPS TrustAll Socket Factory
2017-12-19 23:02:45,602 INFO o.a.j.u.JsseSSLManager: Using default SSL protocol: TLS
2017-12-19 23:02:45,603 INFO o.a.j.u.JsseSSLManager: SSL session context: per-thread
2017-12-19 23:02:45,612 INFO o.a.j.u.SSLManager: JmeterKeyStore Location:  type JKS
2017-12-19 23:02:45,612 INFO o.a.j.t.JMeterThread: Thread started: Documentation of album_controller 1-14
2017-12-19 23:02:45,613 INFO o.a.j.u.SSLManager: KeyStore created OK
2017-12-19 23:02:45,613 WARN o.a.j.u.SSLManager: Keystore file not found, loading empty keystore
2017-12-19 23:02:45,623 INFO o.a.j.t.JMeterThread: Thread started: Documentation of album_controller 1-15
2017-12-19 23:02:45,634 INFO o.a.j.t.JMeterThread: Thread started: Documentation of album_controller 1-16
2017-12-19 23:02:45,643 INFO o.a.j.t.JMeterThread: Thread started: Documentation of album_controller 1-17
2017-12-19 23:02:45,654 INFO o.a.j.t.JMeterThread: Thread started: Documentation of album_controller 1-18
2017-12-19 23:02:45,665 INFO o.a.j.t.JMeterThread: Thread started: Documentation of album_controller 1-19
2017-12-19 23:02:45,676 INFO o.a.j.t.JMeterThread: Thread started: Documentation of album_controller 1-20
2017-12-19 23:02:45,687 INFO o.a.j.t.JMeterThread: Thread started: Documentation of album_controller 1-21
2017-12-19 23:02:45,697 INFO o.a.j.t.JMeterThread: Thread started: Documentation of album_controller 1-22
2017-12-19 23:02:45,709 INFO o.a.j.t.JMeterThread: Thread started: Documentation of album_controller 1-23
2017-12-19 23:02:45,719 INFO o.a.j.t.JMeterThread: Thread started: Documentation of album_controller 1-24
2017-12-19 23:02:45,730 INFO o.a.j.t.JMeterThread: Thread started: Documentation of album_controller 1-25
2017-12-19 23:02:45,741 INFO o.a.j.t.JMeterThread: Thread started: Documentation of album_controller 1-26
2017-12-19 23:02:45,752 INFO o.a.j.t.JMeterThread: Thread started: Documentation of album_controller 1-27
2017-12-19 23:02:45,764 INFO o.a.j.t.JMeterThread: Thread started: Documentation of album_controller 1-28
2017-12-19 23:02:45,785 INFO o.a.j.t.JMeterThread: Thread started: Documentation of album_controller 1-30
2017-12-19 23:02:45,795 INFO o.a.j.t.JMeterThread: Thread started: Documentation of album_controller 1-29
2017-12-19 23:02:45,807 INFO o.a.j.t.JMeterThread: Thread started: Documentation of album_controller 1-32
2017-12-19 23:02:45,809 INFO o.a.j.t.JMeterThread: Thread started: Documentation of album_controller 1-31
2017-12-19 23:02:45,818 INFO o.a.j.t.JMeterThread: Thread started: Documentation of album_controller 1-33
2017-12-19 23:02:45,829 INFO o.a.j.t.JMeterThread: Thread started: Documentation of album_controller 1-34
2017-12-19 23:02:45,845 INFO o.a.j.t.JMeterThread: Thread started: Documentation of album_controller 1-35
2017-12-19 23:02:45,860 INFO o.a.j.t.JMeterThread: Thread started: Documentation of album_controller 1-36
2017-12-19 23:02:45,870 INFO o.a.j.t.JMeterThread: Thread started: Documentation of album_controller 1-37
2017-12-19 23:02:45,877 INFO o.a.j.t.JMeterThread: Thread started: Documentation of album_controller 1-38
2017-12-19 23:02:45,887 INFO o.a.j.t.JMeterThread: Thread started: Documentation of album_controller 1-39
2017-12-19 23:02:45,900 INFO o.a.j.t.JMeterThread: Thread started: Documentation of album_controller 1-40
2017-12-19 23:02:45,910 INFO o.a.j.t.JMeterThread: Thread started: Documentation of album_controller 1-41
2017-12-19 23:02:45,917 INFO o.a.j.t.JMeterThread: Thread started: Documentation of album_controller 1-42
2017-12-19 23:02:45,927 INFO o.a.j.t.JMeterThread: Thread started: Documentation of album_controller 1-43
2017-12-19 23:02:45,940 INFO o.a.j.t.JMeterThread: Thread started: Documentation of album_controller 1-44
2017-12-19 23:02:45,950 INFO o.a.j.t.JMeterThread: Thread started: Documentation of album_controller 1-45
2017-12-19 23:02:45,960 INFO o.a.j.t.JMeterThread: Thread started: Documentation of album_controller 1-46
2017-12-19 23:02:45,970 INFO o.a.j.t.JMeterThread: Thread started: Documentation of album_controller 1-47
2017-12-19 23:02:45,980 INFO o.a.j.t.JMeterThread: Thread started: Documentation of album_controller 1-48
2017-12-19 23:02:45,995 INFO o.a.j.t.JMeterThread: Thread started: Documentation of album_controller 1-49
2017-12-19 23:02:46,001 INFO o.a.j.t.JMeterThread: Thread started: Documentation of album_controller 1-50
2017-12-19 23:02:46,012 INFO o.a.j.t.JMeterThread: Thread started: Documentation of album_controller 1-51
2017-12-19 23:02:46,026 INFO o.a.j.t.JMeterThread: Thread started: Documentation of album_controller 1-52
2017-12-19 23:02:46,037 INFO o.a.j.t.JMeterThread: Thread started: Documentation of album_controller 1-53
2017-12-19 23:02:46,044 INFO o.a.j.t.JMeterThread: Thread started: Documentation of album_controller 1-54
2017-12-19 23:02:46,055 INFO o.a.j.t.JMeterThread: Thread started: Documentation of album_controller 1-55
2017-12-19 23:02:46,068 INFO o.a.j.t.JMeterThread: Thread started: Documentation of album_controller 1-56
2017-12-19 23:02:46,078 INFO o.a.j.t.JMeterThread: Thread started: Documentation of album_controller 1-57
2017-12-19 23:02:46,086 INFO o.a.j.t.JMeterThread: Thread started: Documentation of album_controller 1-58
2017-12-19 23:02:46,097 INFO o.a.j.t.JMeterThread: Thread started: Documentation of album_controller 1-59
2017-12-19 23:02:46,108 INFO o.a.j.t.JMeterThread: Thread started: Documentation of album_controller 1-60
2017-12-19 23:02:46,119 INFO o.a.j.t.JMeterThread: Thread started: Documentation of album_controller 1-61
2017-12-19 23:02:46,129 INFO o.a.j.t.JMeterThread: Thread started: Documentation of album_controller 1-62
2017-12-19 23:02:46,139 INFO o.a.j.t.JMeterThread: Thread started: Documentation of album_controller 1-63
2017-12-19 23:02:46,150 INFO o.a.j.t.JMeterThread: Thread started: Documentation of album_controller 1-64
2017-12-19 23:02:46,160 INFO o.a.j.t.JMeterThread: Thread started: Documentation of album_controller 1-65
2017-12-19 23:02:46,171 INFO o.a.j.t.JMeterThread: Thread started: Documentation of album_controller 1-66
2017-12-19 23:02:46,181 INFO o.a.j.t.JMeterThread: Thread started: Documentation of album_controller 1-67
2017-12-19 23:02:46,193 INFO o.a.j.t.JMeterThread: Thread started: Documentation of album_controller 1-68
2017-12-19 23:02:46,204 INFO o.a.j.t.JMeterThread: Thread started: Documentation of album_controller 1-69
2017-12-19 23:02:46,213 INFO o.a.j.t.JMeterThread: Thread started: Documentation of album_controller 1-70
2017-12-19 23:02:46,223 INFO o.a.j.t.JMeterThread: Thread started: Documentation of album_controller 1-71
2017-12-19 23:02:46,234 INFO o.a.j.t.JMeterThread: Thread started: Documentation of album_controller 1-72
2017-12-19 23:02:46,244 INFO o.a.j.t.JMeterThread: Thread started: Documentation of album_controller 1-73
2017-12-19 23:02:46,255 INFO o.a.j.t.JMeterThread: Thread started: Documentation of album_controller 1-74
2017-12-19 23:02:46,267 INFO o.a.j.t.JMeterThread: Thread started: Documentation of album_controller 1-75
2017-12-19 23:02:46,276 INFO o.a.j.t.JMeterThread: Thread started: Documentation of album_controller 1-76
2017-12-19 23:02:46,286 INFO o.a.j.t.JMeterThread: Thread started: Documentation of album_controller 1-77
2017-12-19 23:02:46,297 INFO o.a.j.t.JMeterThread: Thread started: Documentation of album_controller 1-78
2017-12-19 23:02:46,307 INFO o.a.j.t.JMeterThread: Thread started: Documentation of album_controller 1-79
2017-12-19 23:02:46,318 INFO o.a.j.t.JMeterThread: Thread started: Documentation of album_controller 1-80
2017-12-19 23:02:46,329 INFO o.a.j.t.JMeterThread: Thread started: Documentation of album_controller 1-81
2017-12-19 23:02:46,339 INFO o.a.j.t.JMeterThread: Thread started: Documentation of album_controller 1-82
2017-12-19 23:02:46,349 INFO o.a.j.t.JMeterThread: Thread started: Documentation of album_controller 1-83
2017-12-19 23:02:46,361 INFO o.a.j.t.JMeterThread: Thread started: Documentation of album_controller 1-84
2017-12-19 23:02:46,371 INFO o.a.j.t.JMeterThread: Thread started: Documentation of album_controller 1-85
2017-12-19 23:02:46,386 INFO o.a.j.t.JMeterThread: Thread started: Documentation of album_controller 1-86
2017-12-19 23:02:46,397 INFO o.a.j.t.JMeterThread: Thread started: Documentation of album_controller 1-87
2017-12-19 23:02:46,406 INFO o.a.j.t.JMeterThread: Thread started: Documentation of album_controller 1-88
2017-12-19 23:02:46,417 INFO o.a.j.t.JMeterThread: Thread started: Documentation of album_controller 1-89
2017-12-19 23:02:46,427 INFO o.a.j.t.JMeterThread: Thread started: Documentation of album_controller 1-90
2017-12-19 23:02:46,436 INFO o.a.j.t.JMeterThread: Thread started: Documentation of album_controller 1-91
2017-12-19 23:02:46,446 INFO o.a.j.t.JMeterThread: Thread started: Documentation of album_controller 1-92
2017-12-19 23:02:46,460 INFO o.a.j.t.JMeterThread: Thread started: Documentation of album_controller 1-93
2017-12-19 23:02:46,468 INFO o.a.j.t.JMeterThread: Thread started: Documentation of album_controller 1-94
2017-12-19 23:02:46,479 INFO o.a.j.t.JMeterThread: Thread started: Documentation of album_controller 1-95
2017-12-19 23:02:46,489 INFO o.a.j.t.JMeterThread: Thread started: Documentation of album_controller 1-96
2017-12-19 23:02:46,499 INFO o.a.j.t.JMeterThread: Thread started: Documentation of album_controller 1-97
2017-12-19 23:02:46,510 INFO o.a.j.t.JMeterThread: Thread started: Documentation of album_controller 1-98
2017-12-19 23:02:46,522 INFO o.a.j.t.JMeterThread: Thread started: Documentation of album_controller 1-99
2017-12-19 23:02:46,532 INFO o.a.j.t.JMeterThread: Thread started: Documentation of album_controller 1-100
2017-12-19 23:03:11,515 INFO o.a.j.t.JMeterThread: Thread is done: Documentation of album_controller 1-33
2017-12-19 23:03:11,516 INFO o.a.j.t.JMeterThread: Thread finished: Documentation of album_controller 1-33
2017-12-19 23:03:11,646 INFO o.a.j.t.JMeterThread: Thread is done: Documentation of album_controller 1-46
2017-12-19 23:03:11,646 INFO o.a.j.t.JMeterThread: Thread finished: Documentation of album_controller 1-46
2017-12-19 23:03:11,659 INFO o.a.j.t.JMeterThread: Thread is done: Documentation of album_controller 1-34
2017-12-19 23:03:11,659 INFO o.a.j.t.JMeterThread: Thread finished: Documentation of album_controller 1-34
2017-12-19 23:03:12,742 INFO o.a.j.t.JMeterThread: Thread is done: Documentation of album_controller 1-86
2017-12-19 23:03:12,742 INFO o.a.j.t.JMeterThread: Thread finished: Documentation of album_controller 1-86
2017-12-19 23:03:12,932 INFO o.a.j.t.JMeterThread: Thread is done: Documentation of album_controller 1-40
2017-12-19 23:03:12,932 INFO o.a.j.t.JMeterThread: Thread finished: Documentation of album_controller 1-40
2017-12-19 23:03:12,957 INFO o.a.j.t.JMeterThread: Thread is done: Documentation of album_controller 1-71
2017-12-19 23:03:12,957 INFO o.a.j.t.JMeterThread: Thread finished: Documentation of album_controller 1-71
2017-12-19 23:03:12,982 INFO o.a.j.t.JMeterThread: Thread is done: Documentation of album_controller 1-59
2017-12-19 23:03:12,982 INFO o.a.j.t.JMeterThread: Thread finished: Documentation of album_controller 1-59
2017-12-19 23:03:13,007 INFO o.a.j.t.JMeterThread: Thread is done: Documentation of album_controller 1-92
2017-12-19 23:03:13,008 INFO o.a.j.t.JMeterThread: Thread finished: Documentation of album_controller 1-92
2017-12-19 23:03:13,036 INFO o.a.j.t.JMeterThread: Thread is done: Documentation of album_controller 1-1
2017-12-19 23:03:13,036 INFO o.a.j.t.JMeterThread: Thread finished: Documentation of album_controller 1-1
2017-12-19 23:03:13,037 INFO o.a.j.t.JMeterThread: Thread is done: Documentation of album_controller 1-45
2017-12-19 23:03:13,037 INFO o.a.j.t.JMeterThread: Thread finished: Documentation of album_controller 1-45
2017-12-19 23:03:13,048 INFO o.a.j.t.JMeterThread: Thread is done: Documentation of album_controller 1-60
2017-12-19 23:03:13,048 INFO o.a.j.t.JMeterThread: Thread finished: Documentation of album_controller 1-60
2017-12-19 23:03:13,049 INFO o.a.j.t.JMeterThread: Thread is done: Documentation of album_controller 1-25
2017-12-19 23:03:13,050 INFO o.a.j.t.JMeterThread: Thread finished: Documentation of album_controller 1-25
2017-12-19 23:03:13,054 INFO o.a.j.t.JMeterThread: Thread is done: Documentation of album_controller 1-23
2017-12-19 23:03:13,055 INFO o.a.j.t.JMeterThread: Thread finished: Documentation of album_controller 1-23
2017-12-19 23:03:13,187 INFO o.a.j.t.JMeterThread: Thread is done: Documentation of album_controller 1-65
2017-12-19 23:03:13,188 INFO o.a.j.t.JMeterThread: Thread finished: Documentation of album_controller 1-65
2017-12-19 23:03:13,196 INFO o.a.j.t.JMeterThread: Thread is done: Documentation of album_controller 1-58
2017-12-19 23:03:13,196 INFO o.a.j.t.JMeterThread: Thread finished: Documentation of album_controller 1-58
2017-12-19 23:03:13,220 INFO o.a.j.t.JMeterThread: Thread is done: Documentation of album_controller 1-12
2017-12-19 23:03:13,220 INFO o.a.j.t.JMeterThread: Thread finished: Documentation of album_controller 1-12
2017-12-19 23:03:13,299 INFO o.a.j.t.JMeterThread: Thread is done: Documentation of album_controller 1-11
2017-12-19 23:03:13,299 INFO o.a.j.t.JMeterThread: Thread finished: Documentation of album_controller 1-11
2017-12-19 23:03:13,324 INFO o.a.j.t.JMeterThread: Thread is done: Documentation of album_controller 1-51
2017-12-19 23:03:13,324 INFO o.a.j.t.JMeterThread: Thread finished: Documentation of album_controller 1-51
2017-12-19 23:03:13,356 INFO o.a.j.t.JMeterThread: Thread is done: Documentation of album_controller 1-74
2017-12-19 23:03:13,356 INFO o.a.j.t.JMeterThread: Thread finished: Documentation of album_controller 1-74
2017-12-19 23:03:13,405 INFO o.a.j.t.JMeterThread: Thread is done: Documentation of album_controller 1-16
2017-12-19 23:03:13,405 INFO o.a.j.t.JMeterThread: Thread finished: Documentation of album_controller 1-16
2017-12-19 23:03:13,412 INFO o.a.j.t.JMeterThread: Thread is done: Documentation of album_controller 1-81
2017-12-19 23:03:13,412 INFO o.a.j.t.JMeterThread: Thread finished: Documentation of album_controller 1-81
2017-12-19 23:03:13,458 INFO o.a.j.t.JMeterThread: Thread is done: Documentation of album_controller 1-8
2017-12-19 23:03:13,458 INFO o.a.j.t.JMeterThread: Thread finished: Documentation of album_controller 1-8
2017-12-19 23:03:13,471 INFO o.a.j.t.JMeterThread: Thread is done: Documentation of album_controller 1-5
2017-12-19 23:03:13,471 INFO o.a.j.t.JMeterThread: Thread is done: Documentation of album_controller 1-4
2017-12-19 23:03:13,471 INFO o.a.j.t.JMeterThread: Thread finished: Documentation of album_controller 1-5
2017-12-19 23:03:13,471 INFO o.a.j.t.JMeterThread: Thread finished: Documentation of album_controller 1-4
2017-12-19 23:03:13,486 INFO o.a.j.t.JMeterThread: Thread is done: Documentation of album_controller 1-21
2017-12-19 23:03:13,486 INFO o.a.j.t.JMeterThread: Thread finished: Documentation of album_controller 1-21
2017-12-19 23:03:13,489 INFO o.a.j.t.JMeterThread: Thread is done: Documentation of album_controller 1-89
2017-12-19 23:03:13,490 INFO o.a.j.t.JMeterThread: Thread finished: Documentation of album_controller 1-89
2017-12-19 23:03:13,497 INFO o.a.j.t.JMeterThread: Thread is done: Documentation of album_controller 1-24
2017-12-19 23:03:13,497 INFO o.a.j.t.JMeterThread: Thread finished: Documentation of album_controller 1-24
2017-12-19 23:03:13,518 INFO o.a.j.t.JMeterThread: Thread is done: Documentation of album_controller 1-80
2017-12-19 23:03:13,518 INFO o.a.j.t.JMeterThread: Thread finished: Documentation of album_controller 1-80
2017-12-19 23:03:13,520 INFO o.a.j.t.JMeterThread: Thread is done: Documentation of album_controller 1-96
2017-12-19 23:03:13,520 INFO o.a.j.t.JMeterThread: Thread finished: Documentation of album_controller 1-96
2017-12-19 23:03:13,523 INFO o.a.j.t.JMeterThread: Thread is done: Documentation of album_controller 1-73
2017-12-19 23:03:13,524 INFO o.a.j.t.JMeterThread: Thread finished: Documentation of album_controller 1-73
2017-12-19 23:03:13,542 INFO o.a.j.t.JMeterThread: Thread is done: Documentation of album_controller 1-55
2017-12-19 23:03:13,543 INFO o.a.j.t.JMeterThread: Thread finished: Documentation of album_controller 1-55
2017-12-19 23:03:13,551 INFO o.a.j.t.JMeterThread: Thread is done: Documentation of album_controller 1-77
2017-12-19 23:03:13,551 INFO o.a.j.t.JMeterThread: Thread finished: Documentation of album_controller 1-77
2017-12-19 23:03:13,570 INFO o.a.j.t.JMeterThread: Thread is done: Documentation of album_controller 1-20
2017-12-19 23:03:13,570 INFO o.a.j.t.JMeterThread: Thread finished: Documentation of album_controller 1-20
2017-12-19 23:03:13,580 INFO o.a.j.t.JMeterThread: Thread is done: Documentation of album_controller 1-22
2017-12-19 23:03:13,580 INFO o.a.j.t.JMeterThread: Thread finished: Documentation of album_controller 1-22
2017-12-19 23:03:13,581 INFO o.a.j.t.JMeterThread: Thread is done: Documentation of album_controller 1-31
2017-12-19 23:03:13,581 INFO o.a.j.t.JMeterThread: Thread finished: Documentation of album_controller 1-31
2017-12-19 23:03:13,587 INFO o.a.j.t.JMeterThread: Thread is done: Documentation of album_controller 1-85
2017-12-19 23:03:13,587 INFO o.a.j.t.JMeterThread: Thread finished: Documentation of album_controller 1-85
2017-12-19 23:03:13,591 INFO o.a.j.t.JMeterThread: Thread is done: Documentation of album_controller 1-17
2017-12-19 23:03:13,592 INFO o.a.j.t.JMeterThread: Thread finished: Documentation of album_controller 1-17
2017-12-19 23:03:13,592 INFO o.a.j.t.JMeterThread: Thread is done: Documentation of album_controller 1-93
2017-12-19 23:03:13,592 INFO o.a.j.t.JMeterThread: Thread is done: Documentation of album_controller 1-13
2017-12-19 23:03:13,593 INFO o.a.j.t.JMeterThread: Thread finished: Documentation of album_controller 1-93
2017-12-19 23:03:13,594 INFO o.a.j.t.JMeterThread: Thread finished: Documentation of album_controller 1-13
2017-12-19 23:03:13,598 INFO o.a.j.t.JMeterThread: Thread is done: Documentation of album_controller 1-39
2017-12-19 23:03:13,598 INFO o.a.j.t.JMeterThread: Thread finished: Documentation of album_controller 1-39
2017-12-19 23:03:13,604 INFO o.a.j.t.JMeterThread: Thread is done: Documentation of album_controller 1-62
2017-12-19 23:03:13,605 INFO o.a.j.t.JMeterThread: Thread finished: Documentation of album_controller 1-62
2017-12-19 23:03:13,624 INFO o.a.j.t.JMeterThread: Thread is done: Documentation of album_controller 1-48
2017-12-19 23:03:13,624 INFO o.a.j.t.JMeterThread: Thread is done: Documentation of album_controller 1-9
2017-12-19 23:03:13,624 INFO o.a.j.t.JMeterThread: Thread finished: Documentation of album_controller 1-48
2017-12-19 23:03:13,624 INFO o.a.j.t.JMeterThread: Thread finished: Documentation of album_controller 1-9
2017-12-19 23:03:13,628 INFO o.a.j.t.JMeterThread: Thread is done: Documentation of album_controller 1-75
2017-12-19 23:03:13,628 INFO o.a.j.t.JMeterThread: Thread is done: Documentation of album_controller 1-84
2017-12-19 23:03:13,628 INFO o.a.j.t.JMeterThread: Thread is done: Documentation of album_controller 1-98
2017-12-19 23:03:13,628 INFO o.a.j.t.JMeterThread: Thread is done: Documentation of album_controller 1-82
2017-12-19 23:03:13,628 INFO o.a.j.t.JMeterThread: Thread finished: Documentation of album_controller 1-75
2017-12-19 23:03:13,628 INFO o.a.j.t.JMeterThread: Thread finished: Documentation of album_controller 1-98
2017-12-19 23:03:13,628 INFO o.a.j.t.JMeterThread: Thread finished: Documentation of album_controller 1-82
2017-12-19 23:03:13,628 INFO o.a.j.t.JMeterThread: Thread finished: Documentation of album_controller 1-84
2017-12-19 23:03:13,630 INFO o.a.j.t.JMeterThread: Thread is done: Documentation of album_controller 1-63
2017-12-19 23:03:13,630 INFO o.a.j.t.JMeterThread: Thread finished: Documentation of album_controller 1-63
2017-12-19 23:03:13,637 INFO o.a.j.t.JMeterThread: Thread is done: Documentation of album_controller 1-6
2017-12-19 23:03:13,637 INFO o.a.j.t.JMeterThread: Thread finished: Documentation of album_controller 1-6
2017-12-19 23:03:13,640 INFO o.a.j.t.JMeterThread: Thread is done: Documentation of album_controller 1-27
2017-12-19 23:03:13,640 INFO o.a.j.t.JMeterThread: Thread finished: Documentation of album_controller 1-27
2017-12-19 23:03:13,642 INFO o.a.j.t.JMeterThread: Thread is done: Documentation of album_controller 1-19
2017-12-19 23:03:13,642 INFO o.a.j.t.JMeterThread: Thread is done: Documentation of album_controller 1-64
2017-12-19 23:03:13,642 INFO o.a.j.t.JMeterThread: Thread finished: Documentation of album_controller 1-19
2017-12-19 23:03:13,642 INFO o.a.j.t.JMeterThread: Thread finished: Documentation of album_controller 1-64
2017-12-19 23:03:13,647 INFO o.a.j.t.JMeterThread: Thread is done: Documentation of album_controller 1-35
2017-12-19 23:03:13,648 INFO o.a.j.t.JMeterThread: Thread finished: Documentation of album_controller 1-35
2017-12-19 23:03:13,651 INFO o.a.j.t.JMeterThread: Thread is done: Documentation of album_controller 1-83
2017-12-19 23:03:13,651 INFO o.a.j.t.JMeterThread: Thread finished: Documentation of album_controller 1-83
2017-12-19 23:03:13,652 INFO o.a.j.t.JMeterThread: Thread is done: Documentation of album_controller 1-44
2017-12-19 23:03:13,652 INFO o.a.j.t.JMeterThread: Thread finished: Documentation of album_controller 1-44
2017-12-19 23:03:13,653 INFO o.a.j.t.JMeterThread: Thread is done: Documentation of album_controller 1-29
2017-12-19 23:03:13,653 INFO o.a.j.t.JMeterThread: Thread finished: Documentation of album_controller 1-29
2017-12-19 23:03:13,658 INFO o.a.j.t.JMeterThread: Thread is done: Documentation of album_controller 1-38
2017-12-19 23:03:13,658 INFO o.a.j.t.JMeterThread: Thread is done: Documentation of album_controller 1-42
2017-12-19 23:03:13,658 INFO o.a.j.t.JMeterThread: Thread is done: Documentation of album_controller 1-68
2017-12-19 23:03:13,658 INFO o.a.j.t.JMeterThread: Thread finished: Documentation of album_controller 1-38
2017-12-19 23:03:13,658 INFO o.a.j.t.JMeterThread: Thread finished: Documentation of album_controller 1-42
2017-12-19 23:03:13,658 INFO o.a.j.t.JMeterThread: Thread finished: Documentation of album_controller 1-68
2017-12-19 23:03:13,658 INFO o.a.j.t.JMeterThread: Thread is done: Documentation of album_controller 1-52
2017-12-19 23:03:13,659 INFO o.a.j.t.JMeterThread: Thread finished: Documentation of album_controller 1-52
2017-12-19 23:03:13,696 INFO o.a.j.t.JMeterThread: Thread is done: Documentation of album_controller 1-69
2017-12-19 23:03:13,696 INFO o.a.j.t.JMeterThread: Thread is done: Documentation of album_controller 1-91
2017-12-19 23:03:13,696 INFO o.a.j.t.JMeterThread: Thread finished: Documentation of album_controller 1-69
2017-12-19 23:03:13,696 INFO o.a.j.t.JMeterThread: Thread finished: Documentation of album_controller 1-91
2017-12-19 23:03:13,699 INFO o.a.j.t.JMeterThread: Thread is done: Documentation of album_controller 1-87
2017-12-19 23:03:13,699 INFO o.a.j.t.JMeterThread: Thread finished: Documentation of album_controller 1-87
2017-12-19 23:03:13,706 INFO o.a.j.t.JMeterThread: Thread is done: Documentation of album_controller 1-54
2017-12-19 23:03:13,707 INFO o.a.j.t.JMeterThread: Thread finished: Documentation of album_controller 1-54
2017-12-19 23:03:13,709 INFO o.a.j.t.JMeterThread: Thread is done: Documentation of album_controller 1-7
2017-12-19 23:03:13,710 INFO o.a.j.t.JMeterThread: Thread finished: Documentation of album_controller 1-7
2017-12-19 23:03:13,752 INFO o.a.j.t.JMeterThread: Thread is done: Documentation of album_controller 1-97
2017-12-19 23:03:13,753 INFO o.a.j.t.JMeterThread: Thread finished: Documentation of album_controller 1-97
2017-12-19 23:03:13,760 INFO o.a.j.t.JMeterThread: Thread is done: Documentation of album_controller 1-100
2017-12-19 23:03:13,760 INFO o.a.j.t.JMeterThread: Thread finished: Documentation of album_controller 1-100
2017-12-19 23:03:13,777 INFO o.a.j.t.JMeterThread: Thread is done: Documentation of album_controller 1-67
2017-12-19 23:03:13,778 INFO o.a.j.t.JMeterThread: Thread finished: Documentation of album_controller 1-67
2017-12-19 23:03:13,782 INFO o.a.j.t.JMeterThread: Thread is done: Documentation of album_controller 1-94
2017-12-19 23:03:13,782 INFO o.a.j.t.JMeterThread: Thread finished: Documentation of album_controller 1-94
2017-12-19 23:03:13,838 INFO o.a.j.t.JMeterThread: Thread is done: Documentation of album_controller 1-99
2017-12-19 23:03:13,838 INFO o.a.j.t.JMeterThread: Thread finished: Documentation of album_controller 1-99
2017-12-19 23:03:13,848 INFO o.a.j.t.JMeterThread: Thread is done: Documentation of album_controller 1-15
2017-12-19 23:03:13,849 INFO o.a.j.t.JMeterThread: Thread finished: Documentation of album_controller 1-15
2017-12-19 23:03:14,066 INFO o.a.j.t.JMeterThread: Thread is done: Documentation of album_controller 1-90
2017-12-19 23:03:14,067 INFO o.a.j.t.JMeterThread: Thread finished: Documentation of album_controller 1-90
2017-12-19 23:03:14,081 INFO o.a.j.t.JMeterThread: Thread is done: Documentation of album_controller 1-50
2017-12-19 23:03:14,081 INFO o.a.j.t.JMeterThread: Thread finished: Documentation of album_controller 1-50
2017-12-19 23:03:14,090 INFO o.a.j.t.JMeterThread: Thread is done: Documentation of album_controller 1-61
2017-12-19 23:03:14,090 INFO o.a.j.t.JMeterThread: Thread finished: Documentation of album_controller 1-61
2017-12-19 23:03:14,091 INFO o.a.j.t.JMeterThread: Thread is done: Documentation of album_controller 1-3
2017-12-19 23:03:14,092 INFO o.a.j.t.JMeterThread: Thread finished: Documentation of album_controller 1-3
2017-12-19 23:03:14,131 INFO o.a.j.t.JMeterThread: Thread is done: Documentation of album_controller 1-32
2017-12-19 23:03:14,131 INFO o.a.j.t.JMeterThread: Thread finished: Documentation of album_controller 1-32
2017-12-19 23:03:14,139 INFO o.a.j.t.JMeterThread: Thread is done: Documentation of album_controller 1-18
2017-12-19 23:03:14,139 INFO o.a.j.t.JMeterThread: Thread finished: Documentation of album_controller 1-18
2017-12-19 23:03:14,143 INFO o.a.j.t.JMeterThread: Thread is done: Documentation of album_controller 1-95
2017-12-19 23:03:14,143 INFO o.a.j.t.JMeterThread: Thread finished: Documentation of album_controller 1-95
2017-12-19 23:03:14,240 INFO o.a.j.t.JMeterThread: Thread is done: Documentation of album_controller 1-43
2017-12-19 23:03:14,240 INFO o.a.j.t.JMeterThread: Thread finished: Documentation of album_controller 1-43
2017-12-19 23:03:14,268 INFO o.a.j.t.JMeterThread: Thread is done: Documentation of album_controller 1-57
2017-12-19 23:03:14,268 INFO o.a.j.t.JMeterThread: Thread finished: Documentation of album_controller 1-57
2017-12-19 23:03:14,308 INFO o.a.j.t.JMeterThread: Thread is done: Documentation of album_controller 1-66
2017-12-19 23:03:14,308 INFO o.a.j.t.JMeterThread: Thread finished: Documentation of album_controller 1-66
2017-12-19 23:03:14,435 INFO o.a.j.t.JMeterThread: Thread is done: Documentation of album_controller 1-72
2017-12-19 23:03:14,436 INFO o.a.j.t.JMeterThread: Thread finished: Documentation of album_controller 1-72
2017-12-19 23:03:14,471 INFO o.a.j.t.JMeterThread: Thread is done: Documentation of album_controller 1-26
2017-12-19 23:03:14,471 INFO o.a.j.t.JMeterThread: Thread finished: Documentation of album_controller 1-26
2017-12-19 23:03:14,484 INFO o.a.j.t.JMeterThread: Thread is done: Documentation of album_controller 1-30
2017-12-19 23:03:14,484 INFO o.a.j.t.JMeterThread: Thread finished: Documentation of album_controller 1-30
2017-12-19 23:03:14,610 INFO o.a.j.t.JMeterThread: Thread is done: Documentation of album_controller 1-76
2017-12-19 23:03:14,610 INFO o.a.j.t.JMeterThread: Thread finished: Documentation of album_controller 1-76
2017-12-19 23:03:14,635 INFO o.a.j.t.JMeterThread: Thread is done: Documentation of album_controller 1-56
2017-12-19 23:03:14,635 INFO o.a.j.t.JMeterThread: Thread finished: Documentation of album_controller 1-56
2017-12-19 23:03:14,638 INFO o.a.j.t.JMeterThread: Thread is done: Documentation of album_controller 1-10
2017-12-19 23:03:14,638 INFO o.a.j.t.JMeterThread: Thread finished: Documentation of album_controller 1-10
2017-12-19 23:03:14,701 INFO o.a.j.t.JMeterThread: Thread is done: Documentation of album_controller 1-49
2017-12-19 23:03:14,701 INFO o.a.j.t.JMeterThread: Thread finished: Documentation of album_controller 1-49
2017-12-19 23:03:14,711 INFO o.a.j.t.JMeterThread: Thread is done: Documentation of album_controller 1-2
2017-12-19 23:03:14,712 INFO o.a.j.t.JMeterThread: Thread finished: Documentation of album_controller 1-2
2017-12-19 23:03:14,729 INFO o.a.j.t.JMeterThread: Thread is done: Documentation of album_controller 1-88
2017-12-19 23:03:14,729 INFO o.a.j.t.JMeterThread: Thread finished: Documentation of album_controller 1-88
2017-12-19 23:03:14,739 INFO o.a.j.t.JMeterThread: Thread is done: Documentation of album_controller 1-41
2017-12-19 23:03:14,739 INFO o.a.j.t.JMeterThread: Thread finished: Documentation of album_controller 1-41
2017-12-19 23:03:14,761 INFO o.a.j.t.JMeterThread: Thread is done: Documentation of album_controller 1-37
2017-12-19 23:03:14,761 INFO o.a.j.t.JMeterThread: Thread is done: Documentation of album_controller 1-28
2017-12-19 23:03:14,761 INFO o.a.j.t.JMeterThread: Thread finished: Documentation of album_controller 1-37
2017-12-19 23:03:14,761 INFO o.a.j.t.JMeterThread: Thread finished: Documentation of album_controller 1-28
2017-12-19 23:03:14,782 INFO o.a.j.t.JMeterThread: Thread is done: Documentation of album_controller 1-14
2017-12-19 23:03:14,782 INFO o.a.j.t.JMeterThread: Thread finished: Documentation of album_controller 1-14
2017-12-19 23:03:14,797 INFO o.a.j.t.JMeterThread: Thread is done: Documentation of album_controller 1-47
2017-12-19 23:03:14,797 INFO o.a.j.t.JMeterThread: Thread finished: Documentation of album_controller 1-47
2017-12-19 23:03:15,043 INFO o.a.j.t.JMeterThread: Thread is done: Documentation of album_controller 1-78
2017-12-19 23:03:15,043 INFO o.a.j.t.JMeterThread: Thread finished: Documentation of album_controller 1-78
2017-12-19 23:03:15,244 INFO o.a.j.t.JMeterThread: Thread is done: Documentation of album_controller 1-79
2017-12-19 23:03:15,244 INFO o.a.j.t.JMeterThread: Thread finished: Documentation of album_controller 1-79
2017-12-19 23:03:15,271 INFO o.a.j.t.JMeterThread: Thread is done: Documentation of album_controller 1-36
2017-12-19 23:03:15,272 INFO o.a.j.t.JMeterThread: Thread finished: Documentation of album_controller 1-36
2017-12-19 23:03:15,288 INFO o.a.j.t.JMeterThread: Thread is done: Documentation of album_controller 1-53
2017-12-19 23:03:15,288 INFO o.a.j.t.JMeterThread: Thread finished: Documentation of album_controller 1-53
2017-12-19 23:03:21,581 INFO o.a.j.t.JMeterThread: Thread is done: Documentation of album_controller 1-70
2017-12-19 23:03:21,581 INFO o.a.j.t.JMeterThread: Thread finished: Documentation of album_controller 1-70
2017-12-19 23:03:21,582 INFO o.a.j.e.StandardJMeterEngine: Notifying test listeners of end of test
2017-12-19 23:03:21,594 INFO k.a.j.PluginsCMDWorker: Using JMeterPluginsCMD v. N/A
2017-12-19 23:03:21,596 WARN k.a.j.JMeterPluginsUtils: JMeter env exists. No one should see this normally.
2017-12-19 23:03:21,818 INFO k.a.j.v.SynthesisReportGui: Saving CSV to F:\Home\D\Учёба\7 семестр\СТП\fituportal\album_controller\graphs\SynthesisReportGui.csv
2017-12-19 23:03:21,829 INFO k.a.j.l.GraphsGeneratorListener: Successful generation of file graphs\SynthesisReportGui by plugin:SynthesisReportGui
2017-12-19 23:03:21,829 INFO k.a.j.PluginsCMDWorker: Using JMeterPluginsCMD v. N/A
2017-12-19 23:03:21,830 WARN k.a.j.JMeterPluginsUtils: JMeter env exists. No one should see this normally.
2017-12-19 23:03:21,874 WARN o.a.j.g.ObjectTableModel: Header count=13 but classes count=11
2017-12-19 23:03:21,875 WARN o.a.j.g.ObjectTableModel: Header count=13 but writeFunctor count=11
2017-12-19 23:03:21,915 INFO k.a.j.v.AggregateReportGui: Saving CSV to F:\Home\D\Учёба\7 семестр\СТП\fituportal\album_controller\graphs\AggregateReportGui.csv
2017-12-19 23:03:21,931 INFO k.a.j.l.GraphsGeneratorListener: Successful generation of file graphs\AggregateReportGui by plugin:AggregateReportGui
2017-12-19 23:03:21,931 INFO k.a.j.PluginsCMDWorker: Using JMeterPluginsCMD v. N/A
2017-12-19 23:03:21,931 WARN k.a.j.JMeterPluginsUtils: JMeter env exists. No one should see this normally.
2017-12-19 23:03:21,982 INFO k.a.c.GraphPanelChart: Saving PNG to F:\Home\D\Учёба\7 семестр\СТП\fituportal\album_controller\graphs\ResponseTimesOverTime.png
2017-12-19 23:03:22,206 INFO k.a.j.l.GraphsGeneratorListener: Successful generation of file graphs\ResponseTimesOverTime by plugin:ResponseTimesOverTime
2017-12-19 23:03:22,206 INFO k.a.j.PluginsCMDWorker: Using JMeterPluginsCMD v. N/A
2017-12-19 23:03:22,206 WARN k.a.j.JMeterPluginsUtils: JMeter env exists. No one should see this normally.
2017-12-19 23:03:22,244 INFO k.a.c.GraphPanelChart: Saving PNG to F:\Home\D\Учёба\7 семестр\СТП\fituportal\album_controller\graphs\HitsPerSecond.png
2017-12-19 23:03:22,360 INFO k.a.j.l.GraphsGeneratorListener: Successful generation of file graphs\HitsPerSecond by plugin:HitsPerSecond
2017-12-19 23:03:22,360 INFO k.a.j.PluginsCMDWorker: Using JMeterPluginsCMD v. N/A
2017-12-19 23:03:22,360 WARN k.a.j.JMeterPluginsUtils: JMeter env exists. No one should see this normally.
2017-12-19 23:03:22,405 INFO k.a.c.GraphPanelChart: Saving PNG to F:\Home\D\Учёба\7 семестр\СТП\fituportal\album_controller\graphs\BytesThroughputOverTime.png
2017-12-19 23:03:22,511 INFO k.a.j.l.GraphsGeneratorListener: Successful generation of file graphs\BytesThroughputOverTime by plugin:BytesThroughputOverTime
2017-12-19 23:03:22,511 INFO k.a.j.PluginsCMDWorker: Using JMeterPluginsCMD v. N/A
2017-12-19 23:03:22,511 WARN k.a.j.JMeterPluginsUtils: JMeter env exists. No one should see this normally.
2017-12-19 23:03:22,547 INFO k.a.c.GraphPanelChart: Saving PNG to F:\Home\D\Учёба\7 семестр\СТП\fituportal\album_controller\graphs\LatenciesOverTime.png
2017-12-19 23:03:22,647 INFO k.a.j.l.GraphsGeneratorListener: Successful generation of file graphs\LatenciesOverTime by plugin:LatenciesOverTime
2017-12-19 23:03:22,647 INFO k.a.j.PluginsCMDWorker: Using JMeterPluginsCMD v. N/A
2017-12-19 23:03:22,647 WARN k.a.j.JMeterPluginsUtils: JMeter env exists. No one should see this normally.
2017-12-19 23:03:22,677 INFO k.a.c.GraphPanelChart: Saving PNG to F:\Home\D\Учёба\7 семестр\СТП\fituportal\album_controller\graphs\ResponseCodesPerSecond.png
2017-12-19 23:03:22,768 INFO k.a.j.l.GraphsGeneratorListener: Successful generation of file graphs\ResponseCodesPerSecond by plugin:ResponseCodesPerSecond
2017-12-19 23:03:22,768 INFO k.a.j.PluginsCMDWorker: Using JMeterPluginsCMD v. N/A
2017-12-19 23:03:22,768 WARN k.a.j.JMeterPluginsUtils: JMeter env exists. No one should see this normally.
2017-12-19 23:03:22,802 INFO k.a.c.GraphPanelChart: Saving PNG to F:\Home\D\Учёба\7 семестр\СТП\fituportal\album_controller\graphs\TransactionsPerSecond.png
2017-12-19 23:03:22,905 INFO k.a.j.l.GraphsGeneratorListener: Successful generation of file graphs\TransactionsPerSecond by plugin:TransactionsPerSecond
2017-12-19 23:03:22,905 INFO k.a.j.PluginsCMDWorker: Using JMeterPluginsCMD v. N/A
2017-12-19 23:03:22,905 WARN k.a.j.JMeterPluginsUtils: JMeter env exists. No one should see this normally.
2017-12-19 23:03:22,931 INFO k.a.c.GraphPanelChart: Saving PNG to F:\Home\D\Учёба\7 семестр\СТП\fituportal\album_controller\graphs\ResponseTimesDistribution.png
2017-12-19 23:03:23,044 INFO k.a.j.l.GraphsGeneratorListener: Successful generation of file graphs\ResponseTimesDistribution by plugin:ResponseTimesDistribution
2017-12-19 23:03:23,045 INFO k.a.j.PluginsCMDWorker: Using JMeterPluginsCMD v. N/A
2017-12-19 23:03:23,045 WARN k.a.j.JMeterPluginsUtils: JMeter env exists. No one should see this normally.
2017-12-19 23:03:23,077 INFO k.a.c.GraphPanelChart: Saving PNG to F:\Home\D\Учёба\7 семестр\СТП\fituportal\album_controller\graphs\ResponseTimesPercentiles.png
2017-12-19 23:03:23,209 INFO k.a.j.l.GraphsGeneratorListener: Successful generation of file graphs\ResponseTimesPercentiles by plugin:ResponseTimesPercentiles
2017-12-19 23:03:23,209 INFO k.a.j.PluginsCMDWorker: Using JMeterPluginsCMD v. N/A
2017-12-19 23:03:23,209 WARN k.a.j.JMeterPluginsUtils: JMeter env exists. No one should see this normally.
2017-12-19 23:03:23,235 INFO k.a.c.GraphPanelChart: Saving PNG to F:\Home\D\Учёба\7 семестр\СТП\fituportal\album_controller\graphs\ThreadsStateOverTime.png
2017-12-19 23:03:23,321 INFO k.a.j.l.GraphsGeneratorListener: Successful generation of file graphs\ThreadsStateOverTime by plugin:ThreadsStateOverTime
2017-12-19 23:03:23,321 INFO k.a.j.PluginsCMDWorker: Using JMeterPluginsCMD v. N/A
2017-12-19 23:03:23,321 WARN k.a.j.JMeterPluginsUtils: JMeter env exists. No one should see this normally.
2017-12-19 23:03:23,362 INFO k.a.c.GraphPanelChart: Saving PNG to F:\Home\D\Учёба\7 семестр\СТП\fituportal\album_controller\graphs\TimesVsThreads.png
2017-12-19 23:03:23,489 INFO k.a.j.l.GraphsGeneratorListener: Successful generation of file graphs\TimesVsThreads by plugin:TimesVsThreads
2017-12-19 23:03:23,489 INFO k.a.j.PluginsCMDWorker: Using JMeterPluginsCMD v. N/A
2017-12-19 23:03:23,489 WARN k.a.j.JMeterPluginsUtils: JMeter env exists. No one should see this normally.
2017-12-19 23:03:23,511 INFO k.a.c.GraphPanelChart: Saving PNG to F:\Home\D\Учёба\7 семестр\СТП\fituportal\album_controller\graphs\ThroughputVsThreads.png
2017-12-19 23:03:23,736 INFO k.a.j.l.GraphsGeneratorListener: Successful generation of file graphs\ThroughputVsThreads by plugin:ThroughputVsThreads
2017-12-19 23:03:23,737 INFO o.a.j.g.u.JMeterMenuBar: setRunning(false, *local*)
2017-12-19 23:07:21,169 INFO o.a.j.e.StandardJMeterEngine: Running the test!
2017-12-19 23:07:21,170 INFO o.a.j.s.SampleEvent: List of sample_variables: []
2017-12-19 23:07:21,172 INFO o.a.j.g.u.JMeterMenuBar: setRunning(true, *local*)
2017-12-19 23:07:21,420 INFO o.a.j.e.StandardJMeterEngine: Starting ThreadGroup: 1 : Documentation of album_controller
2017-12-19 23:07:21,420 INFO o.a.j.e.StandardJMeterEngine: Starting 1 threads for group Documentation of album_controller.
2017-12-19 23:07:21,420 INFO o.a.j.e.StandardJMeterEngine: Thread will continue on error
2017-12-19 23:07:21,420 INFO o.a.j.t.ThreadGroup: Starting thread group... number=1 threads=1 ramp-up=1 perThread=1000.0 delayedStart=false
2017-12-19 23:07:21,421 INFO o.a.j.t.ThreadGroup: Started thread group number 1
2017-12-19 23:07:21,421 INFO o.a.j.e.StandardJMeterEngine: All thread groups have been started
2017-12-19 23:07:21,422 INFO o.a.j.t.JMeterThread: Thread started: Documentation of album_controller 1-1
2017-12-19 23:07:22,786 INFO o.a.j.t.JMeterThread: Thread is done: Documentation of album_controller 1-1
2017-12-19 23:07:22,786 INFO o.a.j.t.JMeterThread: Thread finished: Documentation of album_controller 1-1
2017-12-19 23:07:22,787 INFO o.a.j.e.StandardJMeterEngine: Notifying test listeners of end of test
2017-12-19 23:07:22,804 INFO k.a.j.PluginsCMDWorker: Using JMeterPluginsCMD v. N/A
2017-12-19 23:07:22,804 WARN k.a.j.JMeterPluginsUtils: JMeter env exists. No one should see this normally.
2017-12-19 23:07:22,840 INFO k.a.j.v.SynthesisReportGui: Saving CSV to F:\Home\D\Учёба\7 семестр\СТП\fituportal\album_controller\graphs\SynthesisReportGui.csv
2017-12-19 23:07:22,849 INFO k.a.j.l.GraphsGeneratorListener: Successful generation of file graphs\SynthesisReportGui by plugin:SynthesisReportGui
2017-12-19 23:07:22,850 INFO k.a.j.PluginsCMDWorker: Using JMeterPluginsCMD v. N/A
2017-12-19 23:07:22,850 WARN k.a.j.JMeterPluginsUtils: JMeter env exists. No one should see this normally.
2017-12-19 23:07:22,862 WARN o.a.j.g.ObjectTableModel: Header count=13 but classes count=11
2017-12-19 23:07:22,862 WARN o.a.j.g.ObjectTableModel: Header count=13 but writeFunctor count=11
2017-12-19 23:07:22,866 INFO k.a.j.v.AggregateReportGui: Saving CSV to F:\Home\D\Учёба\7 семестр\СТП\fituportal\album_controller\graphs\AggregateReportGui.csv
2017-12-19 23:07:22,873 INFO k.a.j.l.GraphsGeneratorListener: Successful generation of file graphs\AggregateReportGui by plugin:AggregateReportGui
2017-12-19 23:07:22,873 INFO k.a.j.PluginsCMDWorker: Using JMeterPluginsCMD v. N/A
2017-12-19 23:07:22,873 WARN k.a.j.JMeterPluginsUtils: JMeter env exists. No one should see this normally.
2017-12-19 23:07:22,892 INFO k.a.c.GraphPanelChart: Saving PNG to F:\Home\D\Учёба\7 семестр\СТП\fituportal\album_controller\graphs\ResponseTimesOverTime.png
2017-12-19 23:07:22,984 INFO k.a.j.l.GraphsGeneratorListener: Successful generation of file graphs\ResponseTimesOverTime by plugin:ResponseTimesOverTime
2017-12-19 23:07:22,984 INFO k.a.j.PluginsCMDWorker: Using JMeterPluginsCMD v. N/A
2017-12-19 23:07:22,984 WARN k.a.j.JMeterPluginsUtils: JMeter env exists. No one should see this normally.
2017-12-19 23:07:22,998 INFO k.a.c.GraphPanelChart: Saving PNG to F:\Home\D\Учёба\7 семестр\СТП\fituportal\album_controller\graphs\HitsPerSecond.png
2017-12-19 23:07:23,073 INFO k.a.j.l.GraphsGeneratorListener: Successful generation of file graphs\HitsPerSecond by plugin:HitsPerSecond
2017-12-19 23:07:23,074 INFO k.a.j.PluginsCMDWorker: Using JMeterPluginsCMD v. N/A
2017-12-19 23:07:23,074 WARN k.a.j.JMeterPluginsUtils: JMeter env exists. No one should see this normally.
2017-12-19 23:07:23,087 INFO k.a.c.GraphPanelChart: Saving PNG to F:\Home\D\Учёба\7 семестр\СТП\fituportal\album_controller\graphs\BytesThroughputOverTime.png
2017-12-19 23:07:23,169 INFO k.a.j.l.GraphsGeneratorListener: Successful generation of file graphs\BytesThroughputOverTime by plugin:BytesThroughputOverTime
2017-12-19 23:07:23,169 INFO k.a.j.PluginsCMDWorker: Using JMeterPluginsCMD v. N/A
2017-12-19 23:07:23,169 WARN k.a.j.JMeterPluginsUtils: JMeter env exists. No one should see this normally.
2017-12-19 23:07:23,183 INFO k.a.c.GraphPanelChart: Saving PNG to F:\Home\D\Учёба\7 семестр\СТП\fituportal\album_controller\graphs\LatenciesOverTime.png
2017-12-19 23:07:23,271 INFO k.a.j.l.GraphsGeneratorListener: Successful generation of file graphs\LatenciesOverTime by plugin:LatenciesOverTime
2017-12-19 23:07:23,271 INFO k.a.j.PluginsCMDWorker: Using JMeterPluginsCMD v. N/A
2017-12-19 23:07:23,271 WARN k.a.j.JMeterPluginsUtils: JMeter env exists. No one should see this normally.
2017-12-19 23:07:23,284 INFO k.a.c.GraphPanelChart: Saving PNG to F:\Home\D\Учёба\7 семестр\СТП\fituportal\album_controller\graphs\ResponseCodesPerSecond.png
2017-12-19 23:07:23,360 INFO k.a.j.l.GraphsGeneratorListener: Successful generation of file graphs\ResponseCodesPerSecond by plugin:ResponseCodesPerSecond
2017-12-19 23:07:23,360 INFO k.a.j.PluginsCMDWorker: Using JMeterPluginsCMD v. N/A
2017-12-19 23:07:23,360 WARN k.a.j.JMeterPluginsUtils: JMeter env exists. No one should see this normally.
2017-12-19 23:07:23,373 INFO k.a.c.GraphPanelChart: Saving PNG to F:\Home\D\Учёба\7 семестр\СТП\fituportal\album_controller\graphs\TransactionsPerSecond.png
2017-12-19 23:07:23,453 INFO k.a.j.l.GraphsGeneratorListener: Successful generation of file graphs\TransactionsPerSecond by plugin:TransactionsPerSecond
2017-12-19 23:07:23,453 INFO k.a.j.PluginsCMDWorker: Using JMeterPluginsCMD v. N/A
2017-12-19 23:07:23,453 WARN k.a.j.JMeterPluginsUtils: JMeter env exists. No one should see this normally.
2017-12-19 23:07:23,466 INFO k.a.c.GraphPanelChart: Saving PNG to F:\Home\D\Учёба\7 семестр\СТП\fituportal\album_controller\graphs\ResponseTimesDistribution.png
2017-12-19 23:07:23,545 INFO k.a.j.l.GraphsGeneratorListener: Successful generation of file graphs\ResponseTimesDistribution by plugin:ResponseTimesDistribution
2017-12-19 23:07:23,545 INFO k.a.j.PluginsCMDWorker: Using JMeterPluginsCMD v. N/A
2017-12-19 23:07:23,545 WARN k.a.j.JMeterPluginsUtils: JMeter env exists. No one should see this normally.
2017-12-19 23:07:23,563 INFO k.a.c.GraphPanelChart: Saving PNG to F:\Home\D\Учёба\7 семестр\СТП\fituportal\album_controller\graphs\ResponseTimesPercentiles.png
2017-12-19 23:07:23,687 INFO k.a.j.l.GraphsGeneratorListener: Successful generation of file graphs\ResponseTimesPercentiles by plugin:ResponseTimesPercentiles
2017-12-19 23:07:23,687 INFO k.a.j.PluginsCMDWorker: Using JMeterPluginsCMD v. N/A
2017-12-19 23:07:23,687 WARN k.a.j.JMeterPluginsUtils: JMeter env exists. No one should see this normally.
2017-12-19 23:07:23,699 INFO k.a.c.GraphPanelChart: Saving PNG to F:\Home\D\Учёба\7 семестр\СТП\fituportal\album_controller\graphs\ThreadsStateOverTime.png
2017-12-19 23:07:23,775 INFO k.a.j.l.GraphsGeneratorListener: Successful generation of file graphs\ThreadsStateOverTime by plugin:ThreadsStateOverTime
2017-12-19 23:07:23,775 INFO k.a.j.PluginsCMDWorker: Using JMeterPluginsCMD v. N/A
2017-12-19 23:07:23,775 WARN k.a.j.JMeterPluginsUtils: JMeter env exists. No one should see this normally.
2017-12-19 23:07:23,788 INFO k.a.c.GraphPanelChart: Saving PNG to F:\Home\D\Учёба\7 семестр\СТП\fituportal\album_controller\graphs\TimesVsThreads.png
2017-12-19 23:07:23,875 INFO k.a.j.l.GraphsGeneratorListener: Successful generation of file graphs\TimesVsThreads by plugin:TimesVsThreads
2017-12-19 23:07:23,875 INFO k.a.j.PluginsCMDWorker: Using JMeterPluginsCMD v. N/A
2017-12-19 23:07:23,875 WARN k.a.j.JMeterPluginsUtils: JMeter env exists. No one should see this normally.
2017-12-19 23:07:23,888 INFO k.a.c.GraphPanelChart: Saving PNG to F:\Home\D\Учёба\7 семестр\СТП\fituportal\album_controller\graphs\ThroughputVsThreads.png
2017-12-19 23:07:23,988 INFO k.a.j.l.GraphsGeneratorListener: Successful generation of file graphs\ThroughputVsThreads by plugin:ThroughputVsThreads
2017-12-19 23:07:23,988 INFO o.a.j.g.u.JMeterMenuBar: setRunning(false, *local*)
