2017-12-21 21:49:16,698 INFO o.a.j.u.JMeterUtils: Setting Locale to en
2017-12-21 21:49:16,708 INFO o.a.j.JMeter: Loading user properties from: C:\Program Files\Apache-JMeter\apache-jmeter-3.2\bin\user.properties
2017-12-21 21:49:16,708 INFO o.a.j.JMeter: Loading system properties from: C:\Program Files\Apache-JMeter\apache-jmeter-3.2\bin\system.properties
2017-12-21 21:49:16,712 INFO o.a.j.JMeter: Copyright (c) 1998-2017 The Apache Software Foundation
2017-12-21 21:49:16,712 INFO o.a.j.JMeter: Version 3.2 r1790748
2017-12-21 21:49:16,712 INFO o.a.j.JMeter: java.version=1.8.0_144
2017-12-21 21:49:16,712 INFO o.a.j.JMeter: java.vm.name=Java HotSpot(TM) 64-Bit Server VM
2017-12-21 21:49:16,712 INFO o.a.j.JMeter: os.name=Windows 10
2017-12-21 21:49:16,712 INFO o.a.j.JMeter: os.arch=amd64
2017-12-21 21:49:16,712 INFO o.a.j.JMeter: os.version=10.0
2017-12-21 21:49:16,712 INFO o.a.j.JMeter: file.encoding=UTF-8
2017-12-21 21:49:16,713 INFO o.a.j.JMeter: Max memory     =536870912
2017-12-21 21:49:16,713 INFO o.a.j.JMeter: Available Processors =8
2017-12-21 21:49:16,717 INFO o.a.j.JMeter: Default Locale=русский (Россия)
2017-12-21 21:49:16,717 INFO o.a.j.JMeter: JMeter  Locale=английский
2017-12-21 21:49:16,717 INFO o.a.j.JMeter: JMeterHome=C:\Program Files\Apache-JMeter\apache-jmeter-3.2
2017-12-21 21:49:16,717 INFO o.a.j.JMeter: user.dir  =F:\Home\D\Учёба\7 семестр\СТП\fituportal\article_controller
2017-12-21 21:49:16,717 INFO o.a.j.JMeter: PWD       =F:\Home\D\Учёба\7 семестр\СТП\fituportal\article_controller
2017-12-21 21:49:16,718 INFO o.a.j.JMeter: IP: 192.168.0.113 Name: DESKTOP-HJIGDH8 FullName: DESKTOP-HJIGDH8
2017-12-21 21:49:17,038 INFO o.a.j.g.a.LookAndFeelCommand: Using look and feel: javax.swing.plaf.metal.MetalLookAndFeel [Metal, CrossPlatform]
2017-12-21 21:49:17,041 INFO o.a.j.JMeter: Loaded icon properties from org/apache/jmeter/images/icon.properties
2017-12-21 21:49:17,640 INFO o.a.j.e.u.CompoundVariable: Note: Function class names must contain the string: '.functions.'
2017-12-21 21:49:17,641 INFO o.a.j.e.u.CompoundVariable: Note: Function class names must not contain the string: '.gui.'
2017-12-21 21:49:18,334 WARN o.j.r.PluginManagerMenuCreator: Was unable to install pmgr cmdline tool
java.nio.file.AccessDeniedException: C:\Program Files\Apache-JMeter\apache-jmeter-3.2\bin\PluginsManagerCMD.bat
	at sun.nio.fs.WindowsException.translateToIOException(Unknown Source) ~[?:1.8.0_144]
	at sun.nio.fs.WindowsException.rethrowAsIOException(Unknown Source) ~[?:1.8.0_144]
	at sun.nio.fs.WindowsException.rethrowAsIOException(Unknown Source) ~[?:1.8.0_144]
	at sun.nio.fs.WindowsFileSystemProvider.implDelete(Unknown Source) ~[?:1.8.0_144]
	at sun.nio.fs.AbstractFileSystemProvider.deleteIfExists(Unknown Source) ~[?:1.8.0_144]
	at java.nio.file.Files.deleteIfExists(Unknown Source) ~[?:1.8.0_144]
	at java.nio.file.Files.copy(Unknown Source) ~[?:1.8.0_144]
	at org.jmeterplugins.repository.PluginManagerCMDInstaller.writeOut(PluginManagerCMDInstaller.java:24) ~[jmeter-plugins-manager-0.13.jar:?]
	at org.jmeterplugins.repository.PluginManagerCMDInstaller.main(PluginManagerCMDInstaller.java:12) ~[jmeter-plugins-manager-0.13.jar:?]
	at org.jmeterplugins.repository.PluginManagerMenuCreator.getMenuItemsAtLocation(PluginManagerMenuCreator.java:16) [jmeter-plugins-manager-0.13.jar:?]
	at org.apache.jmeter.gui.util.JMeterMenuBar.addPluginsMenuItems(JMeterMenuBar.java:594) [ApacheJMeter_core.jar:3.2 r1790748]
	at org.apache.jmeter.gui.util.JMeterMenuBar.makeOptionsMenu(JMeterMenuBar.java:370) [ApacheJMeter_core.jar:3.2 r1790748]
	at org.apache.jmeter.gui.util.JMeterMenuBar.createMenuBar(JMeterMenuBar.java:268) [ApacheJMeter_core.jar:3.2 r1790748]
	at org.apache.jmeter.gui.util.JMeterMenuBar.<init>(JMeterMenuBar.java:164) [ApacheJMeter_core.jar:3.2 r1790748]
	at org.apache.jmeter.gui.MainFrame.init(MainFrame.java:510) [ApacheJMeter_core.jar:3.2 r1790748]
	at org.apache.jmeter.gui.MainFrame.<init>(MainFrame.java:240) [ApacheJMeter_core.jar:3.2 r1790748]
	at org.apache.jmeter.JMeter.startGui(JMeter.java:375) [ApacheJMeter_core.jar:3.2 r1790748]
	at org.apache.jmeter.JMeter.start(JMeter.java:519) [ApacheJMeter_core.jar:3.2 r1790748]
	at sun.reflect.NativeMethodAccessorImpl.invoke0(Native Method) ~[?:1.8.0_144]
	at sun.reflect.NativeMethodAccessorImpl.invoke(Unknown Source) ~[?:1.8.0_144]
	at sun.reflect.DelegatingMethodAccessorImpl.invoke(Unknown Source) ~[?:1.8.0_144]
	at java.lang.reflect.Method.invoke(Unknown Source) ~[?:1.8.0_144]
	at org.apache.jmeter.NewDriver.main(NewDriver.java:248) [ApacheJMeter.jar:3.2 r1790748]
2017-12-21 21:49:21,007 WARN o.j.r.Plugin: Unable to load class: com.atlantbh.jmeter.plugins.oauth.OAuthSampler
java.lang.NoClassDefFoundError: org/apache/jmeter/protocol/http/sampler/HTTPSampler2
	at java.lang.ClassLoader.defineClass1(Native Method) ~[?:1.8.0_144]
	at java.lang.ClassLoader.defineClass(Unknown Source) ~[?:1.8.0_144]
	at java.security.SecureClassLoader.defineClass(Unknown Source) ~[?:1.8.0_144]
	at java.net.URLClassLoader.defineClass(Unknown Source) ~[?:1.8.0_144]
	at java.net.URLClassLoader.access$100(Unknown Source) ~[?:1.8.0_144]
	at java.net.URLClassLoader$1.run(Unknown Source) ~[?:1.8.0_144]
	at java.net.URLClassLoader$1.run(Unknown Source) ~[?:1.8.0_144]
	at java.security.AccessController.doPrivileged(Native Method) ~[?:1.8.0_144]
	at java.net.URLClassLoader.findClass(Unknown Source) ~[?:1.8.0_144]
	at java.lang.ClassLoader.loadClass(Unknown Source) ~[?:1.8.0_144]
	at java.lang.ClassLoader.loadClass(Unknown Source) ~[?:1.8.0_144]
	at org.jmeterplugins.repository.Plugin.getJARPath(Plugin.java:181) [jmeter-plugins-manager-0.13.jar:?]
	at org.jmeterplugins.repository.Plugin.detectInstalledPlugin(Plugin.java:95) [jmeter-plugins-manager-0.13.jar:?]
	at org.jmeterplugins.repository.Plugin.detectInstalled(Plugin.java:84) [jmeter-plugins-manager-0.13.jar:?]
	at org.jmeterplugins.repository.PluginManager.load(PluginManager.java:61) [jmeter-plugins-manager-0.13.jar:?]
	at org.jmeterplugins.repository.PluginManagerMenuItem.<init>(PluginManagerMenuItem.java:28) [jmeter-plugins-manager-0.13.jar:?]
	at org.jmeterplugins.repository.PluginManagerMenuCreator.getMenuItemsAtLocation(PluginManagerMenuCreator.java:22) [jmeter-plugins-manager-0.13.jar:?]
	at org.apache.jmeter.gui.util.JMeterMenuBar.addPluginsMenuItems(JMeterMenuBar.java:594) [ApacheJMeter_core.jar:3.2 r1790748]
	at org.apache.jmeter.gui.util.JMeterMenuBar.makeOptionsMenu(JMeterMenuBar.java:370) [ApacheJMeter_core.jar:3.2 r1790748]
	at org.apache.jmeter.gui.util.JMeterMenuBar.createMenuBar(JMeterMenuBar.java:268) [ApacheJMeter_core.jar:3.2 r1790748]
	at org.apache.jmeter.gui.util.JMeterMenuBar.<init>(JMeterMenuBar.java:164) [ApacheJMeter_core.jar:3.2 r1790748]
	at org.apache.jmeter.gui.MainFrame.init(MainFrame.java:510) [ApacheJMeter_core.jar:3.2 r1790748]
	at org.apache.jmeter.gui.MainFrame.<init>(MainFrame.java:240) [ApacheJMeter_core.jar:3.2 r1790748]
	at org.apache.jmeter.JMeter.startGui(JMeter.java:375) [ApacheJMeter_core.jar:3.2 r1790748]
	at org.apache.jmeter.JMeter.start(JMeter.java:519) [ApacheJMeter_core.jar:3.2 r1790748]
	at sun.reflect.NativeMethodAccessorImpl.invoke0(Native Method) ~[?:1.8.0_144]
	at sun.reflect.NativeMethodAccessorImpl.invoke(Unknown Source) ~[?:1.8.0_144]
	at sun.reflect.DelegatingMethodAccessorImpl.invoke(Unknown Source) ~[?:1.8.0_144]
	at java.lang.reflect.Method.invoke(Unknown Source) ~[?:1.8.0_144]
	at org.apache.jmeter.NewDriver.main(NewDriver.java:248) [ApacheJMeter.jar:3.2 r1790748]
Caused by: java.lang.ClassNotFoundException: org.apache.jmeter.protocol.http.sampler.HTTPSampler2
	at java.net.URLClassLoader.findClass(Unknown Source) ~[?:1.8.0_144]
	at java.lang.ClassLoader.loadClass(Unknown Source) ~[?:1.8.0_144]
	at java.lang.ClassLoader.loadClass(Unknown Source) ~[?:1.8.0_144]
	... 30 more
2017-12-21 21:49:21,296 INFO o.j.r.PluginManager: Plugins Status: [jpgc-graphs-basic=2.0, jpgc-graphs-additional=2.0, jpgc-sense=3.0, jpgc-cmd=2.1, jpgc-graphs-composite=2.0, jpgc-csl=0.1, jpgc-functions=2.0, jpgc-casutg=2.1, jpgc-graphs-dist=2.0, jpgc-dummy=0.2, jpgc-filterresults=2.1, jpgc-ffw=2.0, jpgc-ggl=2.0, jpgc-sts=2.2, jpgc-fifo=0.2, jpgc-jms=0.2, jpgc-json=2.6, jpgc-graphs-vs=2.0, jpgc-mergeresults=2.1, jpgc-prmctl=0.3, jpgc-perfmon=2.1, jpgc-plugins-manager=0.13, jpgc-redis=0.2, jpgc-rotating-listener=0.1, jpgc-synthesis=2.1, jpgc-plancheck=2.2, jpgc-tst=2.1, jpgc-csvars=0.1, jpgc-wsc=0.2, jpgc-xml=0.1, jmeter-core=3.2, jmeter-ftp=3.2, jmeter-http=3.2, jmeter-jdbc=3.2, jmeter-jms=3.2, jmeter-junit=3.2, jmeter-java=3.2, jmeter-ldap=3.2, jmeter-mail=3.2, jmeter-mongodb=3.2, jmeter-native=3.2, jmeter-tcp=3.2, jmeter-components=3.2, jpgc-standard=2.0]
